Train data size: 80, Validation size: 0, Test size: 20

./BGL_Brain_results/BGL_60min_1_alarm_occurences_matrix_preprocessed_corr.csv

Data sample 0 - Start index: 0, End index: 843, Chunk size: 843

------------------------------------
--- Random Forest Classifier - TEST DATA - 0 ---

Size of test set: 168
Size of predicted set: 168

Number of estimators: 10
Randomize value: 55

Unique classes in TESTS\VALIDATION set: [0 1]
Unique classes in PREDICTED set: [0 1]

Accuracy: 0.7679
Recall: 0.75
AUC: 0.77
Mean Absolute Error (MAE): 0.23
R-squared: 0.03
              precision    recall  f1-score   support

           0       0.67      0.80      0.73        66
           1       0.85      0.75      0.80       102

    accuracy                           0.77       168
   macro avg       0.76      0.77      0.76       168
weighted avg       0.78      0.77      0.77       168

Caracteristiques les plus importantes:
Feature   Importance
     E1 1.563520e-01
   E168 1.113500e-01
   E139 7.794313e-02
   E329 5.691736e-02
   E413 5.545700e-02
   E258 5.241458e-02
   E174 5.043513e-02
   E190 3.434133e-02
   E370 2.904708e-02
   E118 2.072830e-02
   E137 2.064853e-02
   E184 2.046611e-02
   E456 1.988007e-02
   E183 1.987852e-02
   E340 1.925792e-02
   E212 1.838445e-02
   E216 1.768627e-02
   E442 1.666658e-02
   E339 1.501066e-02
   E242 1.204283e-02
   E213 1.145212e-02
   E452 1.117253e-02
   E353 1.087888e-02
   E200 1.046937e-02
   E352 1.024243e-02
   E384 9.574882e-03
    E17 9.490653e-03
   E133 9.106977e-03
    E12 8.441632e-03
   E114 8.309914e-03
   E221 6.684405e-03
    E15 5.589438e-03
   E186 5.316294e-03
   E116 4.327583e-03
   E131 4.264056e-03
   E245 4.143641e-03
   E136 4.108660e-03
     E8 3.831970e-03
   E115 3.561073e-03
   E105 3.335088e-03
   E400 3.214339e-03
    E18 2.995434e-03
   E318 2.913587e-03
   E122 2.743188e-03
   E321 2.736035e-03
    E10 2.503474e-03
   E421 2.346648e-03
   E468 1.939482e-03
   E268 1.708841e-03
   E445 1.441566e-03
   E403 1.231793e-03
   E218 9.688514e-04
   E156 7.542155e-04
   E134 5.005496e-04
   E217 4.881002e-04
   E433 3.980674e-04
   E382 2.636439e-04
    E14 2.499924e-04
   E388 1.879343e-04
   E211 1.390410e-04
   E241 1.229842e-04
   E275 1.214347e-04
   E287 1.211588e-04
   E135 1.181295e-04
   E297 1.106454e-04
   E276 7.891689e-05
   E288 6.455907e-05
   E269 6.317610e-05
   E286 6.298294e-05
   E271 5.962627e-05
   E266 5.035168e-05
   E298 4.254571e-05
   E273 1.402525e-05
   E285 1.248544e-05
   E267 8.382763e-06
   E277 2.963669e-06
   E262 2.407470e-06
   E274 1.848542e-06
   E270 1.601094e-06
   E281 1.579830e-06
   E272 1.116470e-06
   E386 1.087803e-06
   E264 5.688002e-07
   E265 4.492202e-07
   E263 3.390561e-07
   E278 2.794241e-07
   E261 1.809457e-07
   E226 0.000000e+00
   E195 0.000000e+00
   E123 0.000000e+00
   E250 0.000000e+00
   E252 0.000000e+00
   E251 0.000000e+00
   E164 0.000000e+00
   E165 0.000000e+00
   E163 0.000000e+00
   E279 0.000000e+00
    E40 0.000000e+00
    E39 0.000000e+00
    E38 0.000000e+00
    E36 0.000000e+00
    E35 0.000000e+00
    E34 0.000000e+00
   E327 0.000000e+00
   E328 0.000000e+00
    E31 0.000000e+00
   E302 0.000000e+00
   E295 0.000000e+00
    E45 0.000000e+00
    E47 0.000000e+00
   E486 0.000000e+00
    E49 0.000000e+00
    E46 0.000000e+00
    E50 0.000000e+00
   E508 0.000000e+00
    E55 0.000000e+00
    E52 0.000000e+00
    E63 0.000000e+00
    E70 0.000000e+00
    E77 0.000000e+00
    E57 0.000000e+00
    E78 0.000000e+00
    E79 0.000000e+00
    E81 0.000000e+00
    E83 0.000000e+00
    E87 0.000000e+00
    E88 0.000000e+00
    E93 0.000000e+00
    E97 0.000000e+00
------------------------------------

