Train data size: 80, Validation size: 0, Test size: 20

./BGL_Brain_results/BGL_5min_1_alarm_occurences_matrix_preprocessed.csv

Data sample 0 - Start index: 0, End index: 1448, Chunk size: 1448

------------------------------------
--- Random Forest Classifier - TEST DATA - 0 ---

Size of test set: 289
Size of predicted set: 289

Number of estimators: 10
Randomize value: 55

Unique classes in TESTS\VALIDATION set: [0 1]
Unique classes in PREDICTED set: [0 1]

Accuracy: 0.6747
Recall: 0.94
AUC: 0.73
Mean Absolute Error (MAE): 0.33
R-squared: -0.39
              precision    recall  f1-score   support

           0       0.93      0.52      0.67       181
           1       0.54      0.94      0.68       108

    accuracy                           0.67       289
   macro avg       0.73      0.73      0.67       289
weighted avg       0.78      0.67      0.67       289

Caracteristiques les plus importantes:
Feature   Importance
   E120 8.657999e-02
   E371 5.389530e-02
   E190 4.314797e-02
   E118 3.866741e-02
   E419 3.222238e-02
     E5 3.025882e-02
   E229 2.831109e-02
   E183 2.562427e-02
   E167 2.469518e-02
   E374 2.466734e-02
   E102 2.250607e-02
   E198 2.211313e-02
   E184 2.208790e-02
   E370 2.194877e-02
   E141 2.153117e-02
     E1 2.150929e-02
   E103 2.044587e-02
   E242 1.954591e-02
   E340 1.792642e-02
   E137 1.752495e-02
   E372 1.709009e-02
   E332 1.572614e-02
   E216 1.535965e-02
   E384 1.520765e-02
   E339 1.480031e-02
   E200 1.478901e-02
   E142 1.468751e-02
   E306 1.454479e-02
   E330 1.452363e-02
   E352 1.428403e-02
    E17 1.390381e-02
   E213 1.357949e-02
   E353 1.351786e-02
   E140 1.225847e-02
   E174 1.222267e-02
   E413 1.151780e-02
    E12 1.139547e-02
   E346 9.747815e-03
   E114 9.454574e-03
   E485 7.899049e-03
   E260 6.901940e-03
   E456 6.778349e-03
   E442 6.692762e-03
   E452 6.616026e-03
   E115 5.508060e-03
   E172 5.481432e-03
   E487 5.414205e-03
   E133 4.878166e-03
   E462 4.816153e-03
   E186 4.509324e-03
   E386 4.462446e-03
   E149 3.421725e-03
   E451 3.372357e-03
   E136 3.002252e-03
   E321 2.764487e-03
   E482 2.600319e-03
    E18 2.493199e-03
   E507 2.391814e-03
   E388 2.362329e-03
   E382 2.298484e-03
   E400 2.225603e-03
   E290 2.132227e-03
   E122 1.947109e-03
   E288 1.866333e-03
   E307 1.833824e-03
   E296 1.789920e-03
   E245 1.715809e-03
   E116 1.712591e-03
   E207 1.516726e-03
   E412 1.462263e-03
    E15 1.457987e-03
   E490 1.444175e-03
   E188 1.410848e-03
   E383 1.377109e-03
   E380 1.355203e-03
   E354 1.342615e-03
   E221 1.127609e-03
   E491 9.979173e-04
   E294 9.445237e-04
   E488 9.285360e-04
   E385 9.258243e-04
   E129 9.103907e-04
   E421 8.605017e-04
   E211 8.510790e-04
     E9 8.344899e-04
     E6 8.201272e-04
   E318 7.844548e-04
   E470 7.797234e-04
   E244 7.307061e-04
   E314 7.098436e-04
   E338 6.866995e-04
   E112 6.761054e-04
   E150 6.717278e-04
   E489 6.679928e-04
    E10 5.786663e-04
   E180 5.734328e-04
   E313 5.706382e-04
   E280 5.366426e-04
   E268 5.260622e-04
   E208 5.133496e-04
   E175 3.719918e-04
   E241 3.556368e-04
   E291 3.504157e-04
   E156 3.418806e-04
   E364 3.250550e-04
   E292 3.234149e-04
   E131 2.896216e-04
   E147 2.442003e-04
   E202 2.418900e-04
   E309 2.347264e-04
   E468 2.273527e-04
   E403 2.084093e-04
   E203 2.036570e-04
   E396 2.025026e-04
   E336 2.013547e-04
   E284 1.825000e-04
   E377 1.793310e-04
   E379 1.755575e-04
   E433 1.742580e-04
   E218 1.623587e-04
   E178 1.614848e-04
   E430 1.528907e-04
   E237 1.515332e-04
   E308 1.475719e-04
     E7 1.401710e-04
   E378 1.308339e-04
   E217 1.285672e-04
   E350 1.122273e-04
   E134 9.533883e-05
   E475 8.707195e-05
   E497 7.640435e-05
   E264 7.618380e-05
   E484 5.064936e-05
   E135 5.020981e-05
   E464 4.747476e-05
   E445 3.551562e-05
   E334 3.479698e-05
   E432 1.356147e-05
   E446 1.306121e-05
   E399 8.271282e-06
   E471 6.935871e-06
   E265 4.363046e-07
   E283 1.302371e-07
   E441 9.079139e-08
   E176 8.338106e-08
    E14 6.739468e-08
   E337 5.194775e-08
   E106 1.109799e-08
   E107 9.470596e-09
   E263 8.329979e-09
   E297 2.464910e-09
   E287 2.406234e-09
   E266 9.325622e-10
   E275 9.230463e-10
   E285 9.136753e-10
    E79 0.000000e+00
    E80 0.000000e+00
     E8 0.000000e+00
    E86 0.000000e+00
    E87 0.000000e+00
    E88 0.000000e+00
    E81 0.000000e+00
    E82 0.000000e+00
    E83 0.000000e+00
    E84 0.000000e+00
    E85 0.000000e+00
    E67 0.000000e+00
    E66 0.000000e+00
    E65 0.000000e+00
    E68 0.000000e+00
    E72 0.000000e+00
    E73 0.000000e+00
    E70 0.000000e+00
    E69 0.000000e+00
    E75 0.000000e+00
    E76 0.000000e+00
    E29 0.000000e+00
    E77 0.000000e+00
   E295 0.000000e+00
   E298 0.000000e+00
    E74 0.000000e+00
    E71 0.000000e+00
   E301 0.000000e+00
   E302 0.000000e+00
    E31 0.000000e+00
   E310 0.000000e+00
   E311 0.000000e+00
    E32 0.000000e+00
   E322 0.000000e+00
   E323 0.000000e+00
   E324 0.000000e+00
   E325 0.000000e+00
   E327 0.000000e+00
   E328 0.000000e+00
    E21 0.000000e+00
    E22 0.000000e+00
    E30 0.000000e+00
   E300 0.000000e+00
   E223 0.000000e+00
   E222 0.000000e+00
   E226 0.000000e+00
   E224 0.000000e+00
    E23 0.000000e+00
   E234 0.000000e+00
    E33 0.000000e+00
   E225 0.000000e+00
    E34 0.000000e+00
   E342 0.000000e+00
   E343 0.000000e+00
    E35 0.000000e+00
   E351 0.000000e+00
   E356 0.000000e+00
   E357 0.000000e+00
   E335 0.000000e+00
   E358 0.000000e+00
    E36 0.000000e+00
   E362 0.000000e+00
   E361 0.000000e+00
    E37 0.000000e+00
   E191 0.000000e+00
   E192 0.000000e+00
   E363 0.000000e+00
   E193 0.000000e+00
   E194 0.000000e+00
    E20 0.000000e+00
    E63 0.000000e+00
    E64 0.000000e+00
   E105 0.000000e+00
   E108 0.000000e+00
   E109 0.000000e+00
   E274 0.000000e+00
   E273 0.000000e+00
   E204 0.000000e+00
   E201 0.000000e+00
   E195 0.000000e+00
   E279 0.000000e+00
   E278 0.000000e+00
    E28 0.000000e+00
   E282 0.000000e+00
   E286 0.000000e+00
   E205 0.000000e+00
   E165 0.000000e+00
   E177 0.000000e+00
    E19 0.000000e+00
   E281 0.000000e+00
   E276 0.000000e+00
    E38 0.000000e+00
    E39 0.000000e+00
   E391 0.000000e+00
   E392 0.000000e+00
   E393 0.000000e+00
   E394 0.000000e+00
   E395 0.000000e+00
   E397 0.000000e+00
   E398 0.000000e+00
    E40 0.000000e+00
   E405 0.000000e+00
   E406 0.000000e+00
   E408 0.000000e+00
   E409 0.000000e+00
   E373 0.000000e+00
   E277 0.000000e+00
   E251 0.000000e+00
    E41 0.000000e+00
   E252 0.000000e+00
    E26 0.000000e+00
   E262 0.000000e+00
   E261 0.000000e+00
   E267 0.000000e+00
   E269 0.000000e+00
    E27 0.000000e+00
   E270 0.000000e+00
   E271 0.000000e+00
   E272 0.000000e+00
   E410 0.000000e+00
   E411 0.000000e+00
   E416 0.000000e+00
   E417 0.000000e+00
    E42 0.000000e+00
   E425 0.000000e+00
   E426 0.000000e+00
   E427 0.000000e+00
   E429 0.000000e+00
    E43 0.000000e+00
   E437 0.000000e+00
   E438 0.000000e+00
   E439 0.000000e+00
    E44 0.000000e+00
    E45 0.000000e+00
    E46 0.000000e+00
   E144 0.000000e+00
   E145 0.000000e+00
   E146 0.000000e+00
   E376 0.000000e+00
   E159 0.000000e+00
    E16 0.000000e+00
   E161 0.000000e+00
   E160 0.000000e+00
   E163 0.000000e+00
   E164 0.000000e+00
    E47 0.000000e+00
   E162 0.000000e+00
    E48 0.000000e+00
   E486 0.000000e+00
    E49 0.000000e+00
   E496 0.000000e+00
   E499 0.000000e+00
    E50 0.000000e+00
   E500 0.000000e+00
   E472 0.000000e+00
   E503 0.000000e+00
   E505 0.000000e+00
   E508 0.000000e+00
    E51 0.000000e+00
   E511 0.000000e+00
   E512 0.000000e+00
   E513 0.000000e+00
   E123 0.000000e+00
   E124 0.000000e+00
   E125 0.000000e+00
   E126 0.000000e+00
   E127 0.000000e+00
    E89 0.000000e+00
    E90 0.000000e+00
    E91 0.000000e+00
   E501 0.000000e+00
    E92 0.000000e+00
   E235 0.000000e+00
   E238 0.000000e+00
   E236 0.000000e+00
    E24 0.000000e+00
   E247 0.000000e+00
   E248 0.000000e+00
   E239 0.000000e+00
   E249 0.000000e+00
    E25 0.000000e+00
   E250 0.000000e+00
   E515 0.000000e+00
   E517 0.000000e+00
   E518 0.000000e+00
    E52 0.000000e+00
    E53 0.000000e+00
    E54 0.000000e+00
    E55 0.000000e+00
    E56 0.000000e+00
    E57 0.000000e+00
    E58 0.000000e+00
    E59 0.000000e+00
    E60 0.000000e+00
    E61 0.000000e+00
    E62 0.000000e+00
    E78 0.000000e+00
    E93 0.000000e+00
    E94 0.000000e+00
    E95 0.000000e+00
    E96 0.000000e+00
    E97 0.000000e+00
    E99 0.000000e+00
------------------------------------

