Train data size: 80, Validation size: 0, Test size: 20

./BGL_Brain_results/BGL_5min_1_alarm_occurences_matrix_preprocessed_corr.csv

Data sample 0 - Start index: 0, End index: 1448, Chunk size: 1448

------------------------------------
--- Random Forest Classifier - TEST DATA - 0 ---

Size of test set: 289
Size of predicted set: 289

Number of estimators: 10
Randomize value: 55

Unique classes in TESTS\VALIDATION set: [0 1]
Unique classes in PREDICTED set: [0 1]

Accuracy: 0.7751
Recall: 0.78
AUC: 0.78
Mean Absolute Error (MAE): 0.22
R-squared: 0.10
              precision    recall  f1-score   support

           0       0.78      0.77      0.77       144
           1       0.77      0.78      0.78       145

    accuracy                           0.78       289
   macro avg       0.78      0.78      0.78       289
weighted avg       0.78      0.78      0.78       289

Caracteristiques les plus importantes:
Feature   Importance
   E345 8.989551e-02
   E329 8.003131e-02
   E139 7.183318e-02
   E413 5.327894e-02
     E1 4.896546e-02
   E174 4.400586e-02
   E168 3.714358e-02
   E190 2.733937e-02
   E169 2.295152e-02
   E184 2.251528e-02
   E257 2.212696e-02
   E331 2.083306e-02
   E118 2.076052e-02
   E212 2.060310e-02
     E2 1.874170e-02
   E104 1.852187e-02
   E171 1.780707e-02
   E258 1.765073e-02
   E183 1.679131e-02
   E384 1.670011e-02
   E170 1.620496e-02
   E370 1.580545e-02
   E242 1.566411e-02
   E456 1.476556e-02
   E340 1.355849e-02
   E352 1.349622e-02
   E137 1.338325e-02
   E216 1.216321e-02
   E339 1.209994e-02
   E213 1.179714e-02
   E452 1.131330e-02
    E17 1.090065e-02
   E353 1.065747e-02
   E200 1.065693e-02
    E12 9.372248e-03
   E114 8.238588e-03
   E442 7.766196e-03
   E245 7.006448e-03
   E221 6.476734e-03
   E462 6.211285e-03
    E15 6.167218e-03
   E133 6.067587e-03
   E321 4.967051e-03
   E136 4.963786e-03
   E115 4.896994e-03
   E386 4.388601e-03
   E149 4.254582e-03
   E186 3.887518e-03
   E116 3.748552e-03
   E290 3.280379e-03
   E105 2.644448e-03
   E122 2.344129e-03
   E211 2.321793e-03
   E388 2.302214e-03
   E318 2.100049e-03
   E488 2.064709e-03
   E382 2.051786e-03
    E18 1.995155e-03
   E400 1.748117e-03
   E313 1.620764e-03
    E10 1.602085e-03
   E288 1.590335e-03
   E445 1.545914e-03
     E8 1.339063e-03
   E421 1.321189e-03
   E354 1.150855e-03
   E150 1.028451e-03
   E131 9.404185e-04
   E112 8.731536e-04
   E218 8.683248e-04
   E268 7.956295e-04
   E433 7.688532e-04
   E403 5.106571e-04
   E156 5.056729e-04
   E244 4.874924e-04
   E241 2.403741e-04
   E217 1.252145e-04
   E134 1.030879e-04
   E264 8.987416e-05
   E468 8.215034e-05
   E273 6.078997e-05
    E14 3.536825e-05
   E287 3.465490e-05
   E269 9.842552e-06
   E286 9.621789e-06
   E285 6.682104e-06
   E267 4.625606e-06
   E298 3.660511e-06
   E297 3.168400e-06
   E276 3.135091e-06
   E266 1.857177e-06
   E263 1.506413e-06
   E275 7.945982e-07
   E261 7.814153e-07
   E277 7.527270e-07
   E265 7.305087e-07
   E271 7.085874e-07
   E270 5.100257e-07
   E278 4.671769e-07
   E272 4.450354e-07
   E274 4.400268e-07
   E281 2.874891e-07
   E262 2.671925e-07
   E135 7.057341e-08
   E123 0.000000e+00
   E295 0.000000e+00
   E279 0.000000e+00
   E252 0.000000e+00
   E226 0.000000e+00
   E165 0.000000e+00
   E163 0.000000e+00
   E164 0.000000e+00
   E250 0.000000e+00
   E251 0.000000e+00
   E195 0.000000e+00
    E19 0.000000e+00
   E302 0.000000e+00
    E40 0.000000e+00
   E395 0.000000e+00
    E39 0.000000e+00
    E38 0.000000e+00
    E36 0.000000e+00
   E328 0.000000e+00
    E34 0.000000e+00
    E35 0.000000e+00
   E327 0.000000e+00
    E31 0.000000e+00
    E46 0.000000e+00
    E45 0.000000e+00
   E486 0.000000e+00
    E49 0.000000e+00
    E50 0.000000e+00
    E47 0.000000e+00
   E508 0.000000e+00
    E52 0.000000e+00
    E57 0.000000e+00
    E55 0.000000e+00
    E70 0.000000e+00
    E77 0.000000e+00
    E78 0.000000e+00
    E63 0.000000e+00
    E79 0.000000e+00
    E81 0.000000e+00
    E82 0.000000e+00
    E83 0.000000e+00
    E87 0.000000e+00
    E88 0.000000e+00
    E93 0.000000e+00
    E97 0.000000e+00
------------------------------------

