Train data size: 80, Validation size: 0, Test size: 20

./BGL_Brain_results/KERNDTLB_ALL_3000_alarm_occurences_matrix_FixWindow_dedup.csv

Data sample 0 - Start index: 0, End index: 145, Chunk size: 145

------------------------------------
--- Random Forest Classifier - TEST DATA - 0 ---

Size of test set: 29
Size of predicted set: 29

Number of estimators: 10
Randomize value: 55

Unique classes in TESTS\VALIDATION set: [0 1]
Unique classes in PREDICTED set: [0 1]

Accuracy: 0.9655
Recall: 0.89
AUC: 0.94
Mean Absolute Error (MAE): 0.03
R-squared: 0.84
              precision    recall  f1-score   support

           0       0.95      1.00      0.98        20
           1       1.00      0.89      0.94         9

    accuracy                           0.97        29
   macro avg       0.98      0.94      0.96        29
weighted avg       0.97      0.97      0.96        29

Caracteristiques les plus importantes:
Feature  Importance
   E255    0.081158
   E348    0.070284
   E232    0.065910
   E347    0.057626
   E306    0.057141
   E332    0.056592
   E256    0.054644
   E199    0.044736
     E4    0.039918
   E345    0.039369
   E257    0.036288
   E374    0.035813
   E169    0.035748
   E171    0.035418
   E331    0.033727
   E168    0.029462
   E231    0.027859
   E172    0.026568
   E349    0.026413
   E359    0.019124
   E170    0.018955
   E375    0.018743
     E2    0.017689
   E280    0.015509
   E259    0.012997
   E104    0.011092
   E258    0.010504
     E3    0.009551
   E230    0.009121
   E103    0.000473
   E198    0.000366
   E102    0.000339
   E330    0.000316
   E142    0.000269
   E141    0.000142
   E167    0.000057
     E1    0.000036
   E133    0.000026
   E487    0.000014
   E229    0.000006
   E125    0.000000
   E123    0.000000
   E124    0.000000
   E126    0.000000
   E159    0.000000
    E16    0.000000
   E127    0.000000
    E21    0.000000
    E20    0.000000
   E193    0.000000
   E194    0.000000
   E192    0.000000
   E191    0.000000
   E161    0.000000
   E160    0.000000
    E24    0.000000
   E249    0.000000
    E22    0.000000
   E222    0.000000
   E224    0.000000
   E223    0.000000
   E225    0.000000
    E23    0.000000
   E342    0.000000
   E323    0.000000
   E324    0.000000
    E33    0.000000
   E322    0.000000
   E260    0.000000
    E30    0.000000
   E301    0.000000
    E28    0.000000
   E356    0.000000
   E357    0.000000
   E358    0.000000
   E373    0.000000
   E391    0.000000
   E354    0.000000
   E343    0.000000
   E393    0.000000
   E392    0.000000
   E406    0.000000
   E405    0.000000
   E426    0.000000
   E427    0.000000
   E437    0.000000
   E425    0.000000
   E438    0.000000
   E439    0.000000
   E456    0.000000
   E452    0.000000
   E485    0.000000
   E499    0.000000
   E500    0.000000
   E501    0.000000
------------------------------------

------------------------------------
--- Random Forest Classifier - TRAIN DATA - 0 ---

Size of test set: 116
Size of predicted set: 116

Number of estimators: 10
Randomize value: 55

Unique classes in TESTS\VALIDATION set: [0 1]
Unique classes in PREDICTED set: [0 1]

Accuracy: 1.0000
Recall: 1.00
AUC: 1.00
Mean Absolute Error (MAE): 0.00
R-squared: 1.00
              precision    recall  f1-score   support

           0       1.00      1.00      1.00        31
           1       1.00      1.00      1.00        85

    accuracy                           1.00       116
   macro avg       1.00      1.00      1.00       116
weighted avg       1.00      1.00      1.00       116

Caracteristiques les plus importantes:
Feature  Importance
   E255    0.081158
   E348    0.070284
   E232    0.065910
   E347    0.057626
   E306    0.057141
   E332    0.056592
   E256    0.054644
   E199    0.044736
     E4    0.039918
   E345    0.039369
   E257    0.036288
   E374    0.035813
   E169    0.035748
   E171    0.035418
   E331    0.033727
   E168    0.029462
   E231    0.027859
   E172    0.026568
   E349    0.026413
   E359    0.019124
   E170    0.018955
   E375    0.018743
     E2    0.017689
   E280    0.015509
   E259    0.012997
   E104    0.011092
   E258    0.010504
     E3    0.009551
   E230    0.009121
   E103    0.000473
   E198    0.000366
   E102    0.000339
   E330    0.000316
   E142    0.000269
   E141    0.000142
   E167    0.000057
     E1    0.000036
   E133    0.000026
   E487    0.000014
   E229    0.000006
   E125    0.000000
   E123    0.000000
   E124    0.000000
   E126    0.000000
   E159    0.000000
    E16    0.000000
   E127    0.000000
    E21    0.000000
    E20    0.000000
   E193    0.000000
   E194    0.000000
   E192    0.000000
   E191    0.000000
   E161    0.000000
   E160    0.000000
    E24    0.000000
   E249    0.000000
    E22    0.000000
   E222    0.000000
   E224    0.000000
   E223    0.000000
   E225    0.000000
    E23    0.000000
   E342    0.000000
   E323    0.000000
   E324    0.000000
    E33    0.000000
   E322    0.000000
   E260    0.000000
    E30    0.000000
   E301    0.000000
    E28    0.000000
   E356    0.000000
   E357    0.000000
   E358    0.000000
   E373    0.000000
   E391    0.000000
   E354    0.000000
   E343    0.000000
   E393    0.000000
   E392    0.000000
   E406    0.000000
   E405    0.000000
   E426    0.000000
   E427    0.000000
   E437    0.000000
   E425    0.000000
   E438    0.000000
   E439    0.000000
   E456    0.000000
   E452    0.000000
   E485    0.000000
   E499    0.000000
   E500    0.000000
   E501    0.000000
------------------------------------

