Train data size: 80, Validation size: 0, Test size: 20

./BGL_Brain_results/KERNDTLB_ALL_2000_alarm_occurences_matrix_FixWindow_dedup.csv

Data sample 0 - Start index: 0, End index: 181, Chunk size: 181

------------------------------------
--- Linear Regression Classifier - TEST DATA ---

Size of test set: 36
Size of predicted set: 36

Number of estimators: -1
Randomize value: 55

Unique classes in TESTS\VALIDATION set: [0 1]
Unique classes in PREDICTED set: [0 1]

Accuracy: 0.8611
Recall: 0.38
AUC: 0.69
Mean Absolute Error (MAE): 0.14
R-squared: 0.20
              precision    recall  f1-score   support

           0       0.85      1.00      0.92        28
           1       1.00      0.38      0.55         8

    accuracy                           0.86        36
   macro avg       0.92      0.69      0.73        36
weighted avg       0.88      0.86      0.84        36

Feature 0 (E1): Coefficient = -0.0011
Feature 1 (E102): Coefficient = -0.0011
Feature 2 (E103): Coefficient = -0.0011
Feature 3 (E104): Coefficient = 0.1084
Feature 4 (E123): Coefficient = 0.0000
Feature 5 (E124): Coefficient = 0.0000
Feature 6 (E125): Coefficient = 0.0000
Feature 7 (E126): Coefficient = 0.0000
Feature 8 (E127): Coefficient = 0.0000
Feature 9 (E133): Coefficient = 0.0006
Feature 10 (E141): Coefficient = -0.0011
Feature 11 (E142): Coefficient = -0.0011
Feature 12 (E159): Coefficient = 0.0000
Feature 13 (E16): Coefficient = 0.0000
Feature 14 (E160): Coefficient = 0.0000
Feature 15 (E161): Coefficient = 0.0000
Feature 16 (E167): Coefficient = -0.0011
Feature 17 (E168): Coefficient = 0.1084
Feature 18 (E169): Coefficient = 0.1084
Feature 19 (E170): Coefficient = 0.1084
Feature 20 (E171): Coefficient = 0.1084
Feature 21 (E172): Coefficient = 0.1084
Feature 22 (E191): Coefficient = 0.0000
Feature 23 (E192): Coefficient = 0.0000
Feature 24 (E193): Coefficient = 0.0000
Feature 25 (E194): Coefficient = 0.0000
Feature 26 (E198): Coefficient = -0.0011
Feature 27 (E199): Coefficient = 0.1084
Feature 28 (E2): Coefficient = 0.1084
Feature 29 (E20): Coefficient = 0.0000
Feature 30 (E21): Coefficient = 0.0000
Feature 31 (E22): Coefficient = 0.0000
Feature 32 (E222): Coefficient = 0.0000
Feature 33 (E223): Coefficient = 0.0000
Feature 34 (E224): Coefficient = 0.0000
Feature 35 (E225): Coefficient = 0.0000
Feature 36 (E229): Coefficient = -0.0011
Feature 37 (E23): Coefficient = 0.0000
Feature 38 (E230): Coefficient = 0.2167
Feature 39 (E231): Coefficient = 0.1084
Feature 40 (E232): Coefficient = 0.1084
Feature 41 (E24): Coefficient = 0.0000
Feature 42 (E249): Coefficient = 0.0000
Feature 43 (E255): Coefficient = -0.0170
Feature 44 (E256): Coefficient = 0.1057
Feature 45 (E257): Coefficient = 0.1084
Feature 46 (E258): Coefficient = 0.1084
Feature 47 (E259): Coefficient = 0.6912
Feature 48 (E260): Coefficient = 0.0116
Feature 49 (E28): Coefficient = 0.0000
Feature 50 (E280): Coefficient = 0.1704
Feature 51 (E3): Coefficient = 0.1084
Feature 52 (E30): Coefficient = 0.0000
Feature 53 (E301): Coefficient = 0.0000
Feature 54 (E306): Coefficient = 0.1084
Feature 55 (E322): Coefficient = 0.0000
Feature 56 (E323): Coefficient = 0.0000
Feature 57 (E324): Coefficient = 0.0000
Feature 58 (E33): Coefficient = 0.0000
Feature 59 (E330): Coefficient = -0.0011
Feature 60 (E331): Coefficient = 0.1084
Feature 61 (E332): Coefficient = 0.1084
Feature 62 (E342): Coefficient = 0.0000
Feature 63 (E343): Coefficient = 0.0000
Feature 64 (E345): Coefficient = 0.0018
Feature 65 (E347): Coefficient = 0.2167
Feature 66 (E348): Coefficient = 0.0019
Feature 67 (E349): Coefficient = 0.1095
Feature 68 (E354): Coefficient = 0.0000
Feature 69 (E356): Coefficient = 0.0000
Feature 70 (E357): Coefficient = 0.0000
Feature 71 (E358): Coefficient = 0.0000
Feature 72 (E359): Coefficient = 0.1084
Feature 73 (E373): Coefficient = 0.0000
Feature 74 (E374): Coefficient = 0.1084
Feature 75 (E375): Coefficient = 0.1084
Feature 76 (E391): Coefficient = 0.0000
Feature 77 (E392): Coefficient = 0.0000
Feature 78 (E393): Coefficient = 0.0000
Feature 79 (E4): Coefficient = 0.1084
Feature 80 (E405): Coefficient = 0.0000
Feature 81 (E406): Coefficient = 0.0000
Feature 82 (E425): Coefficient = 0.0000
Feature 83 (E426): Coefficient = 0.0000
Feature 84 (E427): Coefficient = 0.0000
Feature 85 (E437): Coefficient = 0.0000
Feature 86 (E438): Coefficient = 0.0000
Feature 87 (E439): Coefficient = 0.0000
Feature 88 (E452): Coefficient = 0.0000
Feature 89 (E456): Coefficient = 0.0000
Feature 90 (E485): Coefficient = 0.0000
Feature 91 (E487): Coefficient = 0.0024
Feature 92 (E499): Coefficient = 0.0000
Feature 93 (E500): Coefficient = 0.0000
Feature 94 (E501): Coefficient = 0.0000
------------------------------------

------------------------------------
--- Linear Regression Classifier - TRAIN DATA ---

Size of test set: 144
Size of predicted set: 144

Number of estimators: -1
Randomize value: 55

Unique classes in TESTS\VALIDATION set: [0 1]
Unique classes in PREDICTED set: [0 1]

Accuracy: 1.0000
Recall: 1.00
AUC: 1.00
Mean Absolute Error (MAE): 0.00
R-squared: 1.00
              precision    recall  f1-score   support

           0       1.00      1.00      1.00        57
           1       1.00      1.00      1.00        87

    accuracy                           1.00       144
   macro avg       1.00      1.00      1.00       144
weighted avg       1.00      1.00      1.00       144

Feature 0 (E1): Coefficient = -0.0011
Feature 1 (E102): Coefficient = -0.0011
Feature 2 (E103): Coefficient = -0.0011
Feature 3 (E104): Coefficient = 0.1084
Feature 4 (E123): Coefficient = 0.0000
Feature 5 (E124): Coefficient = 0.0000
Feature 6 (E125): Coefficient = 0.0000
Feature 7 (E126): Coefficient = 0.0000
Feature 8 (E127): Coefficient = 0.0000
Feature 9 (E133): Coefficient = 0.0006
Feature 10 (E141): Coefficient = -0.0011
Feature 11 (E142): Coefficient = -0.0011
Feature 12 (E159): Coefficient = 0.0000
Feature 13 (E16): Coefficient = 0.0000
Feature 14 (E160): Coefficient = 0.0000
Feature 15 (E161): Coefficient = 0.0000
Feature 16 (E167): Coefficient = -0.0011
Feature 17 (E168): Coefficient = 0.1084
Feature 18 (E169): Coefficient = 0.1084
Feature 19 (E170): Coefficient = 0.1084
Feature 20 (E171): Coefficient = 0.1084
Feature 21 (E172): Coefficient = 0.1084
Feature 22 (E191): Coefficient = 0.0000
Feature 23 (E192): Coefficient = 0.0000
Feature 24 (E193): Coefficient = 0.0000
Feature 25 (E194): Coefficient = 0.0000
Feature 26 (E198): Coefficient = -0.0011
Feature 27 (E199): Coefficient = 0.1084
Feature 28 (E2): Coefficient = 0.1084
Feature 29 (E20): Coefficient = 0.0000
Feature 30 (E21): Coefficient = 0.0000
Feature 31 (E22): Coefficient = 0.0000
Feature 32 (E222): Coefficient = 0.0000
Feature 33 (E223): Coefficient = 0.0000
Feature 34 (E224): Coefficient = 0.0000
Feature 35 (E225): Coefficient = 0.0000
Feature 36 (E229): Coefficient = -0.0011
Feature 37 (E23): Coefficient = 0.0000
Feature 38 (E230): Coefficient = 0.2167
Feature 39 (E231): Coefficient = 0.1084
Feature 40 (E232): Coefficient = 0.1084
Feature 41 (E24): Coefficient = 0.0000
Feature 42 (E249): Coefficient = 0.0000
Feature 43 (E255): Coefficient = -0.0170
Feature 44 (E256): Coefficient = 0.1057
Feature 45 (E257): Coefficient = 0.1084
Feature 46 (E258): Coefficient = 0.1084
Feature 47 (E259): Coefficient = 0.6912
Feature 48 (E260): Coefficient = 0.0116
Feature 49 (E28): Coefficient = 0.0000
Feature 50 (E280): Coefficient = 0.1704
Feature 51 (E3): Coefficient = 0.1084
Feature 52 (E30): Coefficient = 0.0000
Feature 53 (E301): Coefficient = 0.0000
Feature 54 (E306): Coefficient = 0.1084
Feature 55 (E322): Coefficient = 0.0000
Feature 56 (E323): Coefficient = 0.0000
Feature 57 (E324): Coefficient = 0.0000
Feature 58 (E33): Coefficient = 0.0000
Feature 59 (E330): Coefficient = -0.0011
Feature 60 (E331): Coefficient = 0.1084
Feature 61 (E332): Coefficient = 0.1084
Feature 62 (E342): Coefficient = 0.0000
Feature 63 (E343): Coefficient = 0.0000
Feature 64 (E345): Coefficient = 0.0018
Feature 65 (E347): Coefficient = 0.2167
Feature 66 (E348): Coefficient = 0.0019
Feature 67 (E349): Coefficient = 0.1095
Feature 68 (E354): Coefficient = 0.0000
Feature 69 (E356): Coefficient = 0.0000
Feature 70 (E357): Coefficient = 0.0000
Feature 71 (E358): Coefficient = 0.0000
Feature 72 (E359): Coefficient = 0.1084
Feature 73 (E373): Coefficient = 0.0000
Feature 74 (E374): Coefficient = 0.1084
Feature 75 (E375): Coefficient = 0.1084
Feature 76 (E391): Coefficient = 0.0000
Feature 77 (E392): Coefficient = 0.0000
Feature 78 (E393): Coefficient = 0.0000
Feature 79 (E4): Coefficient = 0.1084
Feature 80 (E405): Coefficient = 0.0000
Feature 81 (E406): Coefficient = 0.0000
Feature 82 (E425): Coefficient = 0.0000
Feature 83 (E426): Coefficient = 0.0000
Feature 84 (E427): Coefficient = 0.0000
Feature 85 (E437): Coefficient = 0.0000
Feature 86 (E438): Coefficient = 0.0000
Feature 87 (E439): Coefficient = 0.0000
Feature 88 (E452): Coefficient = 0.0000
Feature 89 (E456): Coefficient = 0.0000
Feature 90 (E485): Coefficient = 0.0000
Feature 91 (E487): Coefficient = 0.0024
Feature 92 (E499): Coefficient = 0.0000
Feature 93 (E500): Coefficient = 0.0000
Feature 94 (E501): Coefficient = 0.0000
------------------------------------

