Train data size: 80, Validation size: 0, Test size: 20

./BGL_Brain_results/KERNDTLB_ALL_1000_alarm_occurences_matrix_FixWindow_dedup.csv

Data sample 0 - Start index: 0, End index: 155, Chunk size: 155

------------------------------------
--- Random Forest Classifier - TEST DATA - 0 ---

Size of test set: 31
Size of predicted set: 31

Number of estimators: 10
Randomize value: 55

Unique classes in TESTS\VALIDATION set: [0 1]
Unique classes in PREDICTED set: [0 1]

Accuracy: 0.9355
Recall: 0.90
AUC: 0.95
Mean Absolute Error (MAE): 0.06
R-squared: 0.70
              precision    recall  f1-score   support

           0       0.83      1.00      0.91        10
           1       1.00      0.90      0.95        21

    accuracy                           0.94        31
   macro avg       0.92      0.95      0.93        31
weighted avg       0.95      0.94      0.94        31

Caracteristiques les plus importantes:
Feature  Importance
   E332    0.135972
   E258    0.116221
   E349    0.105529
   E259    0.100077
   E172    0.084714
   E260    0.069970
   E347    0.067700
   E232    0.056973
   E280    0.055786
   E255    0.051563
   E306    0.050144
     E4    0.046881
   E104    0.008793
   E375    0.007289
   E257    0.005602
     E2    0.005261
   E168    0.004503
   E256    0.004397
   E230    0.004053
   E170    0.002828
   E331    0.002619
   E199    0.002607
   E231    0.002365
   E348    0.002283
   E359    0.002144
   E345    0.002095
     E3    0.001492
   E374    0.000099
   E169    0.000039
   E126    0.000000
    E20    0.000000
   E198    0.000000
   E193    0.000000
   E194    0.000000
   E192    0.000000
   E191    0.000000
   E160    0.000000
   E171    0.000000
   E161    0.000000
   E167    0.000000
   E127    0.000000
   E133    0.000000
   E141    0.000000
   E142    0.000000
   E159    0.000000
    E16    0.000000
   E124    0.000000
   E123    0.000000
   E103    0.000000
   E102    0.000000
     E1    0.000000
   E125    0.000000
   E229    0.000000
    E23    0.000000
   E249    0.000000
    E24    0.000000
   E222    0.000000
   E223    0.000000
   E224    0.000000
   E225    0.000000
    E21    0.000000
    E22    0.000000
    E33    0.000000
   E330    0.000000
   E323    0.000000
   E324    0.000000
   E322    0.000000
    E28    0.000000
    E30    0.000000
   E301    0.000000
   E357    0.000000
   E356    0.000000
   E343    0.000000
   E358    0.000000
   E373    0.000000
   E391    0.000000
   E392    0.000000
   E342    0.000000
   E393    0.000000
   E405    0.000000
   E406    0.000000
   E425    0.000000
   E426    0.000000
   E427    0.000000
   E437    0.000000
   E438    0.000000
   E439    0.000000
   E452    0.000000
   E456    0.000000
   E485    0.000000
   E487    0.000000
   E499    0.000000
   E500    0.000000
   E501    0.000000
------------------------------------

------------------------------------
--- Random Forest Classifier - TRAIN DATA - 0 ---

Size of test set: 124
Size of predicted set: 124

Number of estimators: 10
Randomize value: 55

Unique classes in TESTS\VALIDATION set: [0 1]
Unique classes in PREDICTED set: [0 1]

Accuracy: 1.0000
Recall: 1.00
AUC: 1.00
Mean Absolute Error (MAE): 0.00
R-squared: 1.00
              precision    recall  f1-score   support

           0       1.00      1.00      1.00        55
           1       1.00      1.00      1.00        69

    accuracy                           1.00       124
   macro avg       1.00      1.00      1.00       124
weighted avg       1.00      1.00      1.00       124

Caracteristiques les plus importantes:
Feature  Importance
   E332    0.135972
   E258    0.116221
   E349    0.105529
   E259    0.100077
   E172    0.084714
   E260    0.069970
   E347    0.067700
   E232    0.056973
   E280    0.055786
   E255    0.051563
   E306    0.050144
     E4    0.046881
   E104    0.008793
   E375    0.007289
   E257    0.005602
     E2    0.005261
   E168    0.004503
   E256    0.004397
   E230    0.004053
   E170    0.002828
   E331    0.002619
   E199    0.002607
   E231    0.002365
   E348    0.002283
   E359    0.002144
   E345    0.002095
     E3    0.001492
   E374    0.000099
   E169    0.000039
   E126    0.000000
    E20    0.000000
   E198    0.000000
   E193    0.000000
   E194    0.000000
   E192    0.000000
   E191    0.000000
   E160    0.000000
   E171    0.000000
   E161    0.000000
   E167    0.000000
   E127    0.000000
   E133    0.000000
   E141    0.000000
   E142    0.000000
   E159    0.000000
    E16    0.000000
   E124    0.000000
   E123    0.000000
   E103    0.000000
   E102    0.000000
     E1    0.000000
   E125    0.000000
   E229    0.000000
    E23    0.000000
   E249    0.000000
    E24    0.000000
   E222    0.000000
   E223    0.000000
   E224    0.000000
   E225    0.000000
    E21    0.000000
    E22    0.000000
    E33    0.000000
   E330    0.000000
   E323    0.000000
   E324    0.000000
   E322    0.000000
    E28    0.000000
    E30    0.000000
   E301    0.000000
   E357    0.000000
   E356    0.000000
   E343    0.000000
   E358    0.000000
   E373    0.000000
   E391    0.000000
   E392    0.000000
   E342    0.000000
   E393    0.000000
   E405    0.000000
   E406    0.000000
   E425    0.000000
   E426    0.000000
   E427    0.000000
   E437    0.000000
   E438    0.000000
   E439    0.000000
   E452    0.000000
   E456    0.000000
   E485    0.000000
   E487    0.000000
   E499    0.000000
   E500    0.000000
   E501    0.000000
------------------------------------

