Train data size: 80, Validation size: 0, Test size: 20

./BGL_Brain_results/BGL_45min_1_alarm_occurences_matrix_preprocessed.csv

Data sample 0 - Start index: 0, End index: 894, Chunk size: 894

------------------------------------
--- Random Forest Classifier - TEST DATA - 0 ---

Size of test set: 178
Size of predicted set: 178

Number of estimators: 10
Randomize value: 55

Unique classes in TESTS\VALIDATION set: [0 1]
Unique classes in PREDICTED set: [0 1]

Accuracy: 0.7416
Recall: 0.97
AUC: 0.77
Mean Absolute Error (MAE): 0.26
R-squared: -0.05
              precision    recall  f1-score   support

           0       0.97      0.56      0.71       101
           1       0.63      0.97      0.77        77

    accuracy                           0.74       178
   macro avg       0.80      0.77      0.74       178
weighted avg       0.82      0.74      0.74       178

Caracteristiques les plus importantes:
Feature   Importance
   E167 6.976711e-02
   E120 5.653964e-02
   E330 4.133046e-02
   E229 4.132441e-02
   E102 3.335560e-02
   E190 3.311384e-02
   E419 3.156087e-02
   E198 3.102881e-02
     E5 2.873094e-02
   E183 2.722960e-02
   E374 2.530943e-02
   E141 2.498814e-02
     E1 2.431318e-02
   E371 2.429861e-02
   E370 2.342502e-02
   E118 2.108692e-02
   E142 2.086390e-02
   E346 1.951479e-02
   E340 1.811154e-02
   E137 1.751079e-02
   E184 1.748073e-02
   E216 1.687515e-02
   E339 1.646506e-02
   E213 1.643948e-02
   E140 1.503136e-02
   E413 1.447835e-02
   E103 1.406265e-02
   E306 1.311805e-02
   E200 1.165746e-02
   E242 1.153438e-02
   E172 1.086433e-02
   E332 1.085086e-02
   E353 1.061244e-02
    E17 1.054983e-02
   E352 9.906204e-03
   E452 9.732633e-03
   E485 9.345008e-03
   E442 8.584762e-03
    E12 8.513951e-03
   E456 8.498758e-03
   E174 8.492924e-03
   E372 8.464712e-03
   E384 8.366306e-03
   E260 8.272138e-03
   E114 7.800266e-03
   E186 5.222700e-03
   E307 4.472201e-03
   E462 4.364508e-03
   E507 4.338355e-03
   E487 4.222763e-03
   E288 3.496401e-03
    E18 3.459158e-03
   E386 3.094201e-03
   E321 2.794567e-03
   E122 2.765875e-03
   E388 2.757852e-03
   E482 2.465864e-03
   E221 2.357113e-03
   E383 2.252494e-03
   E188 2.133405e-03
   E245 2.012063e-03
   E451 1.977777e-03
    E15 1.887437e-03
   E296 1.850841e-03
   E207 1.844367e-03
   E115 1.813298e-03
   E116 1.798707e-03
   E133 1.761239e-03
   E294 1.674896e-03
   E136 1.671482e-03
   E354 1.530842e-03
   E149 1.406819e-03
   E385 1.222498e-03
     E9 1.172736e-03
   E490 1.154327e-03
   E129 1.146825e-03
   E150 1.078472e-03
   E268 1.039422e-03
   E280 9.583226e-04
   E468 8.961615e-04
    E10 8.630357e-04
   E290 8.462840e-04
   E364 7.794084e-04
   E313 7.682498e-04
   E178 7.679074e-04
   E318 6.996838e-04
   E208 6.942446e-04
   E412 6.934767e-04
   E338 6.602295e-04
   E380 6.328502e-04
   E470 6.171469e-04
   E180 5.599245e-04
   E201 5.573584e-04
     E6 5.472729e-04
   E403 5.413150e-04
   E211 5.236186e-04
   E410 5.052881e-04
   E489 4.776122e-04
   E202 4.703684e-04
   E218 4.661705e-04
   E314 4.587196e-04
   E175 4.003297e-04
   E144 3.938069e-04
   E204 3.811632e-04
   E400 3.509594e-04
   E433 3.325714e-04
   E176 3.096158e-04
   E421 2.660447e-04
   E382 2.340726e-04
   E378 2.201174e-04
   E337 2.097173e-04
   E376 2.092386e-04
   E377 1.997721e-04
   E177 1.972397e-04
     E7 1.943460e-04
   E471 1.931253e-04
   E105 1.888312e-04
   E396 1.882288e-04
   E484 1.805950e-04
   E235 1.800126e-04
   E411 1.794556e-04
   E334 1.774565e-04
   E145 1.743033e-04
   E134 1.714460e-04
   E109 1.523390e-04
   E131 1.501715e-04
   E335 1.478732e-04
   E283 1.450772e-04
   E497 1.398313e-04
   E308 1.353688e-04
   E475 1.268628e-04
   E205 1.264397e-04
   E446 1.077693e-04
   E112 9.744023e-05
   E241 7.789206e-05
   E488 7.601383e-05
   E445 7.237166e-05
   E464 6.869277e-05
   E156 5.321367e-05
   E217 4.455856e-05
   E135 4.073002e-05
   E234 3.798335e-05
   E491 2.908480e-05
   E244 9.355276e-06
   E310 4.515177e-07
   E281 1.809282e-07
   E239 8.735602e-08
   E379 7.116963e-08
   E286 5.861625e-08
   E417 3.666637e-08
   E270 1.855596e-08
   E285 6.482413e-09
   E272 5.262278e-09
   E274 5.044781e-09
   E432 2.423822e-09
    E65 0.000000e+00
    E66 0.000000e+00
    E70 0.000000e+00
    E75 0.000000e+00
    E76 0.000000e+00
    E87 0.000000e+00
    E86 0.000000e+00
    E67 0.000000e+00
    E68 0.000000e+00
    E69 0.000000e+00
   E106 0.000000e+00
   E263 0.000000e+00
   E262 0.000000e+00
   E261 0.000000e+00
    E26 0.000000e+00
   E292 0.000000e+00
   E291 0.000000e+00
    E29 0.000000e+00
   E287 0.000000e+00
   E284 0.000000e+00
   E279 0.000000e+00
   E273 0.000000e+00
    E27 0.000000e+00
   E271 0.000000e+00
   E269 0.000000e+00
   E267 0.000000e+00
   E264 0.000000e+00
    E30 0.000000e+00
   E298 0.000000e+00
   E301 0.000000e+00
   E300 0.000000e+00
   E302 0.000000e+00
   E309 0.000000e+00
    E31 0.000000e+00
   E311 0.000000e+00
    E32 0.000000e+00
   E322 0.000000e+00
   E323 0.000000e+00
   E275 0.000000e+00
   E295 0.000000e+00
   E297 0.000000e+00
   E266 0.000000e+00
   E265 0.000000e+00
   E191 0.000000e+00
   E328 0.000000e+00
   E327 0.000000e+00
   E325 0.000000e+00
   E324 0.000000e+00
    E20 0.000000e+00
   E195 0.000000e+00
   E192 0.000000e+00
    E33 0.000000e+00
   E203 0.000000e+00
    E77 0.000000e+00
    E78 0.000000e+00
    E71 0.000000e+00
    E72 0.000000e+00
    E73 0.000000e+00
    E74 0.000000e+00
   E278 0.000000e+00
   E277 0.000000e+00
   E276 0.000000e+00
    E93 0.000000e+00
   E282 0.000000e+00
    E28 0.000000e+00
   E108 0.000000e+00
   E107 0.000000e+00
    E82 0.000000e+00
    E83 0.000000e+00
    E84 0.000000e+00
    E85 0.000000e+00
    E79 0.000000e+00
     E8 0.000000e+00
    E80 0.000000e+00
    E81 0.000000e+00
   E237 0.000000e+00
   E236 0.000000e+00
    E37 0.000000e+00
   E373 0.000000e+00
   E363 0.000000e+00
   E362 0.000000e+00
    E36 0.000000e+00
   E361 0.000000e+00
   E356 0.000000e+00
   E351 0.000000e+00
   E358 0.000000e+00
   E357 0.000000e+00
    E19 0.000000e+00
   E165 0.000000e+00
    E35 0.000000e+00
   E350 0.000000e+00
   E193 0.000000e+00
   E194 0.000000e+00
   E343 0.000000e+00
   E342 0.000000e+00
    E34 0.000000e+00
   E336 0.000000e+00
   E398 0.000000e+00
   E397 0.000000e+00
   E391 0.000000e+00
    E39 0.000000e+00
   E394 0.000000e+00
   E392 0.000000e+00
   E395 0.000000e+00
   E249 0.000000e+00
    E24 0.000000e+00
   E247 0.000000e+00
   E416 0.000000e+00
    E41 0.000000e+00
   E409 0.000000e+00
   E408 0.000000e+00
   E405 0.000000e+00
   E406 0.000000e+00
    E40 0.000000e+00
   E427 0.000000e+00
   E430 0.000000e+00
    E43 0.000000e+00
   E429 0.000000e+00
   E146 0.000000e+00
   E147 0.000000e+00
    E42 0.000000e+00
   E425 0.000000e+00
   E426 0.000000e+00
   E160 0.000000e+00
    E16 0.000000e+00
   E159 0.000000e+00
   E161 0.000000e+00
   E437 0.000000e+00
   E162 0.000000e+00
   E163 0.000000e+00
   E393 0.000000e+00
   E399 0.000000e+00
    E25 0.000000e+00
   E251 0.000000e+00
   E250 0.000000e+00
   E252 0.000000e+00
    E38 0.000000e+00
   E248 0.000000e+00
   E238 0.000000e+00
   E472 0.000000e+00
    E47 0.000000e+00
    E46 0.000000e+00
    E45 0.000000e+00
   E441 0.000000e+00
   E438 0.000000e+00
   E439 0.000000e+00
    E44 0.000000e+00
   E164 0.000000e+00
   E124 0.000000e+00
    E49 0.000000e+00
   E123 0.000000e+00
   E127 0.000000e+00
   E126 0.000000e+00
   E125 0.000000e+00
   E486 0.000000e+00
    E14 0.000000e+00
   E496 0.000000e+00
   E499 0.000000e+00
    E50 0.000000e+00
   E500 0.000000e+00
   E501 0.000000e+00
   E503 0.000000e+00
   E505 0.000000e+00
   E508 0.000000e+00
    E51 0.000000e+00
   E511 0.000000e+00
   E512 0.000000e+00
   E513 0.000000e+00
   E515 0.000000e+00
    E88 0.000000e+00
    E48 0.000000e+00
    E89 0.000000e+00
    E90 0.000000e+00
    E92 0.000000e+00
    E91 0.000000e+00
    E21 0.000000e+00
    E22 0.000000e+00
   E222 0.000000e+00
   E223 0.000000e+00
   E224 0.000000e+00
   E225 0.000000e+00
   E226 0.000000e+00
    E23 0.000000e+00
   E517 0.000000e+00
   E518 0.000000e+00
    E52 0.000000e+00
    E53 0.000000e+00
    E54 0.000000e+00
    E55 0.000000e+00
    E56 0.000000e+00
    E57 0.000000e+00
    E58 0.000000e+00
    E59 0.000000e+00
    E60 0.000000e+00
    E61 0.000000e+00
    E62 0.000000e+00
    E63 0.000000e+00
    E64 0.000000e+00
    E94 0.000000e+00
    E95 0.000000e+00
    E96 0.000000e+00
    E97 0.000000e+00
    E99 0.000000e+00
------------------------------------

