Train data size: 80, Validation size: 0, Test size: 20

./BGL_Brain_results/BGL_45min_1_alarm_occurences_matrix_preprocessed_corr.csv

Data sample 0 - Start index: 0, End index: 894, Chunk size: 894

------------------------------------
--- Random Forest Classifier - TEST DATA - 0 ---

Size of test set: 178
Size of predicted set: 178

Number of estimators: 10
Randomize value: 55

Unique classes in TESTS\VALIDATION set: [0 1]
Unique classes in PREDICTED set: [0 1]

Accuracy: 0.7360
Recall: 0.97
AUC: 0.76
Mean Absolute Error (MAE): 0.26
R-squared: -0.08
              precision    recall  f1-score   support

           0       0.97      0.55      0.70       101
           1       0.62      0.97      0.76        77

    accuracy                           0.74       178
   macro avg       0.80      0.76      0.73       178
weighted avg       0.82      0.74      0.73       178

Caracteristiques les plus importantes:
Feature   Importance
     E1 1.683304e-01
   E374 8.296473e-02
   E346 7.366421e-02
   E120 6.403739e-02
   E260 4.245176e-02
   E413 3.620863e-02
   E419 3.180979e-02
   E190 3.032281e-02
   E371 2.745122e-02
   E118 2.616019e-02
   E183 2.374153e-02
   E307 2.291120e-02
   E370 2.184701e-02
   E340 1.958994e-02
   E184 1.895047e-02
   E137 1.841046e-02
   E442 1.798121e-02
   E339 1.673766e-02
   E213 1.554377e-02
   E140 1.454318e-02
   E216 1.380510e-02
   E353 1.207923e-02
   E452 1.180678e-02
   E200 1.147389e-02
   E174 1.144149e-02
   E456 1.120605e-02
   E242 1.071092e-02
    E17 9.711036e-03
    E12 9.225037e-03
   E352 8.992152e-03
   E384 8.900145e-03
   E133 8.179731e-03
   E114 7.579736e-03
    E15 6.989164e-03
   E245 6.141848e-03
   E221 5.854052e-03
   E116 5.499012e-03
   E149 5.303068e-03
   E186 4.393857e-03
    E10 4.329511e-03
   E507 4.110854e-03
   E136 4.063079e-03
   E105 3.230024e-03
   E386 3.150675e-03
   E122 3.026710e-03
   E445 2.945030e-03
   E403 2.901218e-03
    E18 2.898223e-03
   E318 2.719369e-03
   E288 2.594251e-03
   E218 2.591360e-03
   E388 2.528746e-03
   E321 2.335889e-03
   E468 2.112722e-03
   E178 1.705997e-03
   E268 1.653954e-03
   E115 1.622331e-03
     E8 1.386417e-03
   E211 8.976279e-04
   E433 7.960357e-04
   E400 6.955453e-04
   E131 6.394646e-04
   E134 4.915906e-04
   E421 4.903695e-04
   E135 2.414715e-04
   E156 1.917414e-04
   E382 1.904258e-04
   E217 1.420957e-04
   E298 7.461303e-05
   E267 7.421775e-05
   E275 5.359893e-05
   E271 5.000862e-05
   E273 4.288888e-05
    E14 2.418330e-05
   E276 1.954483e-05
   E241 1.950678e-05
   E272 4.562389e-06
   E286 2.005176e-06
   E287 1.436490e-06
   E278 5.976063e-07
   E274 2.747057e-07
   E281 0.000000e+00
   E285 0.000000e+00
   E277 0.000000e+00
   E279 0.000000e+00
   E270 0.000000e+00
   E269 0.000000e+00
   E265 0.000000e+00
   E266 0.000000e+00
   E164 0.000000e+00
   E163 0.000000e+00
   E162 0.000000e+00
   E123 0.000000e+00
   E165 0.000000e+00
   E195 0.000000e+00
   E226 0.000000e+00
   E250 0.000000e+00
   E252 0.000000e+00
   E251 0.000000e+00
   E262 0.000000e+00
   E261 0.000000e+00
   E263 0.000000e+00
   E264 0.000000e+00
   E297 0.000000e+00
   E295 0.000000e+00
    E40 0.000000e+00
    E39 0.000000e+00
    E36 0.000000e+00
    E38 0.000000e+00
   E328 0.000000e+00
   E327 0.000000e+00
    E34 0.000000e+00
    E35 0.000000e+00
    E31 0.000000e+00
   E302 0.000000e+00
    E47 0.000000e+00
    E45 0.000000e+00
   E486 0.000000e+00
    E49 0.000000e+00
    E50 0.000000e+00
    E46 0.000000e+00
   E508 0.000000e+00
    E52 0.000000e+00
    E57 0.000000e+00
    E55 0.000000e+00
    E70 0.000000e+00
    E77 0.000000e+00
    E78 0.000000e+00
    E63 0.000000e+00
    E79 0.000000e+00
    E81 0.000000e+00
    E82 0.000000e+00
    E83 0.000000e+00
    E87 0.000000e+00
    E88 0.000000e+00
    E93 0.000000e+00
    E97 0.000000e+00
------------------------------------

