Train data size: 80, Validation size: 0, Test size: 20

Data sample 0 - Start index: 0, End index: 759, Chunk size: 759

------------------------------------
--- Random Forest Classifier - TEST DATA - 0 ---

Size of test set: 151
Size of predicted set: 151

Number of estimators: 10
Randomize value: 55

Unique classes in TESTS\VALIDATION set: [0 1]
Unique classes in PREDICTED set: [0 1]

Accuracy: 0.9536
Recall: 1.00
AUC: 0.90
Mean Absolute Error (MAE): 0.05
R-squared: 0.74
              precision    recall  f1-score   support

           0       1.00      0.80      0.89        35
           1       0.94      1.00      0.97       116

    accuracy                           0.95       151
   macro avg       0.97      0.90      0.93       151
weighted avg       0.96      0.95      0.95       151

Top 10 des caracteristiques les plus importantes:
Feature  Importance
  E1119    0.225132
  E1278    0.202046
   E264    0.155074
   E818    0.099530
   E993    0.071033
  E1369    0.050536
   E960    0.036021
   E992    0.024936
   E425    0.020436
   E274    0.018634
------------------------------------

------------------------------------
--- Random Forest Classifier - TRAIN DATA - 0 ---

Size of test set: 607
Size of predicted set: 607

Number of estimators: 10
Randomize value: 55

Unique classes in TESTS\VALIDATION set: [0 1]
Unique classes in PREDICTED set: [0 1]

Accuracy: 0.9951
Recall: 1.00
AUC: 0.99
Mean Absolute Error (MAE): 0.00
R-squared: 0.95
              precision    recall  f1-score   support

           0       0.99      0.97      0.98        73
           1       1.00      1.00      1.00       534

    accuracy                           1.00       607
   macro avg       0.99      0.99      0.99       607
weighted avg       1.00      1.00      1.00       607

Top 10 des caracteristiques les plus importantes:
Feature  Importance
  E1119    0.225132
  E1278    0.202046
   E264    0.155074
   E818    0.099530
   E993    0.071033
  E1369    0.050536
   E960    0.036021
   E992    0.024936
   E425    0.020436
   E274    0.018634
------------------------------------

