Train data size: 80, Validation size: 0, Test size: 20

Data sample 0 - Start index: 0, End index: 574, Chunk size: 574

------------------------------------
--- Random Forest Classifier - TEST DATA - 0 ---

Size of test set: 114
Size of predicted set: 114

Number of estimators: 10
Randomize value: 55

Unique classes in TESTS\VALIDATION set: [0 1]
Unique classes in PREDICTED set: [0 1]

Accuracy: 0.9211
Recall: 0.96
AUC: 0.91
Mean Absolute Error (MAE): 0.08
R-squared: 0.66
              precision    recall  f1-score   support

           0       0.92      0.85      0.89        41
           1       0.92      0.96      0.94        73

    accuracy                           0.92       114
   macro avg       0.92      0.91      0.91       114
weighted avg       0.92      0.92      0.92       114

Top 10 des caracteristiques les plus importantes:
Feature  Importance
  E1278    0.234895
  E1119    0.173292
   E264    0.112412
   E961    0.095572
  E1369    0.060879
   E818    0.057673
   E993    0.030824
  E1120    0.027238
   E960    0.026946
   E274    0.019595
------------------------------------

------------------------------------
--- Random Forest Classifier - TRAIN DATA - 0 ---

Size of test set: 459
Size of predicted set: 459

Number of estimators: 10
Randomize value: 55

Unique classes in TESTS\VALIDATION set: [0 1]
Unique classes in PREDICTED set: [0 1]

Accuracy: 0.9978
Recall: 1.00
AUC: 1.00
Mean Absolute Error (MAE): 0.00
R-squared: 0.98
              precision    recall  f1-score   support

           0       0.98      1.00      0.99        64
           1       1.00      1.00      1.00       395

    accuracy                           1.00       459
   macro avg       0.99      1.00      1.00       459
weighted avg       1.00      1.00      1.00       459

Top 10 des caracteristiques les plus importantes:
Feature  Importance
  E1278    0.234895
  E1119    0.173292
   E264    0.112412
   E961    0.095572
  E1369    0.060879
   E818    0.057673
   E993    0.030824
  E1120    0.027238
   E960    0.026946
   E274    0.019595
------------------------------------

