Train data size: 80, Validation size: 0, Test size: 20

Data sample 0 - Start index: 0, End index: 831, Chunk size: 831

------------------------------------
--- Random Forest Classifier - TEST DATA - 0 ---

Size of test set: 166
Size of predicted set: 166

Number of estimators: 10
Randomize value: 55

Unique classes in TESTS\VALIDATION set: [0 1]
Unique classes in PREDICTED set: [0 1]

Accuracy: 0.9096
Recall: 0.96
AUC: 0.88
Mean Absolute Error (MAE): 0.09
R-squared: 0.57
              precision    recall  f1-score   support

           0       0.89      0.80      0.84        49
           1       0.92      0.96      0.94       117

    accuracy                           0.91       166
   macro avg       0.90      0.88      0.89       166
weighted avg       0.91      0.91      0.91       166

Top 10 des caracteristiques les plus importantes:
Feature  Importance
  E1119    0.234104
  E1278    0.202458
   E264    0.138979
   E818    0.095985
   E425    0.034275
   E992    0.032794
   E960    0.030258
   E400    0.029047
   E993    0.027169
   E274    0.025277
------------------------------------

------------------------------------
--- Random Forest Classifier - TRAIN DATA - 0 ---

Size of test set: 664
Size of predicted set: 664

Number of estimators: 10
Randomize value: 55

Unique classes in TESTS\VALIDATION set: [0 1]
Unique classes in PREDICTED set: [0 1]

Accuracy: 0.9985
Recall: 1.00
AUC: 1.00
Mean Absolute Error (MAE): 0.00
R-squared: 0.99
              precision    recall  f1-score   support

           0       0.99      1.00      0.99        83
           1       1.00      1.00      1.00       581

    accuracy                           1.00       664
   macro avg       0.99      1.00      1.00       664
weighted avg       1.00      1.00      1.00       664

Top 10 des caracteristiques les plus importantes:
Feature  Importance
  E1119    0.234104
  E1278    0.202458
   E264    0.138979
   E818    0.095985
   E425    0.034275
   E992    0.032794
   E960    0.030258
   E400    0.029047
   E993    0.027169
   E274    0.025277
------------------------------------

