Train data size: 80, Validation size: 0, Test size: 20

Data sample 0 - Start index: 0, End index: 831, Chunk size: 831

------------------------------------
--- Random Forest Classifier - TEST DATA - 0 ---

Size of test set: 166
Size of predicted set: 166

Number of estimators: 10
Randomize value: 55

Unique classes in TESTS\VALIDATION set: [0 1]
Unique classes in PREDICTED set: [0 1]

Accuracy: 0.9096
Recall: 0.96
AUC: 0.88
Mean Absolute Error (MAE): 0.09
R-squared: 0.57
              precision    recall  f1-score   support

           0       0.89      0.80      0.84        49
           1       0.92      0.96      0.94       117

    accuracy                           0.91       166
   macro avg       0.90      0.88      0.89       166
weighted avg       0.91      0.91      0.91       166

Caracteristiques les plus importantes:
Feature   Importance
  E1119 2.341039e-01
  E1278 2.024580e-01
   E264 1.389793e-01
   E818 9.598537e-02
   E425 3.427543e-02
   E992 3.279352e-02
   E960 3.025763e-02
   E400 2.904700e-02
   E993 2.716899e-02
   E274 2.527650e-02
  E1369 2.024737e-02
   E183 1.904394e-02
   E610 1.799739e-02
   E608 1.416041e-02
   E414 1.284292e-02
   E728 1.164362e-02
   E179 6.947617e-03
   E824 6.132707e-03
  E1370 5.212298e-03
   E394 4.410313e-03
   E473 3.979443e-03
  E1049 3.482750e-03
  E1197 3.088709e-03
   E925 2.923432e-03
    E51 2.589458e-03
   E437 2.415343e-03
  E1386 2.409659e-03
   E727 2.365606e-03
    E44 1.243005e-03
   E989 1.242072e-03
   E185 1.181216e-03
    E90 1.150351e-03
  E1269 1.025473e-03
   E961 9.010476e-04
  E1098 4.600647e-04
  E1279 2.085243e-04
  E1452 1.441676e-04
  E1291 8.586207e-05
   E926 6.952488e-05
   E367 2.214042e-05
   E253 2.089064e-05
   E187 4.929656e-06
   E182 1.108776e-06
   E231 6.521489e-07
   E584 3.986001e-07
   E969 0.000000e+00
   E970 0.000000e+00
   E971 0.000000e+00
   E972 0.000000e+00
   E978 0.000000e+00
  E1132 0.000000e+00
  E1268 0.000000e+00
   E980 0.000000e+00
  E1120 0.000000e+00
  E1105 0.000000e+00
  E1108 0.000000e+00
  E1107 0.000000e+00
  E1106 0.000000e+00
   E132 0.000000e+00
  E1319 0.000000e+00
    E16 0.000000e+00
    E15 0.000000e+00
  E1492 0.000000e+00
  E1104 0.000000e+00
  E1103 0.000000e+00
  E1102 0.000000e+00
  E1472 0.000000e+00
  E1474 0.000000e+00
  E1489 0.000000e+00
  E1461 0.000000e+00
  E1384 0.000000e+00
  E1368 0.000000e+00
    E14 0.000000e+00
  E1385 0.000000e+00
    E19 0.000000e+00
  E1367 0.000000e+00
   E186 0.000000e+00
   E184 0.000000e+00
   E973 0.000000e+00
   E979 0.000000e+00
   E999 0.000000e+00
   E977 0.000000e+00
   E178 0.000000e+00
    E18 0.000000e+00
   E180 0.000000e+00
   E181 0.000000e+00
   E261 0.000000e+00
   E260 0.000000e+00
   E177 0.000000e+00
   E176 0.000000e+00
   E259 0.000000e+00
    E26 0.000000e+00
   E255 0.000000e+00
   E258 0.000000e+00
    E25 0.000000e+00
    E24 0.000000e+00
   E175 0.000000e+00
    E17 0.000000e+00
    E23 0.000000e+00
    E22 0.000000e+00
    E21 0.000000e+00
    E20 0.000000e+00
    E29 0.000000e+00
    E28 0.000000e+00
   E273 0.000000e+00
   E272 0.000000e+00
   E271 0.000000e+00
   E270 0.000000e+00
    E27 0.000000e+00
   E269 0.000000e+00
   E268 0.000000e+00
   E267 0.000000e+00
   E233 0.000000e+00
   E232 0.000000e+00
   E265 0.000000e+00
   E266 0.000000e+00
  E1366 0.000000e+00
   E128 0.000000e+00
  E1352 0.000000e+00
   E135 0.000000e+00
  E1347 0.000000e+00
   E136 0.000000e+00
   E133 0.000000e+00
  E1326 0.000000e+00
  E1325 0.000000e+00
  E1324 0.000000e+00
  E1323 0.000000e+00
  E1322 0.000000e+00
  E1321 0.000000e+00
   E134 0.000000e+00
  E1320 0.000000e+00
   E263 0.000000e+00
    E41 0.000000e+00
   E262 0.000000e+00
    E40 0.000000e+00
    E39 0.000000e+00
    E38 0.000000e+00
    E37 0.000000e+00
   E361 0.000000e+00
    E36 0.000000e+00
    E35 0.000000e+00
    E34 0.000000e+00
   E981 0.000000e+00
   E976 0.000000e+00
   E975 0.000000e+00
   E974 0.000000e+00
    E30 0.000000e+00
    E31 0.000000e+00
    E32 0.000000e+00
    E33 0.000000e+00
   E432 0.000000e+00
   E436 0.000000e+00
   E434 0.000000e+00
   E435 0.000000e+00
   E429 0.000000e+00
   E428 0.000000e+00
   E427 0.000000e+00
   E426 0.000000e+00
    E42 0.000000e+00
   E431 0.000000e+00
   E430 0.000000e+00
   E433 0.000000e+00
   E449 0.000000e+00
   E448 0.000000e+00
   E447 0.000000e+00
   E446 0.000000e+00
   E445 0.000000e+00
   E444 0.000000e+00
   E443 0.000000e+00
   E442 0.000000e+00
   E441 0.000000e+00
   E440 0.000000e+00
   E439 0.000000e+00
   E438 0.000000e+00
   E466 0.000000e+00
   E452 0.000000e+00
   E451 0.000000e+00
    E43 0.000000e+00
   E463 0.000000e+00
   E462 0.000000e+00
   E460 0.000000e+00
   E461 0.000000e+00
   E458 0.000000e+00
   E457 0.000000e+00
   E456 0.000000e+00
   E459 0.000000e+00
   E454 0.000000e+00
   E453 0.000000e+00
   E619 0.000000e+00
   E618 0.000000e+00
   E617 0.000000e+00
   E616 0.000000e+00
   E615 0.000000e+00
   E455 0.000000e+00
   E614 0.000000e+00
   E613 0.000000e+00
   E612 0.000000e+00
   E607 0.000000e+00
   E528 0.000000e+00
   E521 0.000000e+00
    E52 0.000000e+00
   E518 0.000000e+00
   E761 0.000000e+00
   E726 0.000000e+00
   E701 0.000000e+00
   E630 0.000000e+00
   E629 0.000000e+00
   E465 0.000000e+00
   E464 0.000000e+00
   E450 0.000000e+00
   E626 0.000000e+00
   E627 0.000000e+00
   E628 0.000000e+00
   E625 0.000000e+00
   E621 0.000000e+00
   E624 0.000000e+00
   E623 0.000000e+00
   E622 0.000000e+00
   E807 0.000000e+00
   E806 0.000000e+00
   E805 0.000000e+00
   E804 0.000000e+00
   E803 0.000000e+00
   E620 0.000000e+00
   E809 0.000000e+00
   E808 0.000000e+00
   E799 0.000000e+00
   E798 0.000000e+00
   E797 0.000000e+00
   E793 0.000000e+00
    E79 0.000000e+00
   E784 0.000000e+00
     E9 0.000000e+00
   E884 0.000000e+00
   E856 0.000000e+00
   E825 0.000000e+00
   E823 0.000000e+00
   E817 0.000000e+00
   E816 0.000000e+00
   E802 0.000000e+00
   E801 0.000000e+00
   E800 0.000000e+00
   E813 0.000000e+00
   E814 0.000000e+00
   E815 0.000000e+00
   E811 0.000000e+00
  E1317 0.000000e+00
  E1316 0.000000e+00
  E1315 0.000000e+00
   E812 0.000000e+00
  E1314 0.000000e+00
  E1313 0.000000e+00
   E131 0.000000e+00
  E1312 0.000000e+00
  E1302 0.000000e+00
   E130 0.000000e+00
    E13 0.000000e+00
  E1318 0.000000e+00
  E1292 0.000000e+00
   E129 0.000000e+00
   E810 0.000000e+00
    E81 0.000000e+00
   E991 0.000000e+00
   E990 0.000000e+00
    E99 0.000000e+00
   E988 0.000000e+00
   E987 0.000000e+00
   E986 0.000000e+00
   E985 0.000000e+00
   E984 0.000000e+00
   E983 0.000000e+00
   E982 0.000000e+00
  E1101 0.000000e+00
  E1100 0.000000e+00
------------------------------------

------------------------------------
--- Random Forest Classifier - TRAIN DATA - 0 ---

Size of test set: 664
Size of predicted set: 664

Number of estimators: 10
Randomize value: 55

Unique classes in TESTS\VALIDATION set: [0 1]
Unique classes in PREDICTED set: [0 1]

Accuracy: 0.9985
Recall: 1.00
AUC: 1.00
Mean Absolute Error (MAE): 0.00
R-squared: 0.99
              precision    recall  f1-score   support

           0       0.99      1.00      0.99        83
           1       1.00      1.00      1.00       581

    accuracy                           1.00       664
   macro avg       0.99      1.00      1.00       664
weighted avg       1.00      1.00      1.00       664

Caracteristiques les plus importantes:
Feature   Importance
  E1119 2.341039e-01
  E1278 2.024580e-01
   E264 1.389793e-01
   E818 9.598537e-02
   E425 3.427543e-02
   E992 3.279352e-02
   E960 3.025763e-02
   E400 2.904700e-02
   E993 2.716899e-02
   E274 2.527650e-02
  E1369 2.024737e-02
   E183 1.904394e-02
   E610 1.799739e-02
   E608 1.416041e-02
   E414 1.284292e-02
   E728 1.164362e-02
   E179 6.947617e-03
   E824 6.132707e-03
  E1370 5.212298e-03
   E394 4.410313e-03
   E473 3.979443e-03
  E1049 3.482750e-03
  E1197 3.088709e-03
   E925 2.923432e-03
    E51 2.589458e-03
   E437 2.415343e-03
  E1386 2.409659e-03
   E727 2.365606e-03
    E44 1.243005e-03
   E989 1.242072e-03
   E185 1.181216e-03
    E90 1.150351e-03
  E1269 1.025473e-03
   E961 9.010476e-04
  E1098 4.600647e-04
  E1279 2.085243e-04
  E1452 1.441676e-04
  E1291 8.586207e-05
   E926 6.952488e-05
   E367 2.214042e-05
   E253 2.089064e-05
   E187 4.929656e-06
   E182 1.108776e-06
   E231 6.521489e-07
   E584 3.986001e-07
   E969 0.000000e+00
   E970 0.000000e+00
   E971 0.000000e+00
   E972 0.000000e+00
   E978 0.000000e+00
  E1132 0.000000e+00
  E1268 0.000000e+00
   E980 0.000000e+00
  E1120 0.000000e+00
  E1105 0.000000e+00
  E1108 0.000000e+00
  E1107 0.000000e+00
  E1106 0.000000e+00
   E132 0.000000e+00
  E1319 0.000000e+00
    E16 0.000000e+00
    E15 0.000000e+00
  E1492 0.000000e+00
  E1104 0.000000e+00
  E1103 0.000000e+00
  E1102 0.000000e+00
  E1472 0.000000e+00
  E1474 0.000000e+00
  E1489 0.000000e+00
  E1461 0.000000e+00
  E1384 0.000000e+00
  E1368 0.000000e+00
    E14 0.000000e+00
  E1385 0.000000e+00
    E19 0.000000e+00
  E1367 0.000000e+00
   E186 0.000000e+00
   E184 0.000000e+00
   E973 0.000000e+00
   E979 0.000000e+00
   E999 0.000000e+00
   E977 0.000000e+00
   E178 0.000000e+00
    E18 0.000000e+00
   E180 0.000000e+00
   E181 0.000000e+00
   E261 0.000000e+00
   E260 0.000000e+00
   E177 0.000000e+00
   E176 0.000000e+00
   E259 0.000000e+00
    E26 0.000000e+00
   E255 0.000000e+00
   E258 0.000000e+00
    E25 0.000000e+00
    E24 0.000000e+00
   E175 0.000000e+00
    E17 0.000000e+00
    E23 0.000000e+00
    E22 0.000000e+00
    E21 0.000000e+00
    E20 0.000000e+00
    E29 0.000000e+00
    E28 0.000000e+00
   E273 0.000000e+00
   E272 0.000000e+00
   E271 0.000000e+00
   E270 0.000000e+00
    E27 0.000000e+00
   E269 0.000000e+00
   E268 0.000000e+00
   E267 0.000000e+00
   E233 0.000000e+00
   E232 0.000000e+00
   E265 0.000000e+00
   E266 0.000000e+00
  E1366 0.000000e+00
   E128 0.000000e+00
  E1352 0.000000e+00
   E135 0.000000e+00
  E1347 0.000000e+00
   E136 0.000000e+00
   E133 0.000000e+00
  E1326 0.000000e+00
  E1325 0.000000e+00
  E1324 0.000000e+00
  E1323 0.000000e+00
  E1322 0.000000e+00
  E1321 0.000000e+00
   E134 0.000000e+00
  E1320 0.000000e+00
   E263 0.000000e+00
    E41 0.000000e+00
   E262 0.000000e+00
    E40 0.000000e+00
    E39 0.000000e+00
    E38 0.000000e+00
    E37 0.000000e+00
   E361 0.000000e+00
    E36 0.000000e+00
    E35 0.000000e+00
    E34 0.000000e+00
   E981 0.000000e+00
   E976 0.000000e+00
   E975 0.000000e+00
   E974 0.000000e+00
    E30 0.000000e+00
    E31 0.000000e+00
    E32 0.000000e+00
    E33 0.000000e+00
   E432 0.000000e+00
   E436 0.000000e+00
   E434 0.000000e+00
   E435 0.000000e+00
   E429 0.000000e+00
   E428 0.000000e+00
   E427 0.000000e+00
   E426 0.000000e+00
    E42 0.000000e+00
   E431 0.000000e+00
   E430 0.000000e+00
   E433 0.000000e+00
   E449 0.000000e+00
   E448 0.000000e+00
   E447 0.000000e+00
   E446 0.000000e+00
   E445 0.000000e+00
   E444 0.000000e+00
   E443 0.000000e+00
   E442 0.000000e+00
   E441 0.000000e+00
   E440 0.000000e+00
   E439 0.000000e+00
   E438 0.000000e+00
   E466 0.000000e+00
   E452 0.000000e+00
   E451 0.000000e+00
    E43 0.000000e+00
   E463 0.000000e+00
   E462 0.000000e+00
   E460 0.000000e+00
   E461 0.000000e+00
   E458 0.000000e+00
   E457 0.000000e+00
   E456 0.000000e+00
   E459 0.000000e+00
   E454 0.000000e+00
   E453 0.000000e+00
   E619 0.000000e+00
   E618 0.000000e+00
   E617 0.000000e+00
   E616 0.000000e+00
   E615 0.000000e+00
   E455 0.000000e+00
   E614 0.000000e+00
   E613 0.000000e+00
   E612 0.000000e+00
   E607 0.000000e+00
   E528 0.000000e+00
   E521 0.000000e+00
    E52 0.000000e+00
   E518 0.000000e+00
   E761 0.000000e+00
   E726 0.000000e+00
   E701 0.000000e+00
   E630 0.000000e+00
   E629 0.000000e+00
   E465 0.000000e+00
   E464 0.000000e+00
   E450 0.000000e+00
   E626 0.000000e+00
   E627 0.000000e+00
   E628 0.000000e+00
   E625 0.000000e+00
   E621 0.000000e+00
   E624 0.000000e+00
   E623 0.000000e+00
   E622 0.000000e+00
   E807 0.000000e+00
   E806 0.000000e+00
   E805 0.000000e+00
   E804 0.000000e+00
   E803 0.000000e+00
   E620 0.000000e+00
   E809 0.000000e+00
   E808 0.000000e+00
   E799 0.000000e+00
   E798 0.000000e+00
   E797 0.000000e+00
   E793 0.000000e+00
    E79 0.000000e+00
   E784 0.000000e+00
     E9 0.000000e+00
   E884 0.000000e+00
   E856 0.000000e+00
   E825 0.000000e+00
   E823 0.000000e+00
   E817 0.000000e+00
   E816 0.000000e+00
   E802 0.000000e+00
   E801 0.000000e+00
   E800 0.000000e+00
   E813 0.000000e+00
   E814 0.000000e+00
   E815 0.000000e+00
   E811 0.000000e+00
  E1317 0.000000e+00
  E1316 0.000000e+00
  E1315 0.000000e+00
   E812 0.000000e+00
  E1314 0.000000e+00
  E1313 0.000000e+00
   E131 0.000000e+00
  E1312 0.000000e+00
  E1302 0.000000e+00
   E130 0.000000e+00
    E13 0.000000e+00
  E1318 0.000000e+00
  E1292 0.000000e+00
   E129 0.000000e+00
   E810 0.000000e+00
    E81 0.000000e+00
   E991 0.000000e+00
   E990 0.000000e+00
    E99 0.000000e+00
   E988 0.000000e+00
   E987 0.000000e+00
   E986 0.000000e+00
   E985 0.000000e+00
   E984 0.000000e+00
   E983 0.000000e+00
   E982 0.000000e+00
  E1101 0.000000e+00
  E1100 0.000000e+00
------------------------------------

