Train data size: 80, Validation size: 0, Test size: 20

Data sample 0 - Start index: 0, End index: 574, Chunk size: 574

------------------------------------
--- Random Forest Classifier - TEST DATA - 0 ---

Size of test set: 114
Size of predicted set: 114

Number of estimators: 10
Randomize value: 55

Unique classes in TESTS\VALIDATION set: [0 1]
Unique classes in PREDICTED set: [0 1]

Accuracy: 0.9211
Recall: 0.96
AUC: 0.91
Mean Absolute Error (MAE): 0.08
R-squared: 0.66
              precision    recall  f1-score   support

           0       0.92      0.85      0.89        41
           1       0.92      0.96      0.94        73

    accuracy                           0.92       114
   macro avg       0.92      0.91      0.91       114
weighted avg       0.92      0.92      0.92       114

Caracteristiques les plus importantes:
Feature   Importance
  E1278 2.348954e-01
  E1119 1.732918e-01
   E264 1.124122e-01
   E961 9.557168e-02
  E1369 6.087948e-02
   E818 5.767330e-02
   E993 3.082415e-02
  E1120 2.723833e-02
   E960 2.694603e-02
   E274 1.959502e-02
   E619 1.766816e-02
   E992 1.578673e-02
    E35 1.436567e-02
  E1472 1.330000e-02
   E394 1.179022e-02
  E1269 1.159306e-02
   E185 1.044910e-02
   E414 9.433102e-03
  E1386 8.753488e-03
   E989 6.860441e-03
    E42 5.827092e-03
   E473 5.203520e-03
   E727 3.985960e-03
   E253 3.723789e-03
   E804 3.535220e-03
   E608 3.515943e-03
   E400 3.133742e-03
   E824 2.953367e-03
   E186 2.551603e-03
   E991 1.588566e-03
  E1370 1.375943e-03
  E1197 1.361634e-03
   E584 8.843394e-04
  E1098 4.104424e-04
   E926 2.892447e-04
  E1279 2.783997e-04
   E884 4.630544e-05
   E183 3.629820e-06
  E1291 3.116154e-06
   E182 7.837948e-07
   E130 0.000000e+00
  E1302 0.000000e+00
   E131 0.000000e+00
  E1312 0.000000e+00
  E1313 0.000000e+00
  E1314 0.000000e+00
  E1315 0.000000e+00
  E1316 0.000000e+00
  E1317 0.000000e+00
  E1318 0.000000e+00
  E1319 0.000000e+00
   E132 0.000000e+00
  E1320 0.000000e+00
  E1321 0.000000e+00
  E1322 0.000000e+00
  E1323 0.000000e+00
  E1324 0.000000e+00
  E1325 0.000000e+00
  E1326 0.000000e+00
   E133 0.000000e+00
   E134 0.000000e+00
  E1347 0.000000e+00
   E135 0.000000e+00
  E1352 0.000000e+00
   E136 0.000000e+00
  E1366 0.000000e+00
  E1367 0.000000e+00
  E1368 0.000000e+00
  E1384 0.000000e+00
  E1385 0.000000e+00
    E14 0.000000e+00
  E1452 0.000000e+00
  E1461 0.000000e+00
  E1474 0.000000e+00
  E1489 0.000000e+00
  E1492 0.000000e+00
    E15 0.000000e+00
    E16 0.000000e+00
    E17 0.000000e+00
   E175 0.000000e+00
   E176 0.000000e+00
   E177 0.000000e+00
   E178 0.000000e+00
   E179 0.000000e+00
    E18 0.000000e+00
   E180 0.000000e+00
   E181 0.000000e+00
   E184 0.000000e+00
   E187 0.000000e+00
    E19 0.000000e+00
    E20 0.000000e+00
    E21 0.000000e+00
    E22 0.000000e+00
    E23 0.000000e+00
   E231 0.000000e+00
   E232 0.000000e+00
   E233 0.000000e+00
    E24 0.000000e+00
    E25 0.000000e+00
   E255 0.000000e+00
   E258 0.000000e+00
   E259 0.000000e+00
    E26 0.000000e+00
   E260 0.000000e+00
   E261 0.000000e+00
   E262 0.000000e+00
   E263 0.000000e+00
   E265 0.000000e+00
   E266 0.000000e+00
   E267 0.000000e+00
   E268 0.000000e+00
   E269 0.000000e+00
    E27 0.000000e+00
   E270 0.000000e+00
   E271 0.000000e+00
   E272 0.000000e+00
   E273 0.000000e+00
    E28 0.000000e+00
    E29 0.000000e+00
    E30 0.000000e+00
    E31 0.000000e+00
    E32 0.000000e+00
    E33 0.000000e+00
    E34 0.000000e+00
    E36 0.000000e+00
   E361 0.000000e+00
   E367 0.000000e+00
    E37 0.000000e+00
    E38 0.000000e+00
    E39 0.000000e+00
    E40 0.000000e+00
    E41 0.000000e+00
   E425 0.000000e+00
   E426 0.000000e+00
   E427 0.000000e+00
   E428 0.000000e+00
   E429 0.000000e+00
    E43 0.000000e+00
   E430 0.000000e+00
   E431 0.000000e+00
   E432 0.000000e+00
   E433 0.000000e+00
   E434 0.000000e+00
   E435 0.000000e+00
   E436 0.000000e+00
   E437 0.000000e+00
   E438 0.000000e+00
   E439 0.000000e+00
    E44 0.000000e+00
   E440 0.000000e+00
   E441 0.000000e+00
   E442 0.000000e+00
   E443 0.000000e+00
   E444 0.000000e+00
   E445 0.000000e+00
   E446 0.000000e+00
   E447 0.000000e+00
   E448 0.000000e+00
   E449 0.000000e+00
   E450 0.000000e+00
   E451 0.000000e+00
   E452 0.000000e+00
   E453 0.000000e+00
   E454 0.000000e+00
   E455 0.000000e+00
   E456 0.000000e+00
   E457 0.000000e+00
   E458 0.000000e+00
   E459 0.000000e+00
   E460 0.000000e+00
   E461 0.000000e+00
   E462 0.000000e+00
   E463 0.000000e+00
   E464 0.000000e+00
   E465 0.000000e+00
   E466 0.000000e+00
  E1049 0.000000e+00
    E51 0.000000e+00
   E518 0.000000e+00
    E52 0.000000e+00
   E521 0.000000e+00
   E528 0.000000e+00
  E1100 0.000000e+00
   E607 0.000000e+00
   E925 0.000000e+00
   E610 0.000000e+00
   E612 0.000000e+00
   E613 0.000000e+00
   E614 0.000000e+00
   E615 0.000000e+00
   E616 0.000000e+00
   E617 0.000000e+00
   E618 0.000000e+00
   E969 0.000000e+00
   E620 0.000000e+00
   E621 0.000000e+00
   E622 0.000000e+00
   E623 0.000000e+00
   E624 0.000000e+00
   E625 0.000000e+00
   E626 0.000000e+00
   E627 0.000000e+00
   E628 0.000000e+00
   E629 0.000000e+00
   E630 0.000000e+00
   E701 0.000000e+00
   E726 0.000000e+00
   E970 0.000000e+00
   E728 0.000000e+00
   E761 0.000000e+00
   E784 0.000000e+00
    E79 0.000000e+00
   E793 0.000000e+00
   E797 0.000000e+00
   E798 0.000000e+00
   E799 0.000000e+00
   E800 0.000000e+00
   E801 0.000000e+00
   E802 0.000000e+00
   E803 0.000000e+00
   E971 0.000000e+00
   E805 0.000000e+00
   E806 0.000000e+00
   E807 0.000000e+00
   E808 0.000000e+00
   E809 0.000000e+00
    E81 0.000000e+00
   E810 0.000000e+00
   E811 0.000000e+00
   E812 0.000000e+00
   E813 0.000000e+00
   E814 0.000000e+00
   E815 0.000000e+00
   E816 0.000000e+00
   E817 0.000000e+00
   E972 0.000000e+00
   E823 0.000000e+00
   E973 0.000000e+00
   E825 0.000000e+00
   E856 0.000000e+00
   E974 0.000000e+00
     E9 0.000000e+00
    E90 0.000000e+00
   E981 0.000000e+00
   E982 0.000000e+00
   E983 0.000000e+00
   E984 0.000000e+00
   E985 0.000000e+00
   E986 0.000000e+00
   E987 0.000000e+00
   E988 0.000000e+00
   E975 0.000000e+00
    E99 0.000000e+00
   E990 0.000000e+00
   E976 0.000000e+00
   E977 0.000000e+00
   E978 0.000000e+00
   E979 0.000000e+00
   E980 0.000000e+00
  E1101 0.000000e+00
  E1102 0.000000e+00
  E1103 0.000000e+00
  E1104 0.000000e+00
  E1105 0.000000e+00
  E1106 0.000000e+00
  E1107 0.000000e+00
  E1108 0.000000e+00
   E128 0.000000e+00
   E129 0.000000e+00
  E1132 0.000000e+00
  E1292 0.000000e+00
  E1268 0.000000e+00
    E13 0.000000e+00
   E999 0.000000e+00
------------------------------------

------------------------------------
--- Random Forest Classifier - TRAIN DATA - 0 ---

Size of test set: 459
Size of predicted set: 459

Number of estimators: 10
Randomize value: 55

Unique classes in TESTS\VALIDATION set: [0 1]
Unique classes in PREDICTED set: [0 1]

Accuracy: 0.9978
Recall: 1.00
AUC: 1.00
Mean Absolute Error (MAE): 0.00
R-squared: 0.98
              precision    recall  f1-score   support

           0       0.98      1.00      0.99        64
           1       1.00      1.00      1.00       395

    accuracy                           1.00       459
   macro avg       0.99      1.00      1.00       459
weighted avg       1.00      1.00      1.00       459

Caracteristiques les plus importantes:
Feature   Importance
  E1278 2.348954e-01
  E1119 1.732918e-01
   E264 1.124122e-01
   E961 9.557168e-02
  E1369 6.087948e-02
   E818 5.767330e-02
   E993 3.082415e-02
  E1120 2.723833e-02
   E960 2.694603e-02
   E274 1.959502e-02
   E619 1.766816e-02
   E992 1.578673e-02
    E35 1.436567e-02
  E1472 1.330000e-02
   E394 1.179022e-02
  E1269 1.159306e-02
   E185 1.044910e-02
   E414 9.433102e-03
  E1386 8.753488e-03
   E989 6.860441e-03
    E42 5.827092e-03
   E473 5.203520e-03
   E727 3.985960e-03
   E253 3.723789e-03
   E804 3.535220e-03
   E608 3.515943e-03
   E400 3.133742e-03
   E824 2.953367e-03
   E186 2.551603e-03
   E991 1.588566e-03
  E1370 1.375943e-03
  E1197 1.361634e-03
   E584 8.843394e-04
  E1098 4.104424e-04
   E926 2.892447e-04
  E1279 2.783997e-04
   E884 4.630544e-05
   E183 3.629820e-06
  E1291 3.116154e-06
   E182 7.837948e-07
   E130 0.000000e+00
  E1302 0.000000e+00
   E131 0.000000e+00
  E1312 0.000000e+00
  E1313 0.000000e+00
  E1314 0.000000e+00
  E1315 0.000000e+00
  E1316 0.000000e+00
  E1317 0.000000e+00
  E1318 0.000000e+00
  E1319 0.000000e+00
   E132 0.000000e+00
  E1320 0.000000e+00
  E1321 0.000000e+00
  E1322 0.000000e+00
  E1323 0.000000e+00
  E1324 0.000000e+00
  E1325 0.000000e+00
  E1326 0.000000e+00
   E133 0.000000e+00
   E134 0.000000e+00
  E1347 0.000000e+00
   E135 0.000000e+00
  E1352 0.000000e+00
   E136 0.000000e+00
  E1366 0.000000e+00
  E1367 0.000000e+00
  E1368 0.000000e+00
  E1384 0.000000e+00
  E1385 0.000000e+00
    E14 0.000000e+00
  E1452 0.000000e+00
  E1461 0.000000e+00
  E1474 0.000000e+00
  E1489 0.000000e+00
  E1492 0.000000e+00
    E15 0.000000e+00
    E16 0.000000e+00
    E17 0.000000e+00
   E175 0.000000e+00
   E176 0.000000e+00
   E177 0.000000e+00
   E178 0.000000e+00
   E179 0.000000e+00
    E18 0.000000e+00
   E180 0.000000e+00
   E181 0.000000e+00
   E184 0.000000e+00
   E187 0.000000e+00
    E19 0.000000e+00
    E20 0.000000e+00
    E21 0.000000e+00
    E22 0.000000e+00
    E23 0.000000e+00
   E231 0.000000e+00
   E232 0.000000e+00
   E233 0.000000e+00
    E24 0.000000e+00
    E25 0.000000e+00
   E255 0.000000e+00
   E258 0.000000e+00
   E259 0.000000e+00
    E26 0.000000e+00
   E260 0.000000e+00
   E261 0.000000e+00
   E262 0.000000e+00
   E263 0.000000e+00
   E265 0.000000e+00
   E266 0.000000e+00
   E267 0.000000e+00
   E268 0.000000e+00
   E269 0.000000e+00
    E27 0.000000e+00
   E270 0.000000e+00
   E271 0.000000e+00
   E272 0.000000e+00
   E273 0.000000e+00
    E28 0.000000e+00
    E29 0.000000e+00
    E30 0.000000e+00
    E31 0.000000e+00
    E32 0.000000e+00
    E33 0.000000e+00
    E34 0.000000e+00
    E36 0.000000e+00
   E361 0.000000e+00
   E367 0.000000e+00
    E37 0.000000e+00
    E38 0.000000e+00
    E39 0.000000e+00
    E40 0.000000e+00
    E41 0.000000e+00
   E425 0.000000e+00
   E426 0.000000e+00
   E427 0.000000e+00
   E428 0.000000e+00
   E429 0.000000e+00
    E43 0.000000e+00
   E430 0.000000e+00
   E431 0.000000e+00
   E432 0.000000e+00
   E433 0.000000e+00
   E434 0.000000e+00
   E435 0.000000e+00
   E436 0.000000e+00
   E437 0.000000e+00
   E438 0.000000e+00
   E439 0.000000e+00
    E44 0.000000e+00
   E440 0.000000e+00
   E441 0.000000e+00
   E442 0.000000e+00
   E443 0.000000e+00
   E444 0.000000e+00
   E445 0.000000e+00
   E446 0.000000e+00
   E447 0.000000e+00
   E448 0.000000e+00
   E449 0.000000e+00
   E450 0.000000e+00
   E451 0.000000e+00
   E452 0.000000e+00
   E453 0.000000e+00
   E454 0.000000e+00
   E455 0.000000e+00
   E456 0.000000e+00
   E457 0.000000e+00
   E458 0.000000e+00
   E459 0.000000e+00
   E460 0.000000e+00
   E461 0.000000e+00
   E462 0.000000e+00
   E463 0.000000e+00
   E464 0.000000e+00
   E465 0.000000e+00
   E466 0.000000e+00
  E1049 0.000000e+00
    E51 0.000000e+00
   E518 0.000000e+00
    E52 0.000000e+00
   E521 0.000000e+00
   E528 0.000000e+00
  E1100 0.000000e+00
   E607 0.000000e+00
   E925 0.000000e+00
   E610 0.000000e+00
   E612 0.000000e+00
   E613 0.000000e+00
   E614 0.000000e+00
   E615 0.000000e+00
   E616 0.000000e+00
   E617 0.000000e+00
   E618 0.000000e+00
   E969 0.000000e+00
   E620 0.000000e+00
   E621 0.000000e+00
   E622 0.000000e+00
   E623 0.000000e+00
   E624 0.000000e+00
   E625 0.000000e+00
   E626 0.000000e+00
   E627 0.000000e+00
   E628 0.000000e+00
   E629 0.000000e+00
   E630 0.000000e+00
   E701 0.000000e+00
   E726 0.000000e+00
   E970 0.000000e+00
   E728 0.000000e+00
   E761 0.000000e+00
   E784 0.000000e+00
    E79 0.000000e+00
   E793 0.000000e+00
   E797 0.000000e+00
   E798 0.000000e+00
   E799 0.000000e+00
   E800 0.000000e+00
   E801 0.000000e+00
   E802 0.000000e+00
   E803 0.000000e+00
   E971 0.000000e+00
   E805 0.000000e+00
   E806 0.000000e+00
   E807 0.000000e+00
   E808 0.000000e+00
   E809 0.000000e+00
    E81 0.000000e+00
   E810 0.000000e+00
   E811 0.000000e+00
   E812 0.000000e+00
   E813 0.000000e+00
   E814 0.000000e+00
   E815 0.000000e+00
   E816 0.000000e+00
   E817 0.000000e+00
   E972 0.000000e+00
   E823 0.000000e+00
   E973 0.000000e+00
   E825 0.000000e+00
   E856 0.000000e+00
   E974 0.000000e+00
     E9 0.000000e+00
    E90 0.000000e+00
   E981 0.000000e+00
   E982 0.000000e+00
   E983 0.000000e+00
   E984 0.000000e+00
   E985 0.000000e+00
   E986 0.000000e+00
   E987 0.000000e+00
   E988 0.000000e+00
   E975 0.000000e+00
    E99 0.000000e+00
   E990 0.000000e+00
   E976 0.000000e+00
   E977 0.000000e+00
   E978 0.000000e+00
   E979 0.000000e+00
   E980 0.000000e+00
  E1101 0.000000e+00
  E1102 0.000000e+00
  E1103 0.000000e+00
  E1104 0.000000e+00
  E1105 0.000000e+00
  E1106 0.000000e+00
  E1107 0.000000e+00
  E1108 0.000000e+00
   E128 0.000000e+00
   E129 0.000000e+00
  E1132 0.000000e+00
  E1292 0.000000e+00
  E1268 0.000000e+00
    E13 0.000000e+00
   E999 0.000000e+00
------------------------------------

