Train data size: 80, Validation size: 0, Test size: 20

Data sample 0 - Start index: 0, End index: 759, Chunk size: 759

------------------------------------
--- Random Forest Classifier - TEST DATA - 0 ---

Size of test set: 151
Size of predicted set: 151

Number of estimators: 10
Randomize value: 55

Unique classes in TESTS\VALIDATION set: [0 1]
Unique classes in PREDICTED set: [0 1]

Accuracy: 0.9536
Recall: 1.00
AUC: 0.90
Mean Absolute Error (MAE): 0.05
R-squared: 0.74
              precision    recall  f1-score   support

           0       1.00      0.80      0.89        35
           1       0.94      1.00      0.97       116

    accuracy                           0.95       151
   macro avg       0.97      0.90      0.93       151
weighted avg       0.96      0.95      0.95       151

Caracteristiques les plus importantes:
Feature   Importance
  E1119 2.251320e-01
  E1278 2.020461e-01
   E264 1.550735e-01
   E818 9.952968e-02
   E993 7.103292e-02
  E1369 5.053607e-02
   E960 3.602119e-02
   E992 2.493588e-02
   E425 2.043584e-02
   E274 1.863450e-02
   E185 1.531958e-02
   E183 1.498599e-02
   E961 1.084418e-02
    E35 1.035921e-02
   E414 6.757746e-03
   E394 6.488060e-03
    E51 6.043268e-03
  E1269 5.056053e-03
   E464 4.186714e-03
   E727 3.973026e-03
   E623 3.042911e-03
   E815 2.751146e-03
  E1370 2.415244e-03
   E253 1.821225e-03
   E610 1.021362e-03
   E608 9.648074e-04
  E1098 2.903893e-04
   E584 1.877120e-04
   E793 3.144165e-05
   E726 2.738170e-05
   E926 2.560611e-05
   E856 1.574448e-05
   E884 1.058470e-05
  E1452 1.510259e-06
   E232 8.080014e-07
   E473 5.871527e-07
    E13 0.000000e+00
   E130 0.000000e+00
  E1302 0.000000e+00
   E131 0.000000e+00
  E1312 0.000000e+00
  E1313 0.000000e+00
  E1314 0.000000e+00
  E1315 0.000000e+00
  E1316 0.000000e+00
  E1317 0.000000e+00
  E1318 0.000000e+00
  E1319 0.000000e+00
   E132 0.000000e+00
  E1320 0.000000e+00
  E1321 0.000000e+00
  E1322 0.000000e+00
  E1323 0.000000e+00
  E1324 0.000000e+00
  E1325 0.000000e+00
  E1326 0.000000e+00
   E133 0.000000e+00
   E134 0.000000e+00
  E1347 0.000000e+00
   E135 0.000000e+00
  E1352 0.000000e+00
   E136 0.000000e+00
  E1366 0.000000e+00
  E1367 0.000000e+00
  E1368 0.000000e+00
  E1384 0.000000e+00
  E1385 0.000000e+00
  E1386 0.000000e+00
    E14 0.000000e+00
  E1461 0.000000e+00
  E1472 0.000000e+00
  E1474 0.000000e+00
  E1489 0.000000e+00
  E1492 0.000000e+00
    E15 0.000000e+00
    E16 0.000000e+00
    E17 0.000000e+00
   E175 0.000000e+00
   E176 0.000000e+00
   E177 0.000000e+00
   E178 0.000000e+00
   E179 0.000000e+00
    E18 0.000000e+00
   E180 0.000000e+00
   E181 0.000000e+00
   E182 0.000000e+00
   E184 0.000000e+00
   E186 0.000000e+00
   E187 0.000000e+00
    E19 0.000000e+00
    E20 0.000000e+00
    E21 0.000000e+00
    E22 0.000000e+00
    E23 0.000000e+00
   E231 0.000000e+00
   E233 0.000000e+00
    E24 0.000000e+00
    E25 0.000000e+00
   E255 0.000000e+00
   E258 0.000000e+00
   E259 0.000000e+00
    E26 0.000000e+00
   E260 0.000000e+00
   E261 0.000000e+00
   E262 0.000000e+00
   E263 0.000000e+00
   E265 0.000000e+00
   E266 0.000000e+00
   E267 0.000000e+00
   E268 0.000000e+00
   E269 0.000000e+00
    E27 0.000000e+00
   E270 0.000000e+00
   E271 0.000000e+00
   E272 0.000000e+00
   E273 0.000000e+00
    E28 0.000000e+00
    E29 0.000000e+00
    E30 0.000000e+00
    E31 0.000000e+00
    E32 0.000000e+00
    E33 0.000000e+00
    E34 0.000000e+00
    E36 0.000000e+00
   E361 0.000000e+00
   E367 0.000000e+00
    E37 0.000000e+00
    E38 0.000000e+00
    E39 0.000000e+00
    E40 0.000000e+00
   E400 0.000000e+00
    E41 0.000000e+00
    E42 0.000000e+00
   E426 0.000000e+00
   E427 0.000000e+00
   E428 0.000000e+00
   E429 0.000000e+00
    E43 0.000000e+00
   E430 0.000000e+00
   E431 0.000000e+00
   E432 0.000000e+00
   E433 0.000000e+00
   E434 0.000000e+00
   E435 0.000000e+00
   E436 0.000000e+00
   E437 0.000000e+00
   E438 0.000000e+00
   E439 0.000000e+00
    E44 0.000000e+00
   E440 0.000000e+00
   E441 0.000000e+00
   E442 0.000000e+00
   E443 0.000000e+00
   E444 0.000000e+00
   E445 0.000000e+00
   E446 0.000000e+00
   E447 0.000000e+00
   E448 0.000000e+00
   E449 0.000000e+00
   E450 0.000000e+00
   E451 0.000000e+00
   E452 0.000000e+00
   E453 0.000000e+00
   E454 0.000000e+00
   E455 0.000000e+00
   E456 0.000000e+00
   E457 0.000000e+00
   E458 0.000000e+00
   E459 0.000000e+00
   E460 0.000000e+00
   E461 0.000000e+00
   E462 0.000000e+00
   E463 0.000000e+00
  E1049 0.000000e+00
   E465 0.000000e+00
   E466 0.000000e+00
  E1100 0.000000e+00
   E925 0.000000e+00
   E518 0.000000e+00
    E52 0.000000e+00
   E521 0.000000e+00
   E528 0.000000e+00
   E969 0.000000e+00
   E607 0.000000e+00
   E970 0.000000e+00
   E971 0.000000e+00
   E612 0.000000e+00
   E613 0.000000e+00
   E614 0.000000e+00
   E615 0.000000e+00
   E616 0.000000e+00
   E617 0.000000e+00
   E618 0.000000e+00
   E619 0.000000e+00
   E620 0.000000e+00
   E621 0.000000e+00
   E622 0.000000e+00
   E972 0.000000e+00
   E624 0.000000e+00
   E625 0.000000e+00
   E626 0.000000e+00
   E627 0.000000e+00
   E628 0.000000e+00
   E629 0.000000e+00
   E630 0.000000e+00
   E973 0.000000e+00
   E974 0.000000e+00
   E975 0.000000e+00
   E728 0.000000e+00
   E761 0.000000e+00
   E784 0.000000e+00
    E79 0.000000e+00
   E976 0.000000e+00
   E797 0.000000e+00
   E798 0.000000e+00
   E799 0.000000e+00
   E800 0.000000e+00
   E801 0.000000e+00
   E802 0.000000e+00
   E803 0.000000e+00
   E804 0.000000e+00
   E805 0.000000e+00
   E806 0.000000e+00
   E807 0.000000e+00
   E808 0.000000e+00
   E809 0.000000e+00
    E81 0.000000e+00
   E810 0.000000e+00
   E811 0.000000e+00
   E812 0.000000e+00
   E813 0.000000e+00
   E814 0.000000e+00
   E977 0.000000e+00
   E816 0.000000e+00
   E817 0.000000e+00
   E978 0.000000e+00
   E823 0.000000e+00
   E824 0.000000e+00
   E825 0.000000e+00
   E701 0.000000e+00
  E1279 0.000000e+00
     E9 0.000000e+00
    E90 0.000000e+00
   E981 0.000000e+00
   E982 0.000000e+00
   E983 0.000000e+00
   E984 0.000000e+00
   E985 0.000000e+00
   E986 0.000000e+00
   E987 0.000000e+00
   E988 0.000000e+00
   E989 0.000000e+00
    E99 0.000000e+00
   E990 0.000000e+00
   E991 0.000000e+00
   E128 0.000000e+00
   E129 0.000000e+00
   E979 0.000000e+00
   E980 0.000000e+00
  E1101 0.000000e+00
  E1102 0.000000e+00
  E1103 0.000000e+00
  E1104 0.000000e+00
  E1105 0.000000e+00
  E1106 0.000000e+00
  E1107 0.000000e+00
  E1108 0.000000e+00
  E1291 0.000000e+00
  E1120 0.000000e+00
  E1132 0.000000e+00
  E1197 0.000000e+00
  E1268 0.000000e+00
  E1292 0.000000e+00
   E999 0.000000e+00
------------------------------------

------------------------------------
--- Random Forest Classifier - TRAIN DATA - 0 ---

Size of test set: 607
Size of predicted set: 607

Number of estimators: 10
Randomize value: 55

Unique classes in TESTS\VALIDATION set: [0 1]
Unique classes in PREDICTED set: [0 1]

Accuracy: 0.9951
Recall: 1.00
AUC: 0.99
Mean Absolute Error (MAE): 0.00
R-squared: 0.95
              precision    recall  f1-score   support

           0       0.99      0.97      0.98        73
           1       1.00      1.00      1.00       534

    accuracy                           1.00       607
   macro avg       0.99      0.99      0.99       607
weighted avg       1.00      1.00      1.00       607

Caracteristiques les plus importantes:
Feature   Importance
  E1119 2.251320e-01
  E1278 2.020461e-01
   E264 1.550735e-01
   E818 9.952968e-02
   E993 7.103292e-02
  E1369 5.053607e-02
   E960 3.602119e-02
   E992 2.493588e-02
   E425 2.043584e-02
   E274 1.863450e-02
   E185 1.531958e-02
   E183 1.498599e-02
   E961 1.084418e-02
    E35 1.035921e-02
   E414 6.757746e-03
   E394 6.488060e-03
    E51 6.043268e-03
  E1269 5.056053e-03
   E464 4.186714e-03
   E727 3.973026e-03
   E623 3.042911e-03
   E815 2.751146e-03
  E1370 2.415244e-03
   E253 1.821225e-03
   E610 1.021362e-03
   E608 9.648074e-04
  E1098 2.903893e-04
   E584 1.877120e-04
   E793 3.144165e-05
   E726 2.738170e-05
   E926 2.560611e-05
   E856 1.574448e-05
   E884 1.058470e-05
  E1452 1.510259e-06
   E232 8.080014e-07
   E473 5.871527e-07
    E13 0.000000e+00
   E130 0.000000e+00
  E1302 0.000000e+00
   E131 0.000000e+00
  E1312 0.000000e+00
  E1313 0.000000e+00
  E1314 0.000000e+00
  E1315 0.000000e+00
  E1316 0.000000e+00
  E1317 0.000000e+00
  E1318 0.000000e+00
  E1319 0.000000e+00
   E132 0.000000e+00
  E1320 0.000000e+00
  E1321 0.000000e+00
  E1322 0.000000e+00
  E1323 0.000000e+00
  E1324 0.000000e+00
  E1325 0.000000e+00
  E1326 0.000000e+00
   E133 0.000000e+00
   E134 0.000000e+00
  E1347 0.000000e+00
   E135 0.000000e+00
  E1352 0.000000e+00
   E136 0.000000e+00
  E1366 0.000000e+00
  E1367 0.000000e+00
  E1368 0.000000e+00
  E1384 0.000000e+00
  E1385 0.000000e+00
  E1386 0.000000e+00
    E14 0.000000e+00
  E1461 0.000000e+00
  E1472 0.000000e+00
  E1474 0.000000e+00
  E1489 0.000000e+00
  E1492 0.000000e+00
    E15 0.000000e+00
    E16 0.000000e+00
    E17 0.000000e+00
   E175 0.000000e+00
   E176 0.000000e+00
   E177 0.000000e+00
   E178 0.000000e+00
   E179 0.000000e+00
    E18 0.000000e+00
   E180 0.000000e+00
   E181 0.000000e+00
   E182 0.000000e+00
   E184 0.000000e+00
   E186 0.000000e+00
   E187 0.000000e+00
    E19 0.000000e+00
    E20 0.000000e+00
    E21 0.000000e+00
    E22 0.000000e+00
    E23 0.000000e+00
   E231 0.000000e+00
   E233 0.000000e+00
    E24 0.000000e+00
    E25 0.000000e+00
   E255 0.000000e+00
   E258 0.000000e+00
   E259 0.000000e+00
    E26 0.000000e+00
   E260 0.000000e+00
   E261 0.000000e+00
   E262 0.000000e+00
   E263 0.000000e+00
   E265 0.000000e+00
   E266 0.000000e+00
   E267 0.000000e+00
   E268 0.000000e+00
   E269 0.000000e+00
    E27 0.000000e+00
   E270 0.000000e+00
   E271 0.000000e+00
   E272 0.000000e+00
   E273 0.000000e+00
    E28 0.000000e+00
    E29 0.000000e+00
    E30 0.000000e+00
    E31 0.000000e+00
    E32 0.000000e+00
    E33 0.000000e+00
    E34 0.000000e+00
    E36 0.000000e+00
   E361 0.000000e+00
   E367 0.000000e+00
    E37 0.000000e+00
    E38 0.000000e+00
    E39 0.000000e+00
    E40 0.000000e+00
   E400 0.000000e+00
    E41 0.000000e+00
    E42 0.000000e+00
   E426 0.000000e+00
   E427 0.000000e+00
   E428 0.000000e+00
   E429 0.000000e+00
    E43 0.000000e+00
   E430 0.000000e+00
   E431 0.000000e+00
   E432 0.000000e+00
   E433 0.000000e+00
   E434 0.000000e+00
   E435 0.000000e+00
   E436 0.000000e+00
   E437 0.000000e+00
   E438 0.000000e+00
   E439 0.000000e+00
    E44 0.000000e+00
   E440 0.000000e+00
   E441 0.000000e+00
   E442 0.000000e+00
   E443 0.000000e+00
   E444 0.000000e+00
   E445 0.000000e+00
   E446 0.000000e+00
   E447 0.000000e+00
   E448 0.000000e+00
   E449 0.000000e+00
   E450 0.000000e+00
   E451 0.000000e+00
   E452 0.000000e+00
   E453 0.000000e+00
   E454 0.000000e+00
   E455 0.000000e+00
   E456 0.000000e+00
   E457 0.000000e+00
   E458 0.000000e+00
   E459 0.000000e+00
   E460 0.000000e+00
   E461 0.000000e+00
   E462 0.000000e+00
   E463 0.000000e+00
  E1049 0.000000e+00
   E465 0.000000e+00
   E466 0.000000e+00
  E1100 0.000000e+00
   E925 0.000000e+00
   E518 0.000000e+00
    E52 0.000000e+00
   E521 0.000000e+00
   E528 0.000000e+00
   E969 0.000000e+00
   E607 0.000000e+00
   E970 0.000000e+00
   E971 0.000000e+00
   E612 0.000000e+00
   E613 0.000000e+00
   E614 0.000000e+00
   E615 0.000000e+00
   E616 0.000000e+00
   E617 0.000000e+00
   E618 0.000000e+00
   E619 0.000000e+00
   E620 0.000000e+00
   E621 0.000000e+00
   E622 0.000000e+00
   E972 0.000000e+00
   E624 0.000000e+00
   E625 0.000000e+00
   E626 0.000000e+00
   E627 0.000000e+00
   E628 0.000000e+00
   E629 0.000000e+00
   E630 0.000000e+00
   E973 0.000000e+00
   E974 0.000000e+00
   E975 0.000000e+00
   E728 0.000000e+00
   E761 0.000000e+00
   E784 0.000000e+00
    E79 0.000000e+00
   E976 0.000000e+00
   E797 0.000000e+00
   E798 0.000000e+00
   E799 0.000000e+00
   E800 0.000000e+00
   E801 0.000000e+00
   E802 0.000000e+00
   E803 0.000000e+00
   E804 0.000000e+00
   E805 0.000000e+00
   E806 0.000000e+00
   E807 0.000000e+00
   E808 0.000000e+00
   E809 0.000000e+00
    E81 0.000000e+00
   E810 0.000000e+00
   E811 0.000000e+00
   E812 0.000000e+00
   E813 0.000000e+00
   E814 0.000000e+00
   E977 0.000000e+00
   E816 0.000000e+00
   E817 0.000000e+00
   E978 0.000000e+00
   E823 0.000000e+00
   E824 0.000000e+00
   E825 0.000000e+00
   E701 0.000000e+00
  E1279 0.000000e+00
     E9 0.000000e+00
    E90 0.000000e+00
   E981 0.000000e+00
   E982 0.000000e+00
   E983 0.000000e+00
   E984 0.000000e+00
   E985 0.000000e+00
   E986 0.000000e+00
   E987 0.000000e+00
   E988 0.000000e+00
   E989 0.000000e+00
    E99 0.000000e+00
   E990 0.000000e+00
   E991 0.000000e+00
   E128 0.000000e+00
   E129 0.000000e+00
   E979 0.000000e+00
   E980 0.000000e+00
  E1101 0.000000e+00
  E1102 0.000000e+00
  E1103 0.000000e+00
  E1104 0.000000e+00
  E1105 0.000000e+00
  E1106 0.000000e+00
  E1107 0.000000e+00
  E1108 0.000000e+00
  E1291 0.000000e+00
  E1120 0.000000e+00
  E1132 0.000000e+00
  E1197 0.000000e+00
  E1268 0.000000e+00
  E1292 0.000000e+00
   E999 0.000000e+00
------------------------------------

