Train data size: 80, Validation size: 0, Test size: 20

Data sample 0 - Start index: 0, End index: 793, Chunk size: 793

------------------------------------
--- Random Forest Classifier - TEST DATA - 0 ---

Size of test set: 158
Size of predicted set: 158

Number of estimators: 10
Randomize value: 55

Unique classes in TESTS\VALIDATION set: [0 1]
Unique classes in PREDICTED set: [0 1]

Accuracy: 0.9051
Recall: 1.00
AUC: 0.88
Mean Absolute Error (MAE): 0.09
R-squared: 0.61
              precision    recall  f1-score   support

           0       1.00      0.77      0.87        64
           1       0.86      1.00      0.93        94

    accuracy                           0.91       158
   macro avg       0.93      0.88      0.90       158
weighted avg       0.92      0.91      0.90       158

Caracteristiques les plus importantes:
Feature  Importance
  E1119    0.208286
  E1278    0.152208
   E264    0.142868
   E961    0.061670
   E818    0.057257
   E960    0.046389
   E993    0.040816
   E989    0.034743
   E992    0.031824
   E425    0.026822
   E414    0.025278
  E1369    0.023046
   E274    0.022304
   E394    0.019910
   E619    0.013018
   E610    0.011373
   E186    0.009609
  E1370    0.009304
   E518    0.008643
    E42    0.008513
   E608    0.007907
   E824    0.005290
    E51    0.004201
   E623    0.004072
   E473    0.003973
  E1386    0.003349
  E1098    0.003304
  E1197    0.002362
   E727    0.002259
  E1269    0.002128
   E926    0.001646
   E253    0.001541
   E400    0.001254
   E449    0.001085
  E1291    0.000924
   E182    0.000285
  E1472    0.000166
   E793    0.000124
  E1279    0.000122
   E761    0.000051
  E1326    0.000036
    E52    0.000012
   E464    0.000010
    E40    0.000008
   E823    0.000007
  E1452    0.000001
  E1314    0.000000
  E1315    0.000000
  E1316    0.000000
  E1317    0.000000
  E1318    0.000000
  E1319    0.000000
   E132    0.000000
  E1320    0.000000
  E1321    0.000000
  E1322    0.000000
  E1323    0.000000
  E1324    0.000000
  E1325    0.000000
   E133    0.000000
   E134    0.000000
  E1347    0.000000
   E135    0.000000
  E1352    0.000000
   E136    0.000000
  E1366    0.000000
  E1367    0.000000
  E1368    0.000000
  E1384    0.000000
  E1385    0.000000
    E14    0.000000
  E1461    0.000000
  E1474    0.000000
  E1489    0.000000
  E1492    0.000000
    E15    0.000000
    E16    0.000000
    E17    0.000000
   E175    0.000000
   E176    0.000000
   E177    0.000000
   E178    0.000000
   E179    0.000000
    E18    0.000000
   E180    0.000000
   E181    0.000000
   E183    0.000000
   E184    0.000000
   E185    0.000000
   E187    0.000000
    E19    0.000000
    E20    0.000000
    E21    0.000000
    E22    0.000000
    E23    0.000000
   E231    0.000000
   E232    0.000000
   E233    0.000000
    E24    0.000000
    E25    0.000000
   E255    0.000000
   E258    0.000000
   E259    0.000000
    E26    0.000000
   E260    0.000000
   E261    0.000000
   E262    0.000000
   E263    0.000000
   E265    0.000000
   E266    0.000000
   E267    0.000000
   E268    0.000000
   E269    0.000000
    E27    0.000000
   E270    0.000000
   E271    0.000000
   E272    0.000000
   E273    0.000000
    E28    0.000000
    E29    0.000000
    E30    0.000000
    E31    0.000000
    E32    0.000000
    E33    0.000000
    E34    0.000000
    E35    0.000000
    E36    0.000000
   E361    0.000000
   E367    0.000000
    E37    0.000000
    E38    0.000000
    E39    0.000000
    E41    0.000000
   E426    0.000000
   E427    0.000000
   E428    0.000000
   E429    0.000000
    E43    0.000000
   E430    0.000000
   E431    0.000000
   E432    0.000000
   E433    0.000000
   E434    0.000000
   E435    0.000000
   E436    0.000000
   E437    0.000000
   E438    0.000000
   E439    0.000000
    E44    0.000000
   E440    0.000000
   E441    0.000000
   E442    0.000000
   E443    0.000000
   E444    0.000000
   E445    0.000000
   E446    0.000000
   E447    0.000000
   E448    0.000000
  E1049    0.000000
   E450    0.000000
   E451    0.000000
   E452    0.000000
   E453    0.000000
   E454    0.000000
   E455    0.000000
   E456    0.000000
   E457    0.000000
   E458    0.000000
   E459    0.000000
   E460    0.000000
   E461    0.000000
   E462    0.000000
   E463    0.000000
  E1100    0.000000
   E465    0.000000
   E466    0.000000
   E925    0.000000
   E969    0.000000
   E970    0.000000
   E971    0.000000
   E521    0.000000
   E528    0.000000
   E584    0.000000
   E607    0.000000
   E972    0.000000
   E973    0.000000
   E612    0.000000
   E613    0.000000
   E614    0.000000
   E615    0.000000
   E616    0.000000
   E617    0.000000
   E618    0.000000
   E974    0.000000
   E620    0.000000
   E621    0.000000
   E622    0.000000
   E975    0.000000
   E624    0.000000
   E625    0.000000
   E626    0.000000
   E627    0.000000
   E628    0.000000
   E629    0.000000
   E630    0.000000
   E701    0.000000
   E726    0.000000
   E976    0.000000
   E728    0.000000
   E977    0.000000
   E784    0.000000
    E79    0.000000
   E978    0.000000
   E797    0.000000
   E798    0.000000
   E799    0.000000
   E800    0.000000
   E801    0.000000
   E802    0.000000
   E803    0.000000
   E804    0.000000
   E805    0.000000
   E806    0.000000
   E807    0.000000
   E808    0.000000
   E809    0.000000
    E81    0.000000
   E810    0.000000
   E811    0.000000
   E812    0.000000
   E813    0.000000
   E814    0.000000
   E815    0.000000
   E816    0.000000
   E817    0.000000
   E128    0.000000
   E129    0.000000
  E1292    0.000000
   E825    0.000000
   E856    0.000000
   E884    0.000000
     E9    0.000000
    E90    0.000000
   E981    0.000000
   E982    0.000000
   E983    0.000000
   E984    0.000000
   E985    0.000000
   E986    0.000000
   E987    0.000000
   E988    0.000000
    E13    0.000000
    E99    0.000000
   E990    0.000000
   E991    0.000000
   E130    0.000000
  E1302    0.000000
   E979    0.000000
   E980    0.000000
  E1101    0.000000
  E1102    0.000000
  E1103    0.000000
  E1104    0.000000
  E1105    0.000000
  E1106    0.000000
  E1107    0.000000
  E1108    0.000000
   E131    0.000000
  E1120    0.000000
  E1132    0.000000
  E1312    0.000000
  E1268    0.000000
  E1313    0.000000
   E999    0.000000
------------------------------------

------------------------------------
--- Random Forest Classifier - TRAIN DATA - 0 ---

Size of test set: 634
Size of predicted set: 634

Number of estimators: 10
Randomize value: 55

Unique classes in TESTS\VALIDATION set: [0 1]
Unique classes in PREDICTED set: [0 1]

Accuracy: 0.9937
Recall: 1.00
AUC: 0.99
Mean Absolute Error (MAE): 0.01
R-squared: 0.95
              precision    recall  f1-score   support

           0       0.98      0.98      0.98        85
           1       1.00      1.00      1.00       549

    accuracy                           0.99       634
   macro avg       0.99      0.99      0.99       634
weighted avg       0.99      0.99      0.99       634

Caracteristiques les plus importantes:
Feature  Importance
  E1119    0.208286
  E1278    0.152208
   E264    0.142868
   E961    0.061670
   E818    0.057257
   E960    0.046389
   E993    0.040816
   E989    0.034743
   E992    0.031824
   E425    0.026822
   E414    0.025278
  E1369    0.023046
   E274    0.022304
   E394    0.019910
   E619    0.013018
   E610    0.011373
   E186    0.009609
  E1370    0.009304
   E518    0.008643
    E42    0.008513
   E608    0.007907
   E824    0.005290
    E51    0.004201
   E623    0.004072
   E473    0.003973
  E1386    0.003349
  E1098    0.003304
  E1197    0.002362
   E727    0.002259
  E1269    0.002128
   E926    0.001646
   E253    0.001541
   E400    0.001254
   E449    0.001085
  E1291    0.000924
   E182    0.000285
  E1472    0.000166
   E793    0.000124
  E1279    0.000122
   E761    0.000051
  E1326    0.000036
    E52    0.000012
   E464    0.000010
    E40    0.000008
   E823    0.000007
  E1452    0.000001
  E1314    0.000000
  E1315    0.000000
  E1316    0.000000
  E1317    0.000000
  E1318    0.000000
  E1319    0.000000
   E132    0.000000
  E1320    0.000000
  E1321    0.000000
  E1322    0.000000
  E1323    0.000000
  E1324    0.000000
  E1325    0.000000
   E133    0.000000
   E134    0.000000
  E1347    0.000000
   E135    0.000000
  E1352    0.000000
   E136    0.000000
  E1366    0.000000
  E1367    0.000000
  E1368    0.000000
  E1384    0.000000
  E1385    0.000000
    E14    0.000000
  E1461    0.000000
  E1474    0.000000
  E1489    0.000000
  E1492    0.000000
    E15    0.000000
    E16    0.000000
    E17    0.000000
   E175    0.000000
   E176    0.000000
   E177    0.000000
   E178    0.000000
   E179    0.000000
    E18    0.000000
   E180    0.000000
   E181    0.000000
   E183    0.000000
   E184    0.000000
   E185    0.000000
   E187    0.000000
    E19    0.000000
    E20    0.000000
    E21    0.000000
    E22    0.000000
    E23    0.000000
   E231    0.000000
   E232    0.000000
   E233    0.000000
    E24    0.000000
    E25    0.000000
   E255    0.000000
   E258    0.000000
   E259    0.000000
    E26    0.000000
   E260    0.000000
   E261    0.000000
   E262    0.000000
   E263    0.000000
   E265    0.000000
   E266    0.000000
   E267    0.000000
   E268    0.000000
   E269    0.000000
    E27    0.000000
   E270    0.000000
   E271    0.000000
   E272    0.000000
   E273    0.000000
    E28    0.000000
    E29    0.000000
    E30    0.000000
    E31    0.000000
    E32    0.000000
    E33    0.000000
    E34    0.000000
    E35    0.000000
    E36    0.000000
   E361    0.000000
   E367    0.000000
    E37    0.000000
    E38    0.000000
    E39    0.000000
    E41    0.000000
   E426    0.000000
   E427    0.000000
   E428    0.000000
   E429    0.000000
    E43    0.000000
   E430    0.000000
   E431    0.000000
   E432    0.000000
   E433    0.000000
   E434    0.000000
   E435    0.000000
   E436    0.000000
   E437    0.000000
   E438    0.000000
   E439    0.000000
    E44    0.000000
   E440    0.000000
   E441    0.000000
   E442    0.000000
   E443    0.000000
   E444    0.000000
   E445    0.000000
   E446    0.000000
   E447    0.000000
   E448    0.000000
  E1049    0.000000
   E450    0.000000
   E451    0.000000
   E452    0.000000
   E453    0.000000
   E454    0.000000
   E455    0.000000
   E456    0.000000
   E457    0.000000
   E458    0.000000
   E459    0.000000
   E460    0.000000
   E461    0.000000
   E462    0.000000
   E463    0.000000
  E1100    0.000000
   E465    0.000000
   E466    0.000000
   E925    0.000000
   E969    0.000000
   E970    0.000000
   E971    0.000000
   E521    0.000000
   E528    0.000000
   E584    0.000000
   E607    0.000000
   E972    0.000000
   E973    0.000000
   E612    0.000000
   E613    0.000000
   E614    0.000000
   E615    0.000000
   E616    0.000000
   E617    0.000000
   E618    0.000000
   E974    0.000000
   E620    0.000000
   E621    0.000000
   E622    0.000000
   E975    0.000000
   E624    0.000000
   E625    0.000000
   E626    0.000000
   E627    0.000000
   E628    0.000000
   E629    0.000000
   E630    0.000000
   E701    0.000000
   E726    0.000000
   E976    0.000000
   E728    0.000000
   E977    0.000000
   E784    0.000000
    E79    0.000000
   E978    0.000000
   E797    0.000000
   E798    0.000000
   E799    0.000000
   E800    0.000000
   E801    0.000000
   E802    0.000000
   E803    0.000000
   E804    0.000000
   E805    0.000000
   E806    0.000000
   E807    0.000000
   E808    0.000000
   E809    0.000000
    E81    0.000000
   E810    0.000000
   E811    0.000000
   E812    0.000000
   E813    0.000000
   E814    0.000000
   E815    0.000000
   E816    0.000000
   E817    0.000000
   E128    0.000000
   E129    0.000000
  E1292    0.000000
   E825    0.000000
   E856    0.000000
   E884    0.000000
     E9    0.000000
    E90    0.000000
   E981    0.000000
   E982    0.000000
   E983    0.000000
   E984    0.000000
   E985    0.000000
   E986    0.000000
   E987    0.000000
   E988    0.000000
    E13    0.000000
    E99    0.000000
   E990    0.000000
   E991    0.000000
   E130    0.000000
  E1302    0.000000
   E979    0.000000
   E980    0.000000
  E1101    0.000000
  E1102    0.000000
  E1103    0.000000
  E1104    0.000000
  E1105    0.000000
  E1106    0.000000
  E1107    0.000000
  E1108    0.000000
   E131    0.000000
  E1120    0.000000
  E1132    0.000000
  E1312    0.000000
  E1268    0.000000
  E1313    0.000000
   E999    0.000000
------------------------------------

