Train data size: 80, Validation size: 0, Test size: 20

./BGL_Brain_results/BGL_30min_1_alarm_occurences_matrix_preprocessed.csv

Data sample 0 - Start index: 0, End index: 982, Chunk size: 982

------------------------------------
--- Random Forest Classifier - TEST DATA - 0 ---

Size of test set: 196
Size of predicted set: 196

Number of estimators: 10
Randomize value: 55

Unique classes in TESTS\VALIDATION set: [0 1]
Unique classes in PREDICTED set: [0 1]

Accuracy: 0.8316
Recall: 0.83
AUC: 0.83
Mean Absolute Error (MAE): 0.17
R-squared: 0.31
              precision    recall  f1-score   support

           0       0.78      0.83      0.81        83
           1       0.87      0.83      0.85       113

    accuracy                           0.83       196
   macro avg       0.83      0.83      0.83       196
weighted avg       0.83      0.83      0.83       196

Caracteristiques les plus importantes:
Feature   Importance
   E139 7.103494e-02
   E413 6.500354e-02
   E329 5.575996e-02
   E174 4.277369e-02
   E141 2.995016e-02
   E190 2.959122e-02
   E167 2.550485e-02
   E330 2.404402e-02
   E345 2.330031e-02
   E118 2.255824e-02
   E370 2.188377e-02
   E142 2.048558e-02
   E184 1.992823e-02
   E229 1.861779e-02
   E183 1.857658e-02
   E137 1.746373e-02
   E256 1.726099e-02
   E359 1.628840e-02
   E340 1.619302e-02
   E456 1.487744e-02
   E212 1.470734e-02
   E485 1.388598e-02
     E1 1.314061e-02
   E242 1.263333e-02
   E216 1.246021e-02
   E103 1.224590e-02
   E213 1.209950e-02
   E168 1.132641e-02
   E352 1.119663e-02
   E353 1.110775e-02
   E230 1.086921e-02
   E452 1.056865e-02
   E384 1.047350e-02
   E257 1.007133e-02
    E17 9.005633e-03
   E200 8.991913e-03
   E339 8.736219e-03
   E372 8.652212e-03
     E3 8.562575e-03
   E198 8.466116e-03
   E375 8.278970e-03
   E442 8.032427e-03
    E12 7.925715e-03
   E171 7.869191e-03
   E451 7.738700e-03
   E114 7.597025e-03
     E2 6.858426e-03
   E306 6.833037e-03
   E232 6.657324e-03
   E170 6.091219e-03
   E102 5.604485e-03
   E169 5.379476e-03
   E259 5.148688e-03
   E331 5.025550e-03
   E347 4.731109e-03
   E115 4.627582e-03
   E487 4.497179e-03
   E321 4.460023e-03
   E186 4.358000e-03
   E462 3.893746e-03
   E172 3.418312e-03
   E104 3.114948e-03
   E332 3.101380e-03
     E4 2.949811e-03
   E133 2.911951e-03
   E231 2.850397e-03
   E482 2.788334e-03
   E374 2.641298e-03
   E470 2.626513e-03
   E400 2.612353e-03
   E386 2.409975e-03
   E258 2.390330e-03
   E288 2.241781e-03
    E18 2.197334e-03
   E122 2.077100e-03
   E260 1.909528e-03
   E221 1.734778e-03
   E245 1.692959e-03
   E199 1.677438e-03
   E188 1.636672e-03
   E383 1.591875e-03
   E421 1.578695e-03
   E116 1.492505e-03
   E296 1.360362e-03
    E15 1.319909e-03
   E207 1.261418e-03
   E149 1.250977e-03
   E354 1.250312e-03
   E129 1.240270e-03
   E136 1.165703e-03
   E403 1.017500e-03
   E385 9.853788e-04
   E318 9.494131e-04
   E490 9.250490e-04
   E218 9.129592e-04
   E313 9.049784e-04
   E349 8.894351e-04
     E9 8.541940e-04
   E468 7.673639e-04
   E217 7.271283e-04
   E364 7.147198e-04
   E156 7.042481e-04
   E376 6.894229e-04
   E244 6.570698e-04
   E208 6.355317e-04
   E294 6.132007e-04
   E290 5.879458e-04
   E112 5.739277e-04
   E412 5.689334e-04
    E10 4.900658e-04
   E489 4.680637e-04
   E446 4.599655e-04
   E471 4.133758e-04
   E335 3.793408e-04
     E8 3.784640e-04
   E484 3.454102e-04
   E150 3.242945e-04
   E378 3.193131e-04
   E338 3.019334e-04
   E497 2.863884e-04
   E380 2.681637e-04
   E382 2.574111e-04
   E475 2.517038e-04
   E310 2.417023e-04
   E464 2.371292e-04
   E239 2.355995e-04
   E314 2.206302e-04
   E399 2.161633e-04
   E309 2.138220e-04
     E7 2.095541e-04
   E410 1.904873e-04
   E144 1.878825e-04
   E131 1.870318e-04
   E379 1.788694e-04
   E397 1.672981e-04
   E180 1.670111e-04
   E234 1.633965e-04
   E145 1.559885e-04
   E241 1.381161e-04
   E308 1.351578e-04
   E398 1.340952e-04
   E411 1.311712e-04
   E134 1.298806e-04
     E6 1.265626e-04
   E105 1.219910e-04
   E204 1.128841e-04
   E237 1.118993e-04
   E491 1.117470e-04
   E202 1.091024e-04
   E429 1.069323e-04
   E211 1.044331e-04
   E488 1.024999e-04
   E388 1.014380e-04
   E177 1.001824e-04
   E377 9.916734e-05
   E445 9.228650e-05
   E433 7.853657e-05
   E334 6.899317e-05
   E268 6.377835e-05
   E361 5.595321e-05
   E108 5.287499e-05
   E396 5.148627e-05
   E351 4.932942e-05
   E283 4.914363e-05
   E146 4.878329e-05
   E432 4.756104e-05
   E106 4.269546e-05
   E311 4.224149e-05
   E201 3.705882e-05
   E203 3.497271e-05
   E292 3.453299e-05
   E175 3.326855e-05
   E147 3.262596e-05
   E235 2.950948e-05
   E337 2.641564e-05
   E430 1.816969e-05
   E236 9.993558e-06
   E282 8.556016e-06
   E109 6.117944e-06
   E238 3.527569e-06
    E14 2.987948e-06
   E441 2.574935e-06
   E135 2.022222e-06
   E278 5.886506e-07
   E298 4.661797e-07
   E281 9.811912e-08
   E417 7.544098e-08
   E272 4.287377e-08
   E271 2.756987e-08
   E264 7.340652e-09
    E29 0.000000e+00
   E277 0.000000e+00
   E279 0.000000e+00
   E280 0.000000e+00
    E28 0.000000e+00
   E287 0.000000e+00
   E284 0.000000e+00
   E275 0.000000e+00
   E274 0.000000e+00
   E270 0.000000e+00
   E323 0.000000e+00
   E325 0.000000e+00
   E324 0.000000e+00
   E301 0.000000e+00
   E302 0.000000e+00
   E297 0.000000e+00
   E285 0.000000e+00
   E286 0.000000e+00
   E267 0.000000e+00
   E265 0.000000e+00
   E263 0.000000e+00
   E262 0.000000e+00
   E261 0.000000e+00
    E31 0.000000e+00
   E276 0.000000e+00
    E24 0.000000e+00
    E83 0.000000e+00
    E85 0.000000e+00
    E82 0.000000e+00
    E84 0.000000e+00
    E87 0.000000e+00
    E91 0.000000e+00
   E269 0.000000e+00
   E266 0.000000e+00
    E27 0.000000e+00
   E273 0.000000e+00
    E86 0.000000e+00
    E88 0.000000e+00
    E68 0.000000e+00
    E72 0.000000e+00
    E73 0.000000e+00
    E60 0.000000e+00
    E71 0.000000e+00
    E90 0.000000e+00
    E89 0.000000e+00
    E70 0.000000e+00
   E107 0.000000e+00
    E65 0.000000e+00
    E64 0.000000e+00
    E62 0.000000e+00
    E63 0.000000e+00
    E61 0.000000e+00
    E67 0.000000e+00
    E66 0.000000e+00
    E69 0.000000e+00
   E373 0.000000e+00
    E38 0.000000e+00
   E336 0.000000e+00
   E350 0.000000e+00
   E343 0.000000e+00
    E35 0.000000e+00
    E34 0.000000e+00
   E342 0.000000e+00
   E160 0.000000e+00
   E161 0.000000e+00
   E159 0.000000e+00
    E16 0.000000e+00
    E36 0.000000e+00
   E358 0.000000e+00
   E357 0.000000e+00
   E356 0.000000e+00
   E165 0.000000e+00
   E164 0.000000e+00
   E163 0.000000e+00
   E322 0.000000e+00
   E223 0.000000e+00
   E222 0.000000e+00
    E22 0.000000e+00
    E26 0.000000e+00
   E252 0.000000e+00
   E251 0.000000e+00
   E250 0.000000e+00
    E25 0.000000e+00
   E249 0.000000e+00
   E248 0.000000e+00
   E247 0.000000e+00
    E32 0.000000e+00
   E327 0.000000e+00
   E328 0.000000e+00
    E33 0.000000e+00
   E291 0.000000e+00
   E295 0.000000e+00
   E300 0.000000e+00
    E30 0.000000e+00
   E426 0.000000e+00
   E425 0.000000e+00
    E40 0.000000e+00
   E225 0.000000e+00
   E226 0.000000e+00
   E224 0.000000e+00
    E92 0.000000e+00
    E42 0.000000e+00
    E93 0.000000e+00
    E41 0.000000e+00
    E20 0.000000e+00
   E427 0.000000e+00
    E39 0.000000e+00
   E392 0.000000e+00
   E391 0.000000e+00
   E394 0.000000e+00
   E393 0.000000e+00
   E395 0.000000e+00
   E362 0.000000e+00
    E37 0.000000e+00
   E363 0.000000e+00
   E194 0.000000e+00
    E23 0.000000e+00
   E195 0.000000e+00
   E193 0.000000e+00
    E43 0.000000e+00
   E439 0.000000e+00
   E438 0.000000e+00
   E437 0.000000e+00
    E44 0.000000e+00
   E406 0.000000e+00
    E45 0.000000e+00
    E46 0.000000e+00
   E408 0.000000e+00
   E409 0.000000e+00
   E405 0.000000e+00
   E416 0.000000e+00
    E21 0.000000e+00
   E205 0.000000e+00
   E126 0.000000e+00
   E127 0.000000e+00
    E49 0.000000e+00
   E496 0.000000e+00
   E486 0.000000e+00
    E48 0.000000e+00
   E472 0.000000e+00
    E54 0.000000e+00
    E53 0.000000e+00
    E52 0.000000e+00
   E518 0.000000e+00
   E517 0.000000e+00
   E515 0.000000e+00
   E124 0.000000e+00
   E499 0.000000e+00
   E123 0.000000e+00
   E125 0.000000e+00
    E47 0.000000e+00
   E508 0.000000e+00
    E51 0.000000e+00
   E511 0.000000e+00
   E512 0.000000e+00
   E513 0.000000e+00
    E58 0.000000e+00
    E55 0.000000e+00
    E59 0.000000e+00
    E19 0.000000e+00
   E191 0.000000e+00
   E192 0.000000e+00
   E176 0.000000e+00
   E505 0.000000e+00
   E503 0.000000e+00
    E57 0.000000e+00
    E56 0.000000e+00
   E500 0.000000e+00
   E501 0.000000e+00
    E50 0.000000e+00
    E97 0.000000e+00
    E94 0.000000e+00
    E79 0.000000e+00
    E96 0.000000e+00
    E95 0.000000e+00
    E77 0.000000e+00
    E78 0.000000e+00
    E76 0.000000e+00
    E75 0.000000e+00
    E81 0.000000e+00
    E74 0.000000e+00
    E80 0.000000e+00
    E99 0.000000e+00
------------------------------------

