Train data size: 80, Validation size: 0, Test size: 20

./BGL_Brain_results/BGL_30min_1_alarm_occurences_matrix_preprocessed_corr.csv

Data sample 0 - Start index: 0, End index: 982, Chunk size: 982

------------------------------------
--- Random Forest Classifier - TEST DATA - 0 ---

Size of test set: 196
Size of predicted set: 196

Number of estimators: 10
Randomize value: 55

Unique classes in TESTS\VALIDATION set: [0 1]
Unique classes in PREDICTED set: [0 1]

Accuracy: 0.7857
Recall: 0.75
AUC: 0.79
Mean Absolute Error (MAE): 0.21
R-squared: 0.12
              precision    recall  f1-score   support

           0       0.71      0.83      0.77        83
           1       0.86      0.75      0.80       113

    accuracy                           0.79       196
   macro avg       0.78      0.79      0.78       196
weighted avg       0.80      0.79      0.79       196

Caracteristiques les plus importantes:
Feature   Importance
   E345 9.780079e-02
     E1 9.548462e-02
   E139 7.103835e-02
   E168 6.790320e-02
   E413 6.189850e-02
   E329 5.722326e-02
   E257 4.724849e-02
   E174 4.667447e-02
   E190 3.189004e-02
   E370 2.354846e-02
   E258 2.158938e-02
   E183 2.039548e-02
   E442 2.030575e-02
   E184 1.954333e-02
   E340 1.904554e-02
   E456 1.854519e-02
   E118 1.821461e-02
   E137 1.786045e-02
   E212 1.491081e-02
   E216 1.431929e-02
   E213 1.403335e-02
   E242 1.381810e-02
   E352 1.223861e-02
   E384 1.106816e-02
   E452 1.075815e-02
   E339 1.034224e-02
   E353 1.026971e-02
    E17 9.682399e-03
   E133 9.353469e-03
    E12 9.013573e-03
   E200 8.241813e-03
   E114 8.097291e-03
   E221 7.984591e-03
   E245 7.957406e-03
    E15 7.583567e-03
   E186 5.465589e-03
   E116 5.112178e-03
   E115 5.082996e-03
   E321 4.307007e-03
   E105 3.762533e-03
   E136 3.352480e-03
    E10 3.209145e-03
   E318 2.902516e-03
   E149 2.831504e-03
     E8 2.773335e-03
    E18 2.752878e-03
   E386 2.612746e-03
   E288 2.591945e-03
   E400 2.541951e-03
   E122 2.218790e-03
   E468 1.641097e-03
   E421 1.582783e-03
   E268 1.315917e-03
   E445 1.303407e-03
   E131 1.039642e-03
   E403 9.965334e-04
   E218 9.213665e-04
   E156 7.333031e-04
   E217 5.920703e-04
   E433 4.873389e-04
   E488 4.076812e-04
   E134 3.157286e-04
   E211 2.760615e-04
   E275 1.956356e-04
   E382 1.788339e-04
   E241 1.596372e-04
   E287 1.326786e-04
    E14 7.068978e-05
   E388 6.183480e-05
   E135 5.422314e-05
   E269 4.324136e-05
   E297 3.790433e-05
   E286 1.109340e-05
   E285 1.018885e-05
   E267 9.206128e-06
   E276 6.083688e-06
   E298 2.508964e-06
   E272 2.398876e-06
   E261 1.857639e-06
   E271 1.319513e-06
   E263 1.179958e-06
   E264 1.145968e-06
   E278 1.137413e-06
   E270 9.097538e-07
   E273 8.921669e-07
   E262 7.057000e-07
   E281 6.162789e-07
   E277 5.325189e-07
   E274 4.741368e-07
   E265 9.907827e-08
   E279 0.000000e+00
   E266 0.000000e+00
   E251 0.000000e+00
   E195 0.000000e+00
   E163 0.000000e+00
   E164 0.000000e+00
   E123 0.000000e+00
   E252 0.000000e+00
   E250 0.000000e+00
   E226 0.000000e+00
   E165 0.000000e+00
   E302 0.000000e+00
    E39 0.000000e+00
    E40 0.000000e+00
    E36 0.000000e+00
    E38 0.000000e+00
    E35 0.000000e+00
    E31 0.000000e+00
   E328 0.000000e+00
    E34 0.000000e+00
   E327 0.000000e+00
   E295 0.000000e+00
    E47 0.000000e+00
    E45 0.000000e+00
   E486 0.000000e+00
    E49 0.000000e+00
    E50 0.000000e+00
    E46 0.000000e+00
   E508 0.000000e+00
    E52 0.000000e+00
    E57 0.000000e+00
    E55 0.000000e+00
    E70 0.000000e+00
    E77 0.000000e+00
    E78 0.000000e+00
    E63 0.000000e+00
    E79 0.000000e+00
    E81 0.000000e+00
    E82 0.000000e+00
    E83 0.000000e+00
    E87 0.000000e+00
    E88 0.000000e+00
    E93 0.000000e+00
    E97 0.000000e+00
------------------------------------

