Train data size: 80, Validation size: 0, Test size: 20

./BGL_Brain_results/BGL_30min_1_alarm_occurences_matrix_preprocessed_corr.csv

Data sample 0 - Start index: 0, End index: 982, Chunk size: 982

------------------------------------
--- Linear Regression Classifier - TEST DATA ---

Size of test set: 196
Size of predicted set: 196

Number of estimators: -1
Randomize value: 55

Unique classes in TESTS\VALIDATION set: [0 1]
Unique classes in PREDICTED set: [0 1]

Accuracy: 0.5510
Recall: 0.93
AUC: 0.59
Mean Absolute Error (MAE): 0.45
R-squared: -0.82
              precision    recall  f1-score   support

           0       0.82      0.25      0.39       110
           1       0.49      0.93      0.65        86

    accuracy                           0.55       196
   macro avg       0.66      0.59      0.52       196
weighted avg       0.68      0.55      0.50       196

Feature 0 (E1): Coefficient = 1.7227
Feature 1 (E10): Coefficient = 0.1044
Feature 2 (E105): Coefficient = 0.1252
Feature 3 (E114): Coefficient = -0.0729
Feature 4 (E115): Coefficient = -0.0152
Feature 5 (E116): Coefficient = -0.0268
Feature 6 (E118): Coefficient = -0.5875
Feature 7 (E12): Coefficient = -0.1462
Feature 8 (E120): Coefficient = -0.0122
Feature 9 (E122): Coefficient = -0.0134
Feature 10 (E123): Coefficient = 0.0000
Feature 11 (E131): Coefficient = 0.0366
Feature 12 (E133): Coefficient = 0.0958
Feature 13 (E134): Coefficient = -0.0754
Feature 14 (E135): Coefficient = -0.0036
Feature 15 (E136): Coefficient = -0.0029
Feature 16 (E137): Coefficient = -0.2048
Feature 17 (E14): Coefficient = 0.0089
Feature 18 (E140): Coefficient = 0.5322
Feature 19 (E149): Coefficient = 0.1303
Feature 20 (E15): Coefficient = -0.1204
Feature 21 (E156): Coefficient = -0.0134
Feature 22 (E162): Coefficient = 0.0000
Feature 23 (E163): Coefficient = 0.0000
Feature 24 (E164): Coefficient = 0.0000
Feature 25 (E165): Coefficient = 0.0000
Feature 26 (E17): Coefficient = -0.7871
Feature 27 (E172): Coefficient = 1.3445
Feature 28 (E174): Coefficient = 0.2582
Feature 29 (E178): Coefficient = 0.0277
Feature 30 (E18): Coefficient = -0.0134
Feature 31 (E183): Coefficient = -0.0334
Feature 32 (E184): Coefficient = -0.7493
Feature 33 (E186): Coefficient = -0.0268
Feature 34 (E190): Coefficient = -0.0020
Feature 35 (E195): Coefficient = 0.0000
Feature 36 (E200): Coefficient = 0.0036
Feature 37 (E211): Coefficient = 0.0345
Feature 38 (E213): Coefficient = -0.1353
Feature 39 (E216): Coefficient = -0.1665
Feature 40 (E217): Coefficient = -0.1434
Feature 41 (E218): Coefficient = -0.0134
Feature 42 (E221): Coefficient = -0.6899
Feature 43 (E226): Coefficient = 0.0000
Feature 44 (E241): Coefficient = -0.0090
Feature 45 (E242): Coefficient = -0.8885
Feature 46 (E245): Coefficient = -0.0635
Feature 47 (E250): Coefficient = 0.0000
Feature 48 (E251): Coefficient = 0.0000
Feature 49 (E252): Coefficient = 0.0000
Feature 50 (E260): Coefficient = 0.7425
Feature 51 (E261): Coefficient = 0.0071
Feature 52 (E262): Coefficient = 0.0067
Feature 53 (E263): Coefficient = 0.0052
Feature 54 (E264): Coefficient = 0.0067
Feature 55 (E265): Coefficient = 0.0067
Feature 56 (E266): Coefficient = 0.0052
Feature 57 (E267): Coefficient = 0.0069
Feature 58 (E268): Coefficient = 0.2115
Feature 59 (E269): Coefficient = 0.0064
Feature 60 (E270): Coefficient = 0.0066
Feature 61 (E271): Coefficient = 0.0105
Feature 62 (E272): Coefficient = 0.0070
Feature 63 (E273): Coefficient = 0.0009
Feature 64 (E274): Coefficient = 0.0030
Feature 65 (E275): Coefficient = 0.0095
Feature 66 (E276): Coefficient = 0.0073
Feature 67 (E277): Coefficient = 0.0059
Feature 68 (E278): Coefficient = 0.0027
Feature 69 (E279): Coefficient = 0.0000
Feature 70 (E281): Coefficient = 0.0067
Feature 71 (E285): Coefficient = 0.0071
Feature 72 (E286): Coefficient = 0.0070
Feature 73 (E287): Coefficient = 0.0114
Feature 74 (E288): Coefficient = -0.0134
Feature 75 (E295): Coefficient = 0.0000
Feature 76 (E297): Coefficient = 0.0133
Feature 77 (E298): Coefficient = 0.0140
Feature 78 (E302): Coefficient = 0.0000
Feature 79 (E307): Coefficient = 0.3246
Feature 80 (E31): Coefficient = 0.0000
Feature 81 (E318): Coefficient = -0.2798
Feature 82 (E321): Coefficient = -0.0664
Feature 83 (E327): Coefficient = 0.0000
Feature 84 (E328): Coefficient = 0.0000
Feature 85 (E339): Coefficient = -0.5938
Feature 86 (E34): Coefficient = 0.0000
Feature 87 (E340): Coefficient = -0.1855
Feature 88 (E35): Coefficient = 0.0000
Feature 89 (E352): Coefficient = -0.1320
Feature 90 (E353): Coefficient = -0.0554
Feature 91 (E36): Coefficient = 0.0000
Feature 92 (E370): Coefficient = -0.6173
Feature 93 (E371): Coefficient = -0.0048
Feature 94 (E374): Coefficient = 1.4057
Feature 95 (E38): Coefficient = 0.0000
Feature 96 (E382): Coefficient = -0.0548
Feature 97 (E384): Coefficient = -0.1042
Feature 98 (E386): Coefficient = 0.0026
Feature 99 (E388): Coefficient = 0.0116
Feature 100 (E39): Coefficient = 0.0000
Feature 101 (E40): Coefficient = 0.0000
Feature 102 (E400): Coefficient = -0.2115
Feature 103 (E403): Coefficient = -0.0134
Feature 104 (E413): Coefficient = -0.0247
Feature 105 (E419): Coefficient = 0.0004
Feature 106 (E421): Coefficient = 0.3486
Feature 107 (E433): Coefficient = -0.2509
Feature 108 (E442): Coefficient = -0.4839
Feature 109 (E445): Coefficient = -0.0882
Feature 110 (E45): Coefficient = 0.0000
Feature 111 (E452): Coefficient = 0.3335
Feature 112 (E456): Coefficient = 0.0085
Feature 113 (E46): Coefficient = 0.0000
Feature 114 (E468): Coefficient = 0.0257
Feature 115 (E47): Coefficient = 0.0000
Feature 116 (E486): Coefficient = 0.0000
Feature 117 (E488): Coefficient = 0.0012
Feature 118 (E49): Coefficient = 0.0000
Feature 119 (E50): Coefficient = 0.0000
Feature 120 (E507): Coefficient = -0.0005
Feature 121 (E508): Coefficient = 0.0000
Feature 122 (E52): Coefficient = 0.0000
Feature 123 (E55): Coefficient = 0.0000
Feature 124 (E57): Coefficient = 0.0000
Feature 125 (E63): Coefficient = 0.0000
Feature 126 (E70): Coefficient = 0.0000
Feature 127 (E77): Coefficient = 0.0000
Feature 128 (E78): Coefficient = 0.0000
Feature 129 (E79): Coefficient = 0.0000
Feature 130 (E8): Coefficient = 0.1183
Feature 131 (E81): Coefficient = 0.0000
Feature 132 (E82): Coefficient = 0.0000
Feature 133 (E83): Coefficient = 0.0000
Feature 134 (E87): Coefficient = 0.0000
Feature 135 (E88): Coefficient = 0.0000
Feature 136 (E93): Coefficient = 0.0000
Feature 137 (E97): Coefficient = 0.0000
------------------------------------

