KERNDTLB ALL 4500 10 1 

Train data size: 80, Validation size: 0, Test size: 20

./BGL_Brain_results/KERNDTLB_ALL_4500_alarm_occurences_matrix_FixWindow_dedup.csv

Data sample 0 - Start index: 0, End index: 126, Chunk size: 126

------------------------------------
--- Random Forest Classifier - TEST DATA - 0 ---

Size of test set: 25
Size of predicted set: 25

Number of estimators: 10
Randomize value: 55

Unique classes in TESTS\VALIDATION set: [0 1]
Unique classes in PREDICTED set: [0 1]

Accuracy: 0.8400
Recall: 0.76
AUC: 0.88
Mean Absolute Error (MAE): 0.16
R-squared: 0.26
              precision    recall  f1-score   support

           0       0.67      1.00      0.80         8
           1       1.00      0.76      0.87        17

    accuracy                           0.84        25
   macro avg       0.83      0.88      0.83        25
weighted avg       0.89      0.84      0.85        25

Top 10 des caracteristiques les plus importantes:
Feature  Importance
   E171    0.194246
   E306    0.177653
   E259    0.100000
   E359    0.100000
   E374    0.095305
   E231    0.095211
   E487    0.094730
     E3    0.094048
   E255    0.047040
   E133    0.001767
------------------------------------

------------------------------------
--- Random Forest Classifier - TRAIN DATA - 0 ---

Size of test set: 100
Size of predicted set: 100

Number of estimators: 10
Randomize value: 55

Unique classes in TESTS\VALIDATION set: [0 1]
Unique classes in PREDICTED set: [0 1]

Accuracy: 1.0000
Recall: 1.00
AUC: 1.00
Mean Absolute Error (MAE): 0.00
R-squared: 1.00
              precision    recall  f1-score   support

           0       1.00      1.00      1.00        25
           1       1.00      1.00      1.00        75

    accuracy                           1.00       100
   macro avg       1.00      1.00      1.00       100
weighted avg       1.00      1.00      1.00       100

Top 10 des caracteristiques les plus importantes:
Feature  Importance
   E171    0.194246
   E306    0.177653
   E259    0.100000
   E359    0.100000
   E374    0.095305
   E231    0.095211
   E487    0.094730
     E3    0.094048
   E255    0.047040
   E133    0.001767
------------------------------------

