Train data size: 80, Validation size: 0, Test size: 20

./BGL_Brain_results/KERNDTLB_ALL_5000_alarm_occurences_matrix_FixWindow_dedup.csv

Data sample 0 - Start index: 0, End index: 126, Chunk size: 126

------------------------------------
--- Linear Regression Classifier - TEST DATA ---

Size of test set: 25
Size of predicted set: 25

Number of estimators: -1
Randomize value: 55

Unique classes in TESTS\VALIDATION set: [0 1]
Unique classes in PREDICTED set: [0 1]

Accuracy: 0.7600
Recall: 0.33
AUC: 0.67
Mean Absolute Error (MAE): 0.24
R-squared: -0.04
              precision    recall  f1-score   support

           0       0.73      1.00      0.84        16
           1       1.00      0.33      0.50         9

    accuracy                           0.76        25
   macro avg       0.86      0.67      0.67        25
weighted avg       0.83      0.76      0.72        25

------------------------------------

------------------------------------
--- Linear Regression Classifier - TRAIN DATA ---

Size of test set: 100
Size of predicted set: 100

Number of estimators: -1
Randomize value: 55

Unique classes in TESTS\VALIDATION set: [0 1]
Unique classes in PREDICTED set: [0 1]

Accuracy: 1.0000
Recall: 1.00
AUC: 1.00
Mean Absolute Error (MAE): 0.00
R-squared: 1.00
              precision    recall  f1-score   support

           0       1.00      1.00      1.00        38
           1       1.00      1.00      1.00        62

    accuracy                           1.00       100
   macro avg       1.00      1.00      1.00       100
weighted avg       1.00      1.00      1.00       100

------------------------------------

