Train data size: 80, Validation size: 0, Test size: 20

./BGL_Brain_results/KERNDTLB_ALL_3000_alarm_occurences_matrix_FixWindow_dedup.csv

Data sample 0 - Start index: 0, End index: 145, Chunk size: 145

------------------------------------
--- Linear Regression Classifier - TEST DATA ---

Size of test set: 29
Size of predicted set: 29

Number of estimators: -1
Randomize value: 55

Unique classes in TESTS\VALIDATION set: [0 1]
Unique classes in PREDICTED set: [0 1]

Accuracy: 0.8276
Recall: 0.44
AUC: 0.72
Mean Absolute Error (MAE): 0.17
R-squared: 0.19
              precision    recall  f1-score   support

           0       0.80      1.00      0.89        20
           1       1.00      0.44      0.62         9

    accuracy                           0.83        29
   macro avg       0.90      0.72      0.75        29
weighted avg       0.86      0.83      0.80        29

------------------------------------

------------------------------------
--- Linear Regression Classifier - TRAIN DATA ---

Size of test set: 116
Size of predicted set: 116

Number of estimators: -1
Randomize value: 55

Unique classes in TESTS\VALIDATION set: [0 1]
Unique classes in PREDICTED set: [0 1]

Accuracy: 1.0000
Recall: 1.00
AUC: 1.00
Mean Absolute Error (MAE): 0.00
R-squared: 1.00
              precision    recall  f1-score   support

           0       1.00      1.00      1.00        31
           1       1.00      1.00      1.00        85

    accuracy                           1.00       116
   macro avg       1.00      1.00      1.00       116
weighted avg       1.00      1.00      1.00       116

------------------------------------

