Train data size: 80, Validation size: 0, Test size: 20

./BGL_Brain_results/KERNDTLB_ALL_5000_alarm_occurences_matrix_FixWindow_dedup.csv

Data sample 0 - Start index: 0, End index: 126, Chunk size: 126

------------------------------------
--- Random Forest Classifier - TEST DATA - 0 ---

Size of test set: 25
Size of predicted set: 25

Number of estimators: 10
Randomize value: 55

Unique classes in TESTS\VALIDATION set: [0 1]
Unique classes in PREDICTED set: [0 1]

Accuracy: 0.9200
Recall: 0.78
AUC: 0.89
Mean Absolute Error (MAE): 0.08
R-squared: 0.65
              precision    recall  f1-score   support

           0       0.89      1.00      0.94        16
           1       1.00      0.78      0.88         9

    accuracy                           0.92        25
   macro avg       0.94      0.89      0.91        25
weighted avg       0.93      0.92      0.92        25

Top 10 des caracteristiques les plus importantes:
Feature  Importance
   E306    0.090000
   E349    0.072853
   E375    0.070000
   E332    0.060000
     E2    0.050000
   E172    0.050000
   E168    0.050000
   E258    0.050000
   E232    0.040000
     E3    0.040000
------------------------------------

------------------------------------
--- Random Forest Classifier - TRAIN DATA - 0 ---

Size of test set: 100
Size of predicted set: 100

Number of estimators: 10
Randomize value: 55

Unique classes in TESTS\VALIDATION set: [0 1]
Unique classes in PREDICTED set: [0 1]

Accuracy: 1.0000
Recall: 1.00
AUC: 1.00
Mean Absolute Error (MAE): 0.00
R-squared: 1.00
              precision    recall  f1-score   support

           0       1.00      1.00      1.00        38
           1       1.00      1.00      1.00        62

    accuracy                           1.00       100
   macro avg       1.00      1.00      1.00       100
weighted avg       1.00      1.00      1.00       100

Top 10 des caracteristiques les plus importantes:
Feature  Importance
   E306    0.090000
   E349    0.072853
   E375    0.070000
   E332    0.060000
     E2    0.050000
   E172    0.050000
   E168    0.050000
   E258    0.050000
   E232    0.040000
     E3    0.040000
------------------------------------

