Train data size: 80, Validation size: 0, Test size: 20

./BGL_Brain_results/KERNDTLB_ALL_1000_alarm_occurences_matrix_FixWindow_dedup.csv

Data sample 0 - Start index: 0, End index: 155, Chunk size: 155

------------------------------------
--- Random Forest Classifier - TEST DATA - 0 ---

Size of test set: 31
Size of predicted set: 31

Number of estimators: 10
Randomize value: 55

Unique classes in TESTS\VALIDATION set: [0 1]
Unique classes in PREDICTED set: [0 1]

Accuracy: 0.9355
Recall: 0.90
AUC: 0.95
Mean Absolute Error (MAE): 0.06
R-squared: 0.70
              precision    recall  f1-score   support

           0       0.83      1.00      0.91        10
           1       1.00      0.90      0.95        21

    accuracy                           0.94        31
   macro avg       0.92      0.95      0.93        31
weighted avg       0.95      0.94      0.94        31

Top 10 des caracteristiques les plus importantes:
Feature  Importance
   E349    0.119343
   E332    0.100989
   E258    0.096784
   E306    0.093983
   E347    0.093698
   E259    0.092285
   E172    0.090306
   E280    0.073067
   E232    0.058533
   E260    0.054061
------------------------------------

------------------------------------
--- Random Forest Classifier - TRAIN DATA - 0 ---

Size of test set: 124
Size of predicted set: 124

Number of estimators: 10
Randomize value: 55

Unique classes in TESTS\VALIDATION set: [0 1]
Unique classes in PREDICTED set: [0 1]

Accuracy: 1.0000
Recall: 1.00
AUC: 1.00
Mean Absolute Error (MAE): 0.00
R-squared: 1.00
              precision    recall  f1-score   support

           0       1.00      1.00      1.00        55
           1       1.00      1.00      1.00        69

    accuracy                           1.00       124
   macro avg       1.00      1.00      1.00       124
weighted avg       1.00      1.00      1.00       124

Top 10 des caracteristiques les plus importantes:
Feature  Importance
   E349    0.119343
   E332    0.100989
   E258    0.096784
   E306    0.093983
   E347    0.093698
   E259    0.092285
   E172    0.090306
   E280    0.073067
   E232    0.058533
   E260    0.054061
------------------------------------

