Train data size: 80, Validation size: 0, Test size: 20

./BGL_Brain_results/KERNDTLB_ALL_1000_alarm_occurences_matrix_FixWindow_dedup.csv

Data sample 0 - Start index: 0, End index: 155, Chunk size: 155

------------------------------------
--- Linear Regression Classifier - TEST DATA ---

Size of test set: 31
Size of predicted set: 31

Number of estimators: -1
Randomize value: 55

Unique classes in TESTS\VALIDATION set: [0 1]
Unique classes in PREDICTED set: [0 1]

Accuracy: 0.7097
Recall: 0.57
AUC: 0.79
Mean Absolute Error (MAE): 0.29
R-squared: -0.33
              precision    recall  f1-score   support

           0       0.53      1.00      0.69        10
           1       1.00      0.57      0.73        21

    accuracy                           0.71        31
   macro avg       0.76      0.79      0.71        31
weighted avg       0.85      0.71      0.72        31

------------------------------------

------------------------------------
--- Linear Regression Classifier - TRAIN DATA ---

Size of test set: 124
Size of predicted set: 124

Number of estimators: -1
Randomize value: 55

Unique classes in TESTS\VALIDATION set: [0 1]
Unique classes in PREDICTED set: [0 1]

Accuracy: 0.9919
Recall: 1.00
AUC: 0.99
Mean Absolute Error (MAE): 0.01
R-squared: 0.97
              precision    recall  f1-score   support

           0       1.00      0.98      0.99        55
           1       0.99      1.00      0.99        69

    accuracy                           0.99       124
   macro avg       0.99      0.99      0.99       124
weighted avg       0.99      0.99      0.99       124

------------------------------------

