KERNDTLB ALL 5000 10 1 

Train data size: 80, Validation size: 0, Test size: 20

./BGL_Brain_results/KERNDTLB_ALL_5000_alarm_occurences_matrix_FixWindow_dedup.csv

Data sample 0 - Start index: 0, End index: 126, Chunk size: 126

------------------------------------
--- Random Forest Classifier - TEST DATA - 0 ---

Size of test set: 25
Size of predicted set: 25

Number of estimators: 10
Randomize value: 55

Unique classes in TESTS\VALIDATION set: [0 1]
Unique classes in PREDICTED set: [0 1]

Accuracy: 0.9600
Recall: 0.94
AUC: 0.97
Mean Absolute Error (MAE): 0.04
R-squared: 0.80
              precision    recall  f1-score   support

           0       0.88      1.00      0.93         7
           1       1.00      0.94      0.97        18

    accuracy                           0.96        25
   macro avg       0.94      0.97      0.95        25
weighted avg       0.96      0.96      0.96        25

Top 10 des caracteristiques les plus importantes:
Feature  Importance
   E255    0.320595
   E171    0.126612
   E306    0.096631
   E487    0.082776
   E359    0.068570
   E259    0.068072
     E3    0.066387
   E374    0.058333
   E133    0.058282
   E231    0.053743
------------------------------------

------------------------------------
--- Random Forest Classifier - TRAIN DATA - 0 ---

Size of test set: 100
Size of predicted set: 100

Number of estimators: 10
Randomize value: 55

Unique classes in TESTS\VALIDATION set: [0 1]
Unique classes in PREDICTED set: [0 1]

Accuracy: 1.0000
Recall: 1.00
AUC: 1.00
Mean Absolute Error (MAE): 0.00
R-squared: 1.00
              precision    recall  f1-score   support

           0       1.00      1.00      1.00        17
           1       1.00      1.00      1.00        83

    accuracy                           1.00       100
   macro avg       1.00      1.00      1.00       100
weighted avg       1.00      1.00      1.00       100

Top 10 des caracteristiques les plus importantes:
Feature  Importance
   E255    0.320595
   E171    0.126612
   E306    0.096631
   E487    0.082776
   E359    0.068570
   E259    0.068072
     E3    0.066387
   E374    0.058333
   E133    0.058282
   E231    0.053743
------------------------------------

