Train data size: 80, Validation size: 0, Test size: 20

./BGL_Brain_results/KERNDTLB_ALL_2000_alarm_occurences_matrix_FixWindow_dedup.csv

Data sample 0 - Start index: 0, End index: 181, Chunk size: 181

------------------------------------
--- Random Forest Classifier - TEST DATA - 0 ---

Size of test set: 36
Size of predicted set: 36

Number of estimators: 10
Randomize value: 55

Unique classes in TESTS\VALIDATION set: [0 1]
Unique classes in PREDICTED set: [0 1]

Accuracy: 0.9722
Recall: 0.88
AUC: 0.94
Mean Absolute Error (MAE): 0.03
R-squared: 0.84
              precision    recall  f1-score   support

           0       0.97      1.00      0.98        28
           1       1.00      0.88      0.93         8

    accuracy                           0.97        36
   macro avg       0.98      0.94      0.96        36
weighted avg       0.97      0.97      0.97        36

Caracteristiques les plus importantes:
Feature  Importance
   E168    0.070000
   E374    0.069234
   E171    0.060575
   E232    0.060000
   E231    0.060000
     E2    0.060000
   E170    0.059869
   E332    0.050000
   E104    0.050000
   E306    0.050000
   E331    0.040000
   E359    0.040000
   E349    0.040000
   E199    0.040000
   E375    0.040000
   E347    0.030000
     E4    0.030000
     E3    0.030000
   E230    0.030000
   E259    0.030000
   E258    0.020000
   E172    0.020000
   E257    0.010000
   E256    0.009425
   E487    0.000766
   E103    0.000131
   E127    0.000000
   E102    0.000000
   E123    0.000000
   E126    0.000000
     E1    0.000000
    E21    0.000000
    E20    0.000000
   E194    0.000000
   E198    0.000000
   E193    0.000000
   E192    0.000000
   E161    0.000000
   E191    0.000000
   E167    0.000000
   E169    0.000000
   E133    0.000000
   E141    0.000000
   E142    0.000000
   E159    0.000000
    E16    0.000000
   E160    0.000000
   E125    0.000000
   E124    0.000000
   E255    0.000000
   E222    0.000000
   E224    0.000000
    E28    0.000000
   E280    0.000000
   E260    0.000000
   E301    0.000000
   E249    0.000000
    E24    0.000000
   E225    0.000000
    E23    0.000000
   E229    0.000000
   E223    0.000000
    E22    0.000000
   E342    0.000000
   E330    0.000000
   E324    0.000000
    E33    0.000000
   E323    0.000000
   E322    0.000000
    E30    0.000000
   E348    0.000000
   E357    0.000000
   E356    0.000000
   E354    0.000000
   E358    0.000000
   E373    0.000000
   E391    0.000000
   E345    0.000000
   E343    0.000000
   E393    0.000000
   E392    0.000000
   E406    0.000000
   E405    0.000000
   E426    0.000000
   E427    0.000000
   E437    0.000000
   E425    0.000000
   E438    0.000000
   E439    0.000000
   E456    0.000000
   E452    0.000000
   E485    0.000000
   E499    0.000000
   E500    0.000000
   E501    0.000000
------------------------------------

------------------------------------
--- Random Forest Classifier - TRAIN DATA - 0 ---

Size of test set: 144
Size of predicted set: 144

Number of estimators: 10
Randomize value: 55

Unique classes in TESTS\VALIDATION set: [0 1]
Unique classes in PREDICTED set: [0 1]

Accuracy: 1.0000
Recall: 1.00
AUC: 1.00
Mean Absolute Error (MAE): 0.00
R-squared: 1.00
              precision    recall  f1-score   support

           0       1.00      1.00      1.00        57
           1       1.00      1.00      1.00        87

    accuracy                           1.00       144
   macro avg       1.00      1.00      1.00       144
weighted avg       1.00      1.00      1.00       144

Caracteristiques les plus importantes:
Feature  Importance
   E168    0.070000
   E374    0.069234
   E171    0.060575
   E232    0.060000
   E231    0.060000
     E2    0.060000
   E170    0.059869
   E332    0.050000
   E104    0.050000
   E306    0.050000
   E331    0.040000
   E359    0.040000
   E349    0.040000
   E199    0.040000
   E375    0.040000
   E347    0.030000
     E4    0.030000
     E3    0.030000
   E230    0.030000
   E259    0.030000
   E258    0.020000
   E172    0.020000
   E257    0.010000
   E256    0.009425
   E487    0.000766
   E103    0.000131
   E127    0.000000
   E102    0.000000
   E123    0.000000
   E126    0.000000
     E1    0.000000
    E21    0.000000
    E20    0.000000
   E194    0.000000
   E198    0.000000
   E193    0.000000
   E192    0.000000
   E161    0.000000
   E191    0.000000
   E167    0.000000
   E169    0.000000
   E133    0.000000
   E141    0.000000
   E142    0.000000
   E159    0.000000
    E16    0.000000
   E160    0.000000
   E125    0.000000
   E124    0.000000
   E255    0.000000
   E222    0.000000
   E224    0.000000
    E28    0.000000
   E280    0.000000
   E260    0.000000
   E301    0.000000
   E249    0.000000
    E24    0.000000
   E225    0.000000
    E23    0.000000
   E229    0.000000
   E223    0.000000
    E22    0.000000
   E342    0.000000
   E330    0.000000
   E324    0.000000
    E33    0.000000
   E323    0.000000
   E322    0.000000
    E30    0.000000
   E348    0.000000
   E357    0.000000
   E356    0.000000
   E354    0.000000
   E358    0.000000
   E373    0.000000
   E391    0.000000
   E345    0.000000
   E343    0.000000
   E393    0.000000
   E392    0.000000
   E406    0.000000
   E405    0.000000
   E426    0.000000
   E427    0.000000
   E437    0.000000
   E425    0.000000
   E438    0.000000
   E439    0.000000
   E456    0.000000
   E452    0.000000
   E485    0.000000
   E499    0.000000
   E500    0.000000
   E501    0.000000
------------------------------------

