Train data size: 80, Validation size: 0, Test size: 20

./BGL_Brain_results/KERNDTLB_ALL_2000_alarm_occurences_matrix_FixWindow_dedup.csv

Data sample 0 - Start index: 0, End index: 181, Chunk size: 181

------------------------------------
--- Linear Regression Classifier - TEST DATA ---

Size of test set: 36
Size of predicted set: 36

Number of estimators: -1
Randomize value: 55

Unique classes in TESTS\VALIDATION set: [0 1]
Unique classes in PREDICTED set: [0 1]

Accuracy: 0.8611
Recall: 0.38
AUC: 0.69
Mean Absolute Error (MAE): 0.14
R-squared: 0.20
              precision    recall  f1-score   support

           0       0.85      1.00      0.92        28
           1       1.00      0.38      0.55         8

    accuracy                           0.86        36
   macro avg       0.92      0.69      0.73        36
weighted avg       0.88      0.86      0.84        36

------------------------------------

------------------------------------
--- Linear Regression Classifier - TRAIN DATA ---

Size of test set: 144
Size of predicted set: 144

Number of estimators: -1
Randomize value: 55

Unique classes in TESTS\VALIDATION set: [0 1]
Unique classes in PREDICTED set: [0 1]

Accuracy: 1.0000
Recall: 1.00
AUC: 1.00
Mean Absolute Error (MAE): 0.00
R-squared: 1.00
              precision    recall  f1-score   support

           0       1.00      1.00      1.00        57
           1       1.00      1.00      1.00        87

    accuracy                           1.00       144
   macro avg       1.00      1.00      1.00       144
weighted avg       1.00      1.00      1.00       144

------------------------------------

