Train data size: 80, Validation size: 0, Test size: 20

./BGL_Brain_results/KERNDTLB_ALL_4500_alarm_occurences_matrix_FixWindow_dedup.csv

Data sample 0 - Start index: 0, End index: 126, Chunk size: 126

------------------------------------
--- Random Forest Classifier - TEST DATA - 0 ---

Size of test set: 25
Size of predicted set: 25

Number of estimators: 10
Randomize value: 55

Unique classes in TESTS\VALIDATION set: [0 1]
Unique classes in PREDICTED set: [0 1]

Accuracy: 0.8400
Recall: 0.76
AUC: 0.88
Mean Absolute Error (MAE): 0.16
R-squared: 0.26
              precision    recall  f1-score   support

           0       0.67      1.00      0.80         8
           1       1.00      0.76      0.87        17

    accuracy                           0.84        25
   macro avg       0.83      0.88      0.83        25
weighted avg       0.89      0.84      0.85        25

Caracteristiques les plus importantes:
Feature  Importance
   E168    0.058486
     E2    0.058298
   E230    0.057620
   E171    0.054220
   E232    0.053376
   E331    0.047967
   E169    0.047895
     E4    0.047892
   E359    0.046875
   E255    0.046671
   E259    0.045806
   E231    0.038471
     E3    0.037652
   E347    0.035432
   E257    0.032146
   E487    0.029754
   E104    0.029474
   E170    0.029074
   E258    0.027921
   E348    0.027342
   E374    0.027167
   E172    0.020487
   E306    0.020000
   E332    0.020000
   E199    0.019521
   E349    0.018899
   E256    0.010000
   E280    0.007313
   E260    0.003181
   E133    0.001059
   E125    0.000000
    E21    0.000000
    E20    0.000000
   E194    0.000000
   E198    0.000000
   E193    0.000000
   E192    0.000000
   E161    0.000000
   E191    0.000000
   E167    0.000000
   E126    0.000000
   E127    0.000000
   E141    0.000000
   E142    0.000000
   E159    0.000000
    E16    0.000000
   E160    0.000000
     E1    0.000000
   E124    0.000000
   E123    0.000000
   E103    0.000000
   E102    0.000000
    E24    0.000000
   E229    0.000000
    E28    0.000000
   E301    0.000000
   E249    0.000000
   E223    0.000000
   E222    0.000000
   E224    0.000000
   E225    0.000000
    E23    0.000000
    E22    0.000000
   E342    0.000000
   E330    0.000000
   E324    0.000000
    E33    0.000000
   E323    0.000000
   E322    0.000000
    E30    0.000000
   E354    0.000000
   E357    0.000000
   E356    0.000000
   E358    0.000000
   E373    0.000000
   E375    0.000000
   E391    0.000000
   E343    0.000000
   E345    0.000000
   E393    0.000000
   E392    0.000000
   E406    0.000000
   E405    0.000000
   E426    0.000000
   E427    0.000000
   E437    0.000000
   E425    0.000000
   E438    0.000000
   E439    0.000000
   E456    0.000000
   E452    0.000000
   E485    0.000000
   E499    0.000000
   E500    0.000000
   E501    0.000000
------------------------------------

------------------------------------
--- Random Forest Classifier - TRAIN DATA - 0 ---

Size of test set: 100
Size of predicted set: 100

Number of estimators: 10
Randomize value: 55

Unique classes in TESTS\VALIDATION set: [0 1]
Unique classes in PREDICTED set: [0 1]

Accuracy: 1.0000
Recall: 1.00
AUC: 1.00
Mean Absolute Error (MAE): 0.00
R-squared: 1.00
              precision    recall  f1-score   support

           0       1.00      1.00      1.00        25
           1       1.00      1.00      1.00        75

    accuracy                           1.00       100
   macro avg       1.00      1.00      1.00       100
weighted avg       1.00      1.00      1.00       100

Caracteristiques les plus importantes:
Feature  Importance
   E168    0.058486
     E2    0.058298
   E230    0.057620
   E171    0.054220
   E232    0.053376
   E331    0.047967
   E169    0.047895
     E4    0.047892
   E359    0.046875
   E255    0.046671
   E259    0.045806
   E231    0.038471
     E3    0.037652
   E347    0.035432
   E257    0.032146
   E487    0.029754
   E104    0.029474
   E170    0.029074
   E258    0.027921
   E348    0.027342
   E374    0.027167
   E172    0.020487
   E306    0.020000
   E332    0.020000
   E199    0.019521
   E349    0.018899
   E256    0.010000
   E280    0.007313
   E260    0.003181
   E133    0.001059
   E125    0.000000
    E21    0.000000
    E20    0.000000
   E194    0.000000
   E198    0.000000
   E193    0.000000
   E192    0.000000
   E161    0.000000
   E191    0.000000
   E167    0.000000
   E126    0.000000
   E127    0.000000
   E141    0.000000
   E142    0.000000
   E159    0.000000
    E16    0.000000
   E160    0.000000
     E1    0.000000
   E124    0.000000
   E123    0.000000
   E103    0.000000
   E102    0.000000
    E24    0.000000
   E229    0.000000
    E28    0.000000
   E301    0.000000
   E249    0.000000
   E223    0.000000
   E222    0.000000
   E224    0.000000
   E225    0.000000
    E23    0.000000
    E22    0.000000
   E342    0.000000
   E330    0.000000
   E324    0.000000
    E33    0.000000
   E323    0.000000
   E322    0.000000
    E30    0.000000
   E354    0.000000
   E357    0.000000
   E356    0.000000
   E358    0.000000
   E373    0.000000
   E375    0.000000
   E391    0.000000
   E343    0.000000
   E345    0.000000
   E393    0.000000
   E392    0.000000
   E406    0.000000
   E405    0.000000
   E426    0.000000
   E427    0.000000
   E437    0.000000
   E425    0.000000
   E438    0.000000
   E439    0.000000
   E456    0.000000
   E452    0.000000
   E485    0.000000
   E499    0.000000
   E500    0.000000
   E501    0.000000
------------------------------------

