Train data size: 80, Validation size: 0, Test size: 20

./BGL_Brain_results/KERNDTLB_ALL_4500_alarm_occurences_matrix_FixWindow_dedup.csv

Data sample 0 - Start index: 0, End index: 126, Chunk size: 126

------------------------------------
--- Linear Regression Classifier - TEST DATA ---

Size of test set: 25
Size of predicted set: 25

Number of estimators: -1
Randomize value: 55

Unique classes in TESTS\VALIDATION set: [0 1]
Unique classes in PREDICTED set: [0 1]

Accuracy: 0.6000
Recall: 0.41
AUC: 0.71
Mean Absolute Error (MAE): 0.40
R-squared: -0.84
              precision    recall  f1-score   support

           0       0.44      1.00      0.62         8
           1       1.00      0.41      0.58        17

    accuracy                           0.60        25
   macro avg       0.72      0.71      0.60        25
weighted avg       0.82      0.60      0.59        25

------------------------------------

------------------------------------
--- Linear Regression Classifier - TRAIN DATA ---

Size of test set: 100
Size of predicted set: 100

Number of estimators: -1
Randomize value: 55

Unique classes in TESTS\VALIDATION set: [0 1]
Unique classes in PREDICTED set: [0 1]

Accuracy: 0.9900
Recall: 0.99
AUC: 0.99
Mean Absolute Error (MAE): 0.01
R-squared: 0.95
              precision    recall  f1-score   support

           0       0.96      1.00      0.98        25
           1       1.00      0.99      0.99        75

    accuracy                           0.99       100
   macro avg       0.98      0.99      0.99       100
weighted avg       0.99      0.99      0.99       100

------------------------------------

