Train data size: 80, Validation size: 0, Test size: 20

./BGL_Brain_results/KERNDTLB_ALL_3000_alarm_occurences_matrix_FixWindow_dedup.csv

Data sample 0 - Start index: 0, End index: 145, Chunk size: 145

------------------------------------
--- Random Forest Classifier - TEST DATA - 0 ---

Size of test set: 29
Size of predicted set: 29

Number of estimators: 10
Randomize value: 55

Unique classes in TESTS\VALIDATION set: [0 1]
Unique classes in PREDICTED set: [0 1]

Accuracy: 0.9655
Recall: 0.89
AUC: 0.94
Mean Absolute Error (MAE): 0.03
R-squared: 0.84
              precision    recall  f1-score   support

           0       0.95      1.00      0.98        20
           1       1.00      0.89      0.94         9

    accuracy                           0.97        29
   macro avg       0.98      0.94      0.96        29
weighted avg       0.97      0.97      0.96        29

Top 10 des caracteristiques les plus importantes:
Feature  Importance
   E306    0.083890
   E170    0.075646
   E255    0.058765
   E231    0.058303
   E332    0.056045
   E232    0.048533
   E230    0.047211
   E168    0.046543
   E348    0.038396
   E374    0.037473
------------------------------------

------------------------------------
--- Random Forest Classifier - TRAIN DATA - 0 ---

Size of test set: 116
Size of predicted set: 116

Number of estimators: 10
Randomize value: 55

Unique classes in TESTS\VALIDATION set: [0 1]
Unique classes in PREDICTED set: [0 1]

Accuracy: 1.0000
Recall: 1.00
AUC: 1.00
Mean Absolute Error (MAE): 0.00
R-squared: 1.00
              precision    recall  f1-score   support

           0       1.00      1.00      1.00        31
           1       1.00      1.00      1.00        85

    accuracy                           1.00       116
   macro avg       1.00      1.00      1.00       116
weighted avg       1.00      1.00      1.00       116

Top 10 des caracteristiques les plus importantes:
Feature  Importance
   E306    0.083890
   E170    0.075646
   E255    0.058765
   E231    0.058303
   E332    0.056045
   E232    0.048533
   E230    0.047211
   E168    0.046543
   E348    0.038396
   E374    0.037473
------------------------------------

