Train data size: 80, Validation size: 0, Test size: 20

./BGL_Brain_results/BGL_20min_1_alarm_occurences_matrix_preprocessed.csv

Data sample 0 - Start index: 0, End index: 1075, Chunk size: 1075

------------------------------------
--- Random Forest Classifier - TEST DATA - 0 ---

Size of test set: 215
Size of predicted set: 215

Number of estimators: 10
Randomize value: 55

Unique classes in TESTS\VALIDATION set: [0 1]
Unique classes in PREDICTED set: [0 1]

Accuracy: 0.6977
Recall: 0.94
AUC: 0.74
Mean Absolute Error (MAE): 0.30
R-squared: -0.25
              precision    recall  f1-score   support

           0       0.93      0.53      0.68       128
           1       0.58      0.94      0.72        87

    accuracy                           0.70       215
   macro avg       0.75      0.74      0.70       215
weighted avg       0.79      0.70      0.69       215

Caracteristiques les plus importantes:
Feature   Importance
   E120 6.975817e-02
   E371 4.005245e-02
   E142 3.532541e-02
   E190 3.515416e-02
   E198 3.400781e-02
   E102 3.136850e-02
   E419 3.056098e-02
   E229 2.966898e-02
   E167 2.764706e-02
   E118 2.755607e-02
     E1 2.689047e-02
   E141 2.647944e-02
   E370 2.641460e-02
   E103 2.468020e-02
     E5 2.466363e-02
   E183 2.340794e-02
   E374 2.209416e-02
   E346 2.134080e-02
   E184 2.119331e-02
   E332 2.029533e-02
   E137 2.013302e-02
   E340 1.620213e-02
   E330 1.612714e-02
   E306 1.570068e-02
   E413 1.546462e-02
   E216 1.413706e-02
   E213 1.386095e-02
   E172 1.332789e-02
   E242 1.288628e-02
   E140 1.161450e-02
   E339 1.110065e-02
   E174 1.088903e-02
   E260 1.086039e-02
   E200 1.082446e-02
   E353 1.079153e-02
    E17 1.031081e-02
   E456 9.922442e-03
   E485 9.806023e-03
   E372 9.780174e-03
    E12 9.603759e-03
   E352 9.007141e-03
   E452 8.384142e-03
   E384 7.950008e-03
   E442 7.588562e-03
   E114 7.196552e-03
   E115 6.388464e-03
   E186 5.862329e-03
   E462 4.935316e-03
   E307 4.191305e-03
   E487 3.933099e-03
   E290 3.850204e-03
   E386 3.167061e-03
    E18 2.613705e-03
   E221 2.604812e-03
   E400 2.601824e-03
   E149 2.567889e-03
   E451 2.534409e-03
   E245 2.478860e-03
   E382 2.439514e-03
   E482 2.392076e-03
   E321 2.296381e-03
    E15 2.247491e-03
   E288 2.230833e-03
   E354 2.192953e-03
   E507 2.131556e-03
   E133 2.013072e-03
   E136 1.946262e-03
   E380 1.899409e-03
   E296 1.887097e-03
   E122 1.837174e-03
   E116 1.798383e-03
   E268 1.604180e-03
   E188 1.570112e-03
   E421 1.510389e-03
   E294 1.432602e-03
   E383 1.361469e-03
   E318 1.333838e-03
   E470 1.295260e-03
   E489 1.062760e-03
   E468 9.888518e-04
   E150 9.827137e-04
   E490 9.644778e-04
   E280 9.147333e-04
   E314 9.066819e-04
   E385 9.029047e-04
   E388 8.282698e-04
   E207 8.270905e-04
   E412 6.983287e-04
   E208 6.735355e-04
   E180 6.214163e-04
   E112 6.084134e-04
   E178 5.669721e-04
   E144 5.449589e-04
   E403 4.955901e-04
    E10 4.894246e-04
     E7 4.800199e-04
   E313 4.614289e-04
   E433 3.958273e-04
   E217 3.928760e-04
   E234 3.833474e-04
     E9 3.789302e-04
   E205 3.420867e-04
   E108 3.294836e-04
   E350 3.191625e-04
   E241 2.981762e-04
   E211 2.678445e-04
     E6 2.612273e-04
   E484 2.457093e-04
   E238 2.429476e-04
   E497 2.412003e-04
   E284 2.377533e-04
   E131 2.234564e-04
   E396 2.208666e-04
   E446 2.054608e-04
   E176 2.050284e-04
   E464 1.947836e-04
   E337 1.819160e-04
   E471 1.791973e-04
   E239 1.761666e-04
   E475 1.737696e-04
   E377 1.735719e-04
   E105 1.729192e-04
   E109 1.724938e-04
   E411 1.642299e-04
   E491 1.634538e-04
   E283 1.597712e-04
   E336 1.573048e-04
   E218 1.563635e-04
   E309 1.489029e-04
   E291 1.399441e-04
   E107 1.270568e-04
   E204 1.268467e-04
   E376 1.124401e-04
   E134 1.046392e-04
   E244 9.417878e-05
   E135 8.833396e-05
   E156 7.995662e-05
   E445 7.810702e-05
   E488 7.114487e-05
   E338 5.413162e-05
   E399 4.812376e-05
   E236 4.362696e-05
   E292 4.128710e-05
   E286 2.197838e-05
   E378 4.546367e-06
   E308 9.429502e-08
   E145 1.847050e-08
    E81 0.000000e+00
    E82 0.000000e+00
    E83 0.000000e+00
    E70 0.000000e+00
    E71 0.000000e+00
    E72 0.000000e+00
    E73 0.000000e+00
    E80 0.000000e+00
    E85 0.000000e+00
    E86 0.000000e+00
    E87 0.000000e+00
    E88 0.000000e+00
    E63 0.000000e+00
    E64 0.000000e+00
    E65 0.000000e+00
    E84 0.000000e+00
    E67 0.000000e+00
    E68 0.000000e+00
    E69 0.000000e+00
   E279 0.000000e+00
   E278 0.000000e+00
   E277 0.000000e+00
   E276 0.000000e+00
   E285 0.000000e+00
   E282 0.000000e+00
   E287 0.000000e+00
    E28 0.000000e+00
    E29 0.000000e+00
   E295 0.000000e+00
   E298 0.000000e+00
   E297 0.000000e+00
    E30 0.000000e+00
   E300 0.000000e+00
   E301 0.000000e+00
   E281 0.000000e+00
    E31 0.000000e+00
   E310 0.000000e+00
   E311 0.000000e+00
    E32 0.000000e+00
   E322 0.000000e+00
   E323 0.000000e+00
   E324 0.000000e+00
   E325 0.000000e+00
   E327 0.000000e+00
   E328 0.000000e+00
    E21 0.000000e+00
    E22 0.000000e+00
   E222 0.000000e+00
   E223 0.000000e+00
   E224 0.000000e+00
   E302 0.000000e+00
   E225 0.000000e+00
   E226 0.000000e+00
    E33 0.000000e+00
    E23 0.000000e+00
   E334 0.000000e+00
   E335 0.000000e+00
    E34 0.000000e+00
   E342 0.000000e+00
   E343 0.000000e+00
    E35 0.000000e+00
   E351 0.000000e+00
   E356 0.000000e+00
   E357 0.000000e+00
   E358 0.000000e+00
    E36 0.000000e+00
   E361 0.000000e+00
   E362 0.000000e+00
   E363 0.000000e+00
   E364 0.000000e+00
    E37 0.000000e+00
    E74 0.000000e+00
    E75 0.000000e+00
    E76 0.000000e+00
    E77 0.000000e+00
   E272 0.000000e+00
   E273 0.000000e+00
   E274 0.000000e+00
   E275 0.000000e+00
    E66 0.000000e+00
   E106 0.000000e+00
    E79 0.000000e+00
     E8 0.000000e+00
   E252 0.000000e+00
   E251 0.000000e+00
   E250 0.000000e+00
    E25 0.000000e+00
   E202 0.000000e+00
   E201 0.000000e+00
    E20 0.000000e+00
   E195 0.000000e+00
   E194 0.000000e+00
   E193 0.000000e+00
   E192 0.000000e+00
   E191 0.000000e+00
   E267 0.000000e+00
   E269 0.000000e+00
   E264 0.000000e+00
    E26 0.000000e+00
   E175 0.000000e+00
   E165 0.000000e+00
   E203 0.000000e+00
    E19 0.000000e+00
   E373 0.000000e+00
   E379 0.000000e+00
    E38 0.000000e+00
   E177 0.000000e+00
    E39 0.000000e+00
   E391 0.000000e+00
   E270 0.000000e+00
    E27 0.000000e+00
   E271 0.000000e+00
   E265 0.000000e+00
   E262 0.000000e+00
   E261 0.000000e+00
   E398 0.000000e+00
   E397 0.000000e+00
    E40 0.000000e+00
   E405 0.000000e+00
   E409 0.000000e+00
    E41 0.000000e+00
   E406 0.000000e+00
   E408 0.000000e+00
   E417 0.000000e+00
    E42 0.000000e+00
   E425 0.000000e+00
   E426 0.000000e+00
   E427 0.000000e+00
   E429 0.000000e+00
   E410 0.000000e+00
   E416 0.000000e+00
   E430 0.000000e+00
    E43 0.000000e+00
   E146 0.000000e+00
   E432 0.000000e+00
   E147 0.000000e+00
   E159 0.000000e+00
    E16 0.000000e+00
   E160 0.000000e+00
   E161 0.000000e+00
   E162 0.000000e+00
   E393 0.000000e+00
   E392 0.000000e+00
   E394 0.000000e+00
   E395 0.000000e+00
   E266 0.000000e+00
   E263 0.000000e+00
    E44 0.000000e+00
   E439 0.000000e+00
   E438 0.000000e+00
   E437 0.000000e+00
   E164 0.000000e+00
   E163 0.000000e+00
    E47 0.000000e+00
   E472 0.000000e+00
   E486 0.000000e+00
    E49 0.000000e+00
   E123 0.000000e+00
   E124 0.000000e+00
   E125 0.000000e+00
   E126 0.000000e+00
    E45 0.000000e+00
   E441 0.000000e+00
   E129 0.000000e+00
   E127 0.000000e+00
    E14 0.000000e+00
   E496 0.000000e+00
   E499 0.000000e+00
    E50 0.000000e+00
   E500 0.000000e+00
   E501 0.000000e+00
   E503 0.000000e+00
   E505 0.000000e+00
   E508 0.000000e+00
    E51 0.000000e+00
   E511 0.000000e+00
   E512 0.000000e+00
    E48 0.000000e+00
    E46 0.000000e+00
    E90 0.000000e+00
    E89 0.000000e+00
    E92 0.000000e+00
    E91 0.000000e+00
   E235 0.000000e+00
   E237 0.000000e+00
    E24 0.000000e+00
   E247 0.000000e+00
   E248 0.000000e+00
   E249 0.000000e+00
   E513 0.000000e+00
   E515 0.000000e+00
   E517 0.000000e+00
   E518 0.000000e+00
    E52 0.000000e+00
    E53 0.000000e+00
    E54 0.000000e+00
    E55 0.000000e+00
    E56 0.000000e+00
    E57 0.000000e+00
    E58 0.000000e+00
    E59 0.000000e+00
    E60 0.000000e+00
    E61 0.000000e+00
    E62 0.000000e+00
    E78 0.000000e+00
    E93 0.000000e+00
    E94 0.000000e+00
    E95 0.000000e+00
    E96 0.000000e+00
    E97 0.000000e+00
    E99 0.000000e+00
------------------------------------

