Train data size: 80, Validation size: 0, Test size: 20

./BGL_Brain_results/BGL_20min_1_alarm_occurences_matrix_preprocessed_corr.csv

Data sample 0 - Start index: 0, End index: 1075, Chunk size: 1075

------------------------------------
--- Random Forest Classifier - TEST DATA - 0 ---

Size of test set: 215
Size of predicted set: 215

Number of estimators: 10
Randomize value: 55

Unique classes in TESTS\VALIDATION set: [0 1]
Unique classes in PREDICTED set: [0 1]

Accuracy: 0.7953
Recall: 0.81
AUC: 0.79
Mean Absolute Error (MAE): 0.20
R-squared: 0.17
              precision    recall  f1-score   support

           0       0.77      0.77      0.77        97
           1       0.81      0.81      0.81       118

    accuracy                           0.80       215
   macro avg       0.79      0.79      0.79       215
weighted avg       0.80      0.80      0.80       215

Caracteristiques les plus importantes:
Feature   Importance
   E345 1.160161e-01
   E139 8.196750e-02
     E1 7.667041e-02
   E168 7.564354e-02
   E329 6.058328e-02
   E413 5.145420e-02
   E174 5.143428e-02
   E170 3.004796e-02
   E190 2.904415e-02
   E118 2.619125e-02
   E258 2.148831e-02
   E370 2.143407e-02
   E183 1.977524e-02
   E340 1.909734e-02
   E184 1.839504e-02
   E137 1.820654e-02
   E212 1.638091e-02
   E213 1.517354e-02
   E456 1.497461e-02
   E216 1.491826e-02
   E442 1.445469e-02
   E242 1.343617e-02
    E17 1.266338e-02
   E353 1.210166e-02
   E452 1.186727e-02
   E339 1.161833e-02
   E352 1.062256e-02
   E384 1.021685e-02
    E12 1.019196e-02
   E200 9.200393e-03
   E114 8.927321e-03
   E221 8.448493e-03
   E133 7.096353e-03
   E245 6.971062e-03
   E115 6.258167e-03
    E15 5.764031e-03
   E116 5.287341e-03
   E186 4.384749e-03
     E8 4.241187e-03
   E354 3.686270e-03
   E105 3.649506e-03
   E136 3.511592e-03
   E122 2.955679e-03
   E321 2.798413e-03
   E386 2.751752e-03
   E382 2.740021e-03
   E149 2.718312e-03
   E288 2.652242e-03
    E18 2.389991e-03
   E318 2.302693e-03
   E400 2.264032e-03
   E268 2.220352e-03
    E10 1.502836e-03
   E131 1.244221e-03
   E468 1.229968e-03
   E421 1.220996e-03
   E445 8.137542e-04
   E218 7.673307e-04
   E403 7.634774e-04
   E112 6.118916e-04
   E433 5.513035e-04
   E156 4.858967e-04
   E211 3.555571e-04
   E241 2.848831e-04
   E134 2.777043e-04
   E217 1.484308e-04
   E276 1.012729e-04
   E388 5.458716e-05
   E488 5.028565e-05
    E14 4.741519e-05
   E275 4.590996e-05
   E269 3.402604e-05
   E266 3.195865e-05
   E297 1.921251e-05
   E285 1.825885e-05
   E286 1.066383e-05
   E267 7.258745e-06
   E273 4.373910e-06
   E272 3.506100e-06
   E287 3.352379e-06
   E263 2.811188e-06
   E271 2.394441e-06
   E298 2.353723e-06
   E281 1.902269e-06
   E262 1.802547e-06
   E264 1.605803e-06
   E277 1.490583e-06
   E261 1.440221e-06
   E265 1.217378e-06
   E274 1.172580e-06
   E270 1.087644e-06
   E278 9.647879e-07
   E135 1.164134e-07
   E226 0.000000e+00
   E279 0.000000e+00
   E195 0.000000e+00
   E164 0.000000e+00
   E123 0.000000e+00
   E251 0.000000e+00
   E252 0.000000e+00
   E250 0.000000e+00
   E163 0.000000e+00
   E165 0.000000e+00
   E295 0.000000e+00
    E39 0.000000e+00
    E40 0.000000e+00
    E36 0.000000e+00
    E38 0.000000e+00
    E35 0.000000e+00
   E327 0.000000e+00
   E328 0.000000e+00
    E34 0.000000e+00
    E31 0.000000e+00
   E302 0.000000e+00
    E47 0.000000e+00
    E45 0.000000e+00
   E486 0.000000e+00
    E49 0.000000e+00
    E50 0.000000e+00
    E46 0.000000e+00
   E508 0.000000e+00
    E52 0.000000e+00
    E57 0.000000e+00
    E55 0.000000e+00
    E70 0.000000e+00
    E77 0.000000e+00
    E78 0.000000e+00
    E63 0.000000e+00
    E79 0.000000e+00
    E81 0.000000e+00
    E82 0.000000e+00
    E83 0.000000e+00
    E87 0.000000e+00
    E88 0.000000e+00
    E93 0.000000e+00
    E97 0.000000e+00
------------------------------------

