--- Random Forest Classifier Bootstrap sample 1/10 ---
Accuracy: 0.9969
Recall: 0.59
AUC: 0.91
Mean Absolute Error: 0.00
R-squared: 0.35
              precision    recall  f1-score   support

           0       1.00      1.00      1.00      3544
           1       0.71      0.59      0.65        17

    accuracy                           1.00      3561
   macro avg       0.86      0.79      0.82      3561
weighted avg       1.00      1.00      1.00      3561

--- Linear Regression Bootstrap sample 1/10 ---
Accuracy: 0.9972
Recall: 0.53
AUC: 0.98
Mean Absolute Error: 0.00
R-squared: 0.41
              precision    recall  f1-score   support

           0       1.00      1.00      1.00      3544
           1       0.82      0.53      0.64        17

    accuracy                           1.00      3561
   macro avg       0.91      0.76      0.82      3561
weighted avg       1.00      1.00      1.00      3561

--- Random Forest Classifier Bootstrap sample 2/10 ---
Accuracy: 0.9969
Recall: 0.71
AUC: 0.92
Mean Absolute Error: 0.00
R-squared: 0.54
              precision    recall  f1-score   support

           0       1.00      1.00      1.00      3537
           1       0.81      0.71      0.76        24

    accuracy                           1.00      3561
   macro avg       0.90      0.85      0.88      3561
weighted avg       1.00      1.00      1.00      3561

--- Linear Regression Bootstrap sample 2/10 ---
Accuracy: 0.9961
Recall: 0.67
AUC: 1.00
Mean Absolute Error: 0.00
R-squared: 0.41
              precision    recall  f1-score   support

           0       1.00      1.00      1.00      3537
           1       0.73      0.67      0.70        24

    accuracy                           1.00      3561
   macro avg       0.86      0.83      0.85      3561
weighted avg       1.00      1.00      1.00      3561

--- Random Forest Classifier Bootstrap sample 3/10 ---
Accuracy: 0.9961
Recall: 0.82
AUC: 1.00
Mean Absolute Error: 0.00
R-squared: 0.57
              precision    recall  f1-score   support

           0       1.00      1.00      1.00      3528
           1       0.77      0.82      0.79        33

    accuracy                           1.00      3561
   macro avg       0.88      0.91      0.90      3561
weighted avg       1.00      1.00      1.00      3561

--- Linear Regression Bootstrap sample 3/10 ---
Accuracy: 0.9949
Recall: 0.64
AUC: 1.00
Mean Absolute Error: 0.01
R-squared: 0.45
              precision    recall  f1-score   support

           0       1.00      1.00      1.00      3528
           1       0.78      0.64      0.70        33

    accuracy                           0.99      3561
   macro avg       0.89      0.82      0.85      3561
weighted avg       0.99      0.99      0.99      3561

--- Random Forest Classifier Bootstrap sample 4/10 ---
Accuracy: 0.9958
Recall: 0.64
AUC: 0.94
Mean Absolute Error: 0.00
R-squared: 0.46
              precision    recall  f1-score   support

           0       1.00      1.00      1.00      3533
           1       0.78      0.64      0.71        28

    accuracy                           1.00      3561
   macro avg       0.89      0.82      0.85      3561
weighted avg       1.00      1.00      1.00      3561

--- Linear Regression Bootstrap sample 4/10 ---
Accuracy: 0.9944
Recall: 0.54
AUC: 0.99
Mean Absolute Error: 0.01
R-squared: 0.28
              precision    recall  f1-score   support

           0       1.00      1.00      1.00      3533
           1       0.68      0.54      0.60        28

    accuracy                           0.99      3561
   macro avg       0.84      0.77      0.80      3561
weighted avg       0.99      0.99      0.99      3561

--- Random Forest Classifier Bootstrap sample 5/10 ---
Accuracy: 0.9963
Recall: 0.72
AUC: 0.98
Mean Absolute Error: 0.00
R-squared: 0.59
              precision    recall  f1-score   support

           0       1.00      1.00      1.00      3529
           1       0.85      0.72      0.78        32

    accuracy                           1.00      3561
   macro avg       0.92      0.86      0.89      3561
weighted avg       1.00      1.00      1.00      3561

--- Linear Regression Bootstrap sample 5/10 ---
Accuracy: 0.9963
Recall: 0.59
AUC: 0.99
Mean Absolute Error: 0.00
R-squared: 0.59
              precision    recall  f1-score   support

           0       1.00      1.00      1.00      3529
           1       1.00      0.59      0.75        32

    accuracy                           1.00      3561
   macro avg       1.00      0.80      0.87      3561
weighted avg       1.00      1.00      1.00      3561

--- Random Forest Classifier Bootstrap sample 6/10 ---
Accuracy: 0.9975
Recall: 0.84
AUC: 0.97
Mean Absolute Error: 0.00
R-squared: 0.71
              precision    recall  f1-score   support

           0       1.00      1.00      1.00      3530
           1       0.87      0.84      0.85        31

    accuracy                           1.00      3561
   macro avg       0.93      0.92      0.93      3561
weighted avg       1.00      1.00      1.00      3561

--- Linear Regression Bootstrap sample 6/10 ---
Accuracy: 0.9966
Recall: 0.68
AUC: 1.00
Mean Absolute Error: 0.00
R-squared: 0.61
              precision    recall  f1-score   support

           0       1.00      1.00      1.00      3530
           1       0.91      0.68      0.78        31

    accuracy                           1.00      3561
   macro avg       0.96      0.84      0.89      3561
weighted avg       1.00      1.00      1.00      3561

--- Random Forest Classifier Bootstrap sample 7/10 ---
Accuracy: 0.9958
Recall: 0.69
AUC: 0.94
Mean Absolute Error: 0.00
R-squared: 0.57
              precision    recall  f1-score   support

           0       1.00      1.00      1.00      3526
           1       0.86      0.69      0.76        35

    accuracy                           1.00      3561
   macro avg       0.93      0.84      0.88      3561
weighted avg       1.00      1.00      1.00      3561

--- Linear Regression Bootstrap sample 7/10 ---
Accuracy: 0.9949
Recall: 0.51
AUC: 0.99
Mean Absolute Error: 0.01
R-squared: 0.48
              precision    recall  f1-score   support

           0       1.00      1.00      1.00      3526
           1       0.95      0.51      0.67        35

    accuracy                           0.99      3561
   macro avg       0.97      0.76      0.83      3561
weighted avg       0.99      0.99      0.99      3561

--- Random Forest Classifier Bootstrap sample 8/10 ---
Accuracy: 0.9978
Recall: 0.82
AUC: 0.98
Mean Absolute Error: 0.00
R-squared: 0.63
              precision    recall  f1-score   support

           0       1.00      1.00      1.00      3539
           1       0.82      0.82      0.82        22

    accuracy                           1.00      3561
   macro avg       0.91      0.91      0.91      3561
weighted avg       1.00      1.00      1.00      3561

--- Linear Regression Bootstrap sample 8/10 ---
Accuracy: 0.9969
Recall: 0.64
AUC: 1.00
Mean Absolute Error: 0.00
R-squared: 0.50
              precision    recall  f1-score   support

           0       1.00      1.00      1.00      3539
           1       0.82      0.64      0.72        22

    accuracy                           1.00      3561
   macro avg       0.91      0.82      0.86      3561
weighted avg       1.00      1.00      1.00      3561

--- Random Forest Classifier Bootstrap sample 9/10 ---
Accuracy: 0.9975
Recall: 0.76
AUC: 0.96
Mean Absolute Error: 0.00
R-squared: 0.69
              precision    recall  f1-score   support

           0       1.00      1.00      1.00      3532
           1       0.92      0.76      0.83        29

    accuracy                           1.00      3561
   macro avg       0.96      0.88      0.91      3561
weighted avg       1.00      1.00      1.00      3561

--- Linear Regression Bootstrap sample 9/10 ---
Accuracy: 0.9972
Recall: 0.69
AUC: 1.00
Mean Absolute Error: 0.00
R-squared: 0.65
              precision    recall  f1-score   support

           0       1.00      1.00      1.00      3532
           1       0.95      0.69      0.80        29

    accuracy                           1.00      3561
   macro avg       0.97      0.84      0.90      3561
weighted avg       1.00      1.00      1.00      3561

--- Random Forest Classifier Bootstrap sample 10/10 ---
Accuracy: 0.9983
Recall: 0.78
AUC: 0.98
Mean Absolute Error: 0.00
R-squared: 0.74
              precision    recall  f1-score   support

           0       1.00      1.00      1.00      3538
           1       0.95      0.78      0.86        23

    accuracy                           1.00      3561
   macro avg       0.97      0.89      0.93      3561
weighted avg       1.00      1.00      1.00      3561

--- Linear Regression Bootstrap sample 10/10 ---
Accuracy: 0.9966
Recall: 0.65
AUC: 0.99
Mean Absolute Error: 0.00
R-squared: 0.47
              precision    recall  f1-score   support

           0       1.00      1.00      1.00      3538
           1       0.79      0.65      0.71        23

    accuracy                           1.00      3561
   macro avg       0.89      0.83      0.86      3561
weighted avg       1.00      1.00      1.00      3561

