--- Random Forest Classifier Bootstrap sample 1/10 ---
Accuracy: 0.9984
Recall: 0.44
AUC: 0.85
Mean Absolute Error: 0.00
R-squared: 0.16
              precision    recall  f1-score   support

           0       1.00      1.00      1.00     36698
           1       0.61      0.44      0.51        70

    accuracy                           1.00     36768
   macro avg       0.80      0.72      0.76     36768
weighted avg       1.00      1.00      1.00     36768

--- Linear Regression Bootstrap sample 1/10 ---
Accuracy: 0.9983
Recall: 0.11
AUC: 0.97
Mean Absolute Error: 0.00
R-squared: 0.08
              precision    recall  f1-score   support

           0       1.00      1.00      1.00     36698
           1       0.80      0.11      0.20        70

    accuracy                           1.00     36768
   macro avg       0.90      0.56      0.60     36768
weighted avg       1.00      1.00      1.00     36768

--- Random Forest Classifier Bootstrap sample 2/10 ---
Accuracy: 0.9983
Recall: 0.47
AUC: 0.89
Mean Absolute Error: 0.00
R-squared: 0.14
              precision    recall  f1-score   support

           0       1.00      1.00      1.00     36693
           1       0.59      0.47      0.52        75

    accuracy                           1.00     36768
   macro avg       0.80      0.73      0.76     36768
weighted avg       1.00      1.00      1.00     36768

--- Linear Regression Bootstrap sample 2/10 ---
Accuracy: 0.9982
Recall: 0.13
AUC: 0.98
Mean Absolute Error: 0.00
R-squared: 0.09
              precision    recall  f1-score   support

           0       1.00      1.00      1.00     36693
           1       0.77      0.13      0.23        75

    accuracy                           1.00     36768
   macro avg       0.88      0.57      0.61     36768
weighted avg       1.00      1.00      1.00     36768

--- Random Forest Classifier Bootstrap sample 3/10 ---
Accuracy: 0.9982
Recall: 0.52
AUC: 0.91
Mean Absolute Error: 0.00
R-squared: 0.09
              precision    recall  f1-score   support

           0       1.00      1.00      1.00     36693
           1       0.55      0.52      0.53        75

    accuracy                           1.00     36768
   macro avg       0.77      0.76      0.77     36768
weighted avg       1.00      1.00      1.00     36768

--- Linear Regression Bootstrap sample 3/10 ---
Accuracy: 0.9983
Recall: 0.16
AUC: 0.97
Mean Absolute Error: 0.00
R-squared: 0.14
              precision    recall  f1-score   support

           0       1.00      1.00      1.00     36693
           1       0.92      0.16      0.27        75

    accuracy                           1.00     36768
   macro avg       0.96      0.58      0.64     36768
weighted avg       1.00      1.00      1.00     36768

--- Random Forest Classifier Bootstrap sample 4/10 ---
Accuracy: 0.9984
Recall: 0.66
AUC: 0.90
Mean Absolute Error: 0.00
R-squared: 0.36
              precision    recall  f1-score   support

           0       1.00      1.00      1.00     36676
           1       0.69      0.66      0.67        92

    accuracy                           1.00     36768
   macro avg       0.84      0.83      0.84     36768
weighted avg       1.00      1.00      1.00     36768

--- Linear Regression Bootstrap sample 4/10 ---
Accuracy: 0.9978
Recall: 0.16
AUC: 0.97
Mean Absolute Error: 0.00
R-squared: 0.13
              precision    recall  f1-score   support

           0       1.00      1.00      1.00     36676
           1       0.83      0.16      0.27        92

    accuracy                           1.00     36768
   macro avg       0.92      0.58      0.64     36768
weighted avg       1.00      1.00      1.00     36768

--- Random Forest Classifier Bootstrap sample 5/10 ---
Accuracy: 0.9978
Recall: 0.43
AUC: 0.88
Mean Absolute Error: 0.00
R-squared: 0.11
              precision    recall  f1-score   support

           0       1.00      1.00      1.00     36678
           1       0.57      0.43      0.49        90

    accuracy                           1.00     36768
   macro avg       0.79      0.72      0.75     36768
weighted avg       1.00      1.00      1.00     36768

--- Linear Regression Bootstrap sample 5/10 ---
Accuracy: 0.9976
Recall: 0.07
AUC: 0.97
Mean Absolute Error: 0.00
R-squared: 0.02
              precision    recall  f1-score   support

           0       1.00      1.00      1.00     36678
           1       0.60      0.07      0.12        90

    accuracy                           1.00     36768
   macro avg       0.80      0.53      0.56     36768
weighted avg       1.00      1.00      1.00     36768

--- Random Forest Classifier Bootstrap sample 6/10 ---
Accuracy: 0.9984
Recall: 0.48
AUC: 0.92
Mean Absolute Error: 0.00
R-squared: 0.10
              precision    recall  f1-score   support

           0       1.00      1.00      1.00     36701
           1       0.56      0.48      0.52        67

    accuracy                           1.00     36768
   macro avg       0.78      0.74      0.76     36768
weighted avg       1.00      1.00      1.00     36768

--- Linear Regression Bootstrap sample 6/10 ---
Accuracy: 0.9984
Recall: 0.19
AUC: 0.98
Mean Absolute Error: 0.00
R-squared: 0.10
              precision    recall  f1-score   support

           0       1.00      1.00      1.00     36701
           1       0.68      0.19      0.30        67

    accuracy                           1.00     36768
   macro avg       0.84      0.60      0.65     36768
weighted avg       1.00      1.00      1.00     36768

--- Random Forest Classifier Bootstrap sample 7/10 ---
Accuracy: 0.9985
Recall: 0.60
AUC: 0.95
Mean Absolute Error: 0.00
R-squared: 0.32
              precision    recall  f1-score   support

           0       1.00      1.00      1.00     36685
           1       0.68      0.60      0.64        83

    accuracy                           1.00     36768
   macro avg       0.84      0.80      0.82     36768
weighted avg       1.00      1.00      1.00     36768

--- Linear Regression Bootstrap sample 7/10 ---
Accuracy: 0.9982
Recall: 0.22
AUC: 0.98
Mean Absolute Error: 0.00
R-squared: 0.18
              precision    recall  f1-score   support

           0       1.00      1.00      1.00     36685
           1       0.86      0.22      0.35        83

    accuracy                           1.00     36768
   macro avg       0.93      0.61      0.67     36768
weighted avg       1.00      1.00      1.00     36768

--- Random Forest Classifier Bootstrap sample 8/10 ---
Accuracy: 0.9987
Recall: 0.62
AUC: 0.93
Mean Absolute Error: 0.00
R-squared: 0.40
              precision    recall  f1-score   support

           0       1.00      1.00      1.00     36690
           1       0.74      0.62      0.67        78

    accuracy                           1.00     36768
   macro avg       0.87      0.81      0.84     36768
weighted avg       1.00      1.00      1.00     36768

--- Linear Regression Bootstrap sample 8/10 ---
Accuracy: 0.9980
Recall: 0.15
AUC: 0.97
Mean Absolute Error: 0.00
R-squared: 0.05
              precision    recall  f1-score   support

           0       1.00      1.00      1.00     36690
           1       0.60      0.15      0.24        78

    accuracy                           1.00     36768
   macro avg       0.80      0.58      0.62     36768
weighted avg       1.00      1.00      1.00     36768

--- Random Forest Classifier Bootstrap sample 9/10 ---
Accuracy: 0.9986
Recall: 0.55
AUC: 0.89
Mean Absolute Error: 0.00
R-squared: 0.21
              precision    recall  f1-score   support

           0       1.00      1.00      1.00     36702
           1       0.62      0.55      0.58        66

    accuracy                           1.00     36768
   macro avg       0.81      0.77      0.79     36768
weighted avg       1.00      1.00      1.00     36768

--- Linear Regression Bootstrap sample 9/10 ---
Accuracy: 0.9986
Recall: 0.23
AUC: 0.98
Mean Absolute Error: 0.00
R-squared: 0.21
              precision    recall  f1-score   support

           0       1.00      1.00      1.00     36702
           1       0.94      0.23      0.37        66

    accuracy                           1.00     36768
   macro avg       0.97      0.61      0.68     36768
weighted avg       1.00      1.00      1.00     36768

--- Random Forest Classifier Bootstrap sample 10/10 ---
Accuracy: 0.9981
Recall: 0.42
AUC: 0.92
Mean Absolute Error: 0.00
R-squared: 0.12
              precision    recall  f1-score   support

           0       1.00      1.00      1.00     36689
           1       0.59      0.42      0.49        79

    accuracy                           1.00     36768
   macro avg       0.79      0.71      0.74     36768
weighted avg       1.00      1.00      1.00     36768

--- Linear Regression Bootstrap sample 10/10 ---
Accuracy: 0.9980
Recall: 0.20
AUC: 0.98
Mean Absolute Error: 0.00
R-squared: 0.09
              precision    recall  f1-score   support

           0       1.00      1.00      1.00     36689
           1       0.64      0.20      0.31        79

    accuracy                           1.00     36768
   macro avg       0.82      0.60      0.65     36768
weighted avg       1.00      1.00      1.00     36768

