--- Random Forest Classifier Bootstrap sample 1/10 ---
Accuracy: 0.9991
Recall: 0.45
AUC: 0.84
Mean Absolute Error: 0.00
R-squared: 0.19
              precision    recall  f1-score   support

           0       1.00      1.00      1.00     28933
           1       0.64      0.45      0.53        31

    accuracy                           1.00     28964
   macro avg       0.82      0.73      0.76     28964
weighted avg       1.00      1.00      1.00     28964

--- Linear Regression Bootstrap sample 1/10 ---
Accuracy: 0.9993
Recall: 0.35
AUC: 0.99
Mean Absolute Error: 0.00
R-squared: 0.35
              precision    recall  f1-score   support

           0       1.00      1.00      1.00     28933
           1       1.00      0.35      0.52        31

    accuracy                           1.00     28964
   macro avg       1.00      0.68      0.76     28964
weighted avg       1.00      1.00      1.00     28964

--- Random Forest Classifier Bootstrap sample 2/10 ---
Accuracy: 0.9993
Recall: 0.74
AUC: 0.97
Mean Absolute Error: 0.00
R-squared: 0.59
              precision    recall  f1-score   support

           0       1.00      1.00      1.00     28918
           1       0.83      0.74      0.78        46

    accuracy                           1.00     28964
   macro avg       0.91      0.87      0.89     28964
weighted avg       1.00      1.00      1.00     28964

--- Linear Regression Bootstrap sample 2/10 ---
Accuracy: 0.9992
Recall: 0.59
AUC: 0.99
Mean Absolute Error: 0.00
R-squared: 0.52
              precision    recall  f1-score   support

           0       1.00      1.00      1.00     28918
           1       0.90      0.59      0.71        46

    accuracy                           1.00     28964
   macro avg       0.95      0.79      0.86     28964
weighted avg       1.00      1.00      1.00     28964

--- Random Forest Classifier Bootstrap sample 3/10 ---
Accuracy: 0.9995
Recall: 0.76
AUC: 0.92
Mean Absolute Error: 0.00
R-squared: 0.62
              precision    recall  f1-score   support

           0       1.00      1.00      1.00     28927
           1       0.85      0.76      0.80        37

    accuracy                           1.00     28964
   macro avg       0.92      0.88      0.90     28964
weighted avg       1.00      1.00      1.00     28964

--- Linear Regression Bootstrap sample 3/10 ---
Accuracy: 0.9992
Recall: 0.46
AUC: 0.99
Mean Absolute Error: 0.00
R-squared: 0.35
              precision    recall  f1-score   support

           0       1.00      1.00      1.00     28927
           1       0.81      0.46      0.59        37

    accuracy                           1.00     28964
   macro avg       0.90      0.73      0.79     28964
weighted avg       1.00      1.00      1.00     28964

--- Random Forest Classifier Bootstrap sample 4/10 ---
Accuracy: 0.9993
Recall: 0.76
AUC: 0.97
Mean Absolute Error: 0.00
R-squared: 0.43
              precision    recall  f1-score   support

           0       1.00      1.00      1.00     28927
           1       0.70      0.76      0.73        37

    accuracy                           1.00     28964
   macro avg       0.85      0.88      0.86     28964
weighted avg       1.00      1.00      1.00     28964

--- Linear Regression Bootstrap sample 4/10 ---
Accuracy: 0.9993
Recall: 0.54
AUC: 0.99
Mean Absolute Error: 0.00
R-squared: 0.43
              precision    recall  f1-score   support

           0       1.00      1.00      1.00     28927
           1       0.83      0.54      0.66        37

    accuracy                           1.00     28964
   macro avg       0.92      0.77      0.83     28964
weighted avg       1.00      1.00      1.00     28964

--- Random Forest Classifier Bootstrap sample 5/10 ---
Accuracy: 0.9992
Recall: 0.58
AUC: 0.94
Mean Absolute Error: 0.00
R-squared: 0.30
              precision    recall  f1-score   support

           0       1.00      1.00      1.00     28931
           1       0.68      0.58      0.62        33

    accuracy                           1.00     28964
   macro avg       0.84      0.79      0.81     28964
weighted avg       1.00      1.00      1.00     28964

--- Linear Regression Bootstrap sample 5/10 ---
Accuracy: 0.9991
Recall: 0.33
AUC: 0.99
Mean Absolute Error: 0.00
R-squared: 0.24
              precision    recall  f1-score   support

           0       1.00      1.00      1.00     28931
           1       0.79      0.33      0.47        33

    accuracy                           1.00     28964
   macro avg       0.89      0.67      0.73     28964
weighted avg       1.00      1.00      1.00     28964

--- Random Forest Classifier Bootstrap sample 6/10 ---
Accuracy: 0.9995
Recall: 0.72
AUC: 0.91
Mean Absolute Error: 0.00
R-squared: 0.52
              precision    recall  f1-score   support

           0       1.00      1.00      1.00     28935
           1       0.78      0.72      0.75        29

    accuracy                           1.00     28964
   macro avg       0.89      0.86      0.87     28964
weighted avg       1.00      1.00      1.00     28964

--- Linear Regression Bootstrap sample 6/10 ---
Accuracy: 0.9992
Recall: 0.41
AUC: 0.99
Mean Absolute Error: 0.00
R-squared: 0.24
              precision    recall  f1-score   support

           0       1.00      1.00      1.00     28935
           1       0.71      0.41      0.52        29

    accuracy                           1.00     28964
   macro avg       0.85      0.71      0.76     28964
weighted avg       1.00      1.00      1.00     28964

--- Random Forest Classifier Bootstrap sample 7/10 ---
Accuracy: 0.9996
Recall: 0.81
AUC: 0.97
Mean Absolute Error: 0.00
R-squared: 0.65
              precision    recall  f1-score   support

           0       1.00      1.00      1.00     28927
           1       0.83      0.81      0.82        37

    accuracy                           1.00     28964
   macro avg       0.92      0.91      0.91     28964
weighted avg       1.00      1.00      1.00     28964

--- Linear Regression Bootstrap sample 7/10 ---
Accuracy: 0.9991
Recall: 0.54
AUC: 0.99
Mean Absolute Error: 0.00
R-squared: 0.32
              precision    recall  f1-score   support

           0       1.00      1.00      1.00     28927
           1       0.71      0.54      0.62        37

    accuracy                           1.00     28964
   macro avg       0.86      0.77      0.81     28964
weighted avg       1.00      1.00      1.00     28964

--- Random Forest Classifier Bootstrap sample 8/10 ---
Accuracy: 0.9994
Recall: 0.72
AUC: 0.96
Mean Absolute Error: 0.00
R-squared: 0.55
              precision    recall  f1-score   support

           0       1.00      1.00      1.00     28924
           1       0.81      0.72      0.76        40

    accuracy                           1.00     28964
   macro avg       0.90      0.86      0.88     28964
weighted avg       1.00      1.00      1.00     28964

--- Linear Regression Bootstrap sample 8/10 ---
Accuracy: 0.9992
Recall: 0.53
AUC: 1.00
Mean Absolute Error: 0.00
R-squared: 0.42
              precision    recall  f1-score   support

           0       1.00      1.00      1.00     28924
           1       0.84      0.53      0.65        40

    accuracy                           1.00     28964
   macro avg       0.92      0.76      0.82     28964
weighted avg       1.00      1.00      1.00     28964

--- Random Forest Classifier Bootstrap sample 9/10 ---
Accuracy: 0.9994
Recall: 0.74
AUC: 0.99
Mean Absolute Error: 0.00
R-squared: 0.59
              precision    recall  f1-score   support

           0       1.00      1.00      1.00     28925
           1       0.83      0.74      0.78        39

    accuracy                           1.00     28964
   macro avg       0.91      0.87      0.89     28964
weighted avg       1.00      1.00      1.00     28964

--- Linear Regression Bootstrap sample 9/10 ---
Accuracy: 0.9993
Recall: 0.54
AUC: 0.99
Mean Absolute Error: 0.00
R-squared: 0.49
              precision    recall  f1-score   support

           0       1.00      1.00      1.00     28925
           1       0.91      0.54      0.68        39

    accuracy                           1.00     28964
   macro avg       0.96      0.77      0.84     28964
weighted avg       1.00      1.00      1.00     28964

--- Random Forest Classifier Bootstrap sample 10/10 ---
Accuracy: 0.9996
Recall: 0.68
AUC: 0.96
Mean Absolute Error: 0.00
R-squared: 0.61
              precision    recall  f1-score   support

           0       1.00      1.00      1.00     28936
           1       0.90      0.68      0.78        28

    accuracy                           1.00     28964
   macro avg       0.95      0.84      0.89     28964
weighted avg       1.00      1.00      1.00     28964

--- Linear Regression Bootstrap sample 10/10 ---
Accuracy: 0.9995
Recall: 0.46
AUC: 0.99
Mean Absolute Error: 0.00
R-squared: 0.46
              precision    recall  f1-score   support

           0       1.00      1.00      1.00     28936
           1       1.00      0.46      0.63        28

    accuracy                           1.00     28964
   macro avg       1.00      0.73      0.82     28964
weighted avg       1.00      1.00      1.00     28964

