Train data size: 80, Validation size: 0, Test size: 20

./BGL_Brain_results/BGL_10min_1_alarm_occurences_matrix_preprocessed.csv

Data sample 0 - Start index: 0, End index: 1251, Chunk size: 1251

------------------------------------
--- Random Forest Classifier - TEST DATA - 0 ---

Size of test set: 250
Size of predicted set: 250

Number of estimators: 10
Randomize value: 55

Unique classes in TESTS\VALIDATION set: [0 1]
Unique classes in PREDICTED set: [0 1]

Accuracy: 0.7040
Recall: 0.93
AUC: 0.74
Mean Absolute Error (MAE): 0.30
R-squared: -0.24
              precision    recall  f1-score   support

           0       0.92      0.56      0.69       151
           1       0.58      0.93      0.71        99

    accuracy                           0.70       250
   macro avg       0.75      0.74      0.70       250
weighted avg       0.79      0.70      0.70       250

Caracteristiques les plus importantes:
Feature   Importance
   E120 7.660716e-02
   E371 4.560734e-02
   E142 4.347363e-02
   E141 3.679731e-02
   E118 3.423798e-02
   E190 3.179324e-02
   E198 3.011772e-02
     E5 2.994687e-02
   E419 2.824764e-02
   E167 2.712450e-02
   E183 2.487000e-02
   E370 2.464448e-02
     E1 2.443549e-02
   E374 2.364395e-02
   E103 2.169125e-02
   E137 1.980567e-02
   E229 1.956329e-02
   E184 1.940298e-02
   E340 1.745714e-02
   E346 1.698999e-02
   E330 1.685598e-02
   E242 1.574707e-02
   E213 1.529261e-02
   E372 1.525362e-02
   E306 1.524905e-02
   E216 1.473213e-02
   E339 1.403659e-02
   E353 1.363232e-02
   E332 1.312669e-02
   E200 1.262304e-02
   E102 1.260417e-02
   E384 1.233961e-02
    E12 1.230232e-02
   E140 1.222010e-02
   E174 1.079483e-02
   E352 1.070305e-02
    E17 1.036273e-02
   E413 9.596967e-03
   E172 9.351572e-03
   E485 9.252290e-03
   E114 9.167403e-03
   E452 7.880898e-03
   E442 7.616093e-03
   E260 7.380522e-03
   E456 7.348137e-03
   E115 5.706940e-03
   E307 5.270149e-03
   E462 4.072714e-03
   E290 3.922774e-03
   E186 3.856100e-03
   E149 3.788450e-03
   E451 3.253964e-03
   E487 3.186134e-03
   E133 3.035309e-03
   E400 2.753474e-03
   E122 2.535314e-03
   E321 2.473839e-03
   E482 2.434418e-03
   E386 2.334554e-03
   E288 2.323692e-03
   E388 2.307009e-03
   E354 2.223198e-03
   E136 2.171609e-03
    E18 2.119971e-03
   E382 2.097411e-03
   E245 1.982569e-03
   E221 1.894047e-03
    E15 1.773148e-03
   E268 1.618144e-03
   E507 1.572010e-03
   E116 1.468186e-03
   E313 1.415926e-03
   E296 1.411968e-03
   E314 1.346626e-03
   E338 1.333235e-03
   E188 1.233858e-03
   E207 1.158859e-03
   E383 1.136286e-03
   E421 1.024999e-03
   E294 1.004417e-03
   E211 9.812277e-04
   E318 9.370697e-04
   E491 9.221908e-04
   E364 9.032570e-04
   E385 8.912960e-04
   E470 8.725285e-04
   E468 8.722704e-04
   E208 8.311098e-04
   E129 8.012433e-04
   E380 7.962555e-04
    E10 7.178129e-04
     E9 7.115927e-04
   E244 6.701181e-04
   E490 6.556441e-04
   E150 6.280389e-04
   E489 6.016077e-04
   E488 5.976081e-04
   E397 5.208659e-04
   E396 5.103309e-04
   E112 5.097466e-04
   E280 5.093113e-04
   E403 4.884965e-04
   E412 4.872988e-04
   E180 4.844904e-04
   E178 4.653559e-04
   E201 4.425059e-04
   E308 4.280105e-04
   E156 4.117181e-04
   E335 3.937383e-04
   E217 3.574854e-04
     E6 3.448673e-04
   E334 3.215173e-04
     E7 2.986730e-04
   E241 2.922520e-04
   E131 2.526198e-04
   E379 2.454549e-04
   E350 2.368760e-04
   E144 2.307546e-04
   E433 2.157852e-04
   E105 2.082446e-04
   E107 2.031063e-04
   E237 1.882385e-04
   E351 1.873270e-04
   E497 1.826467e-04
   E218 1.776149e-04
   E238 1.768296e-04
   E284 1.733904e-04
   E309 1.722186e-04
   E109 1.719865e-04
   E446 1.674804e-04
   E106 1.591830e-04
   E292 1.364949e-04
   E361 1.096511e-04
   E291 1.067719e-04
   E464 9.522521e-05
   E430 8.868719e-05
   E475 8.692522e-05
   E471 6.771582e-05
   E134 4.823389e-05
   E484 2.714641e-05
   E445 2.630498e-05
   E135 2.068326e-05
   E274 1.011069e-05
   E377 1.641436e-08
   E297 1.614419e-08
   E239 1.451494e-08
   E281 4.390159e-09
   E266 1.226845e-09
    E87 0.000000e+00
    E67 0.000000e+00
   E272 0.000000e+00
    E86 0.000000e+00
    E85 0.000000e+00
    E60 0.000000e+00
    E64 0.000000e+00
    E61 0.000000e+00
    E62 0.000000e+00
    E63 0.000000e+00
    E68 0.000000e+00
    E69 0.000000e+00
    E70 0.000000e+00
    E71 0.000000e+00
    E72 0.000000e+00
    E65 0.000000e+00
    E66 0.000000e+00
    E80 0.000000e+00
    E29 0.000000e+00
   E287 0.000000e+00
   E286 0.000000e+00
   E285 0.000000e+00
   E283 0.000000e+00
   E282 0.000000e+00
   E279 0.000000e+00
   E298 0.000000e+00
   E301 0.000000e+00
   E302 0.000000e+00
    E21 0.000000e+00
    E22 0.000000e+00
   E222 0.000000e+00
   E223 0.000000e+00
   E300 0.000000e+00
    E30 0.000000e+00
   E225 0.000000e+00
   E226 0.000000e+00
    E23 0.000000e+00
   E234 0.000000e+00
    E31 0.000000e+00
   E310 0.000000e+00
   E311 0.000000e+00
    E32 0.000000e+00
   E322 0.000000e+00
   E323 0.000000e+00
   E324 0.000000e+00
   E325 0.000000e+00
   E327 0.000000e+00
   E328 0.000000e+00
   E224 0.000000e+00
   E295 0.000000e+00
   E336 0.000000e+00
    E33 0.000000e+00
   E342 0.000000e+00
   E337 0.000000e+00
    E35 0.000000e+00
   E191 0.000000e+00
   E192 0.000000e+00
    E34 0.000000e+00
   E193 0.000000e+00
   E194 0.000000e+00
    E20 0.000000e+00
   E195 0.000000e+00
   E202 0.000000e+00
   E203 0.000000e+00
   E204 0.000000e+00
   E343 0.000000e+00
   E205 0.000000e+00
   E271 0.000000e+00
    E73 0.000000e+00
   E273 0.000000e+00
   E277 0.000000e+00
   E278 0.000000e+00
   E275 0.000000e+00
   E276 0.000000e+00
    E28 0.000000e+00
    E81 0.000000e+00
    E82 0.000000e+00
    E83 0.000000e+00
    E84 0.000000e+00
   E108 0.000000e+00
    E79 0.000000e+00
     E8 0.000000e+00
   E263 0.000000e+00
   E262 0.000000e+00
   E261 0.000000e+00
    E26 0.000000e+00
   E252 0.000000e+00
   E251 0.000000e+00
   E250 0.000000e+00
    E25 0.000000e+00
   E249 0.000000e+00
   E363 0.000000e+00
   E362 0.000000e+00
    E36 0.000000e+00
   E357 0.000000e+00
   E358 0.000000e+00
   E356 0.000000e+00
   E265 0.000000e+00
   E378 0.000000e+00
    E38 0.000000e+00
    E39 0.000000e+00
   E391 0.000000e+00
   E392 0.000000e+00
   E393 0.000000e+00
   E394 0.000000e+00
   E264 0.000000e+00
    E37 0.000000e+00
   E165 0.000000e+00
   E176 0.000000e+00
   E175 0.000000e+00
   E269 0.000000e+00
    E27 0.000000e+00
   E270 0.000000e+00
   E267 0.000000e+00
    E41 0.000000e+00
   E409 0.000000e+00
   E408 0.000000e+00
   E406 0.000000e+00
    E42 0.000000e+00
   E410 0.000000e+00
   E416 0.000000e+00
   E411 0.000000e+00
   E427 0.000000e+00
   E429 0.000000e+00
    E43 0.000000e+00
   E432 0.000000e+00
   E145 0.000000e+00
   E425 0.000000e+00
   E426 0.000000e+00
   E417 0.000000e+00
   E159 0.000000e+00
   E147 0.000000e+00
   E146 0.000000e+00
    E16 0.000000e+00
   E163 0.000000e+00
   E160 0.000000e+00
   E161 0.000000e+00
   E395 0.000000e+00
   E398 0.000000e+00
   E399 0.000000e+00
    E40 0.000000e+00
   E405 0.000000e+00
   E177 0.000000e+00
    E19 0.000000e+00
   E373 0.000000e+00
   E376 0.000000e+00
    E46 0.000000e+00
    E45 0.000000e+00
    E44 0.000000e+00
   E441 0.000000e+00
   E439 0.000000e+00
   E164 0.000000e+00
   E437 0.000000e+00
   E438 0.000000e+00
   E162 0.000000e+00
    E88 0.000000e+00
   E123 0.000000e+00
    E47 0.000000e+00
   E472 0.000000e+00
    E48 0.000000e+00
   E486 0.000000e+00
    E49 0.000000e+00
   E236 0.000000e+00
   E235 0.000000e+00
    E92 0.000000e+00
    E91 0.000000e+00
    E90 0.000000e+00
    E89 0.000000e+00
   E247 0.000000e+00
    E24 0.000000e+00
   E125 0.000000e+00
   E124 0.000000e+00
   E248 0.000000e+00
   E127 0.000000e+00
   E126 0.000000e+00
    E14 0.000000e+00
   E496 0.000000e+00
   E499 0.000000e+00
    E50 0.000000e+00
   E500 0.000000e+00
   E501 0.000000e+00
   E503 0.000000e+00
   E505 0.000000e+00
   E508 0.000000e+00
    E51 0.000000e+00
   E511 0.000000e+00
   E512 0.000000e+00
   E513 0.000000e+00
   E515 0.000000e+00
   E517 0.000000e+00
   E518 0.000000e+00
    E52 0.000000e+00
    E53 0.000000e+00
    E54 0.000000e+00
    E55 0.000000e+00
    E56 0.000000e+00
    E57 0.000000e+00
    E58 0.000000e+00
    E59 0.000000e+00
    E74 0.000000e+00
    E75 0.000000e+00
    E76 0.000000e+00
    E77 0.000000e+00
    E78 0.000000e+00
    E93 0.000000e+00
    E94 0.000000e+00
    E95 0.000000e+00
    E96 0.000000e+00
    E97 0.000000e+00
    E99 0.000000e+00
------------------------------------

