Train data size: 80, Validation size: 0, Test size: 20

./BGL_Brain_results/BGL_10min_1_alarm_occurences_matrix_preprocessed.csv

Data sample 0 - Start index: 0, End index: 1251, Chunk size: 1251

------------------------------------
--- Linear Regression Classifier - TEST DATA ---

Size of test set: 250
Size of predicted set: 250

Number of estimators: -1
Randomize value: 55

Unique classes in TESTS\VALIDATION set: [0 1]
Unique classes in PREDICTED set: [0 1]

Accuracy: 0.8360
Recall: 0.62
AUC: 0.80
Mean Absolute Error (MAE): 0.16
R-squared: 0.31
              precision    recall  f1-score   support

           0       0.80      0.98      0.88       151
           1       0.95      0.62      0.75        99

    accuracy                           0.84       250
   macro avg       0.87      0.80      0.81       250
weighted avg       0.86      0.84      0.83       250

Feature 0 (E1): Coefficient = 0.7197
Feature 1 (E10): Coefficient = 0.0737
Feature 2 (E102): Coefficient = 0.7240
Feature 3 (E103): Coefficient = 0.7060
Feature 4 (E105): Coefficient = 0.0470
Feature 5 (E106): Coefficient = 0.0441
Feature 6 (E107): Coefficient = 0.0441
Feature 7 (E108): Coefficient = 0.0441
Feature 8 (E109): Coefficient = 0.0441
Feature 9 (E112): Coefficient = 0.0761
Feature 10 (E114): Coefficient = -0.0813
Feature 11 (E115): Coefficient = -0.0408
Feature 12 (E116): Coefficient = -0.0272
Feature 13 (E118): Coefficient = -0.7122
Feature 14 (E12): Coefficient = -0.1521
Feature 15 (E120): Coefficient = -0.0209
Feature 16 (E122): Coefficient = -0.0136
Feature 17 (E123): Coefficient = 0.0000
Feature 18 (E124): Coefficient = 0.0000
Feature 19 (E125): Coefficient = 0.0000
Feature 20 (E126): Coefficient = 0.0000
Feature 21 (E127): Coefficient = 0.0000
Feature 22 (E129): Coefficient = 0.0525
Feature 23 (E131): Coefficient = 0.0266
Feature 24 (E133): Coefficient = 0.0942
Feature 25 (E134): Coefficient = -0.0312
Feature 26 (E135): Coefficient = -0.0018
Feature 27 (E136): Coefficient = -0.5041
Feature 28 (E137): Coefficient = -0.2273
Feature 29 (E14): Coefficient = 0.0035
Feature 30 (E140): Coefficient = 0.5692
Feature 31 (E141): Coefficient = 0.7277
Feature 32 (E142): Coefficient = 0.7332
Feature 33 (E144): Coefficient = 0.0470
Feature 34 (E145): Coefficient = 0.0441
Feature 35 (E146): Coefficient = 0.0441
Feature 36 (E147): Coefficient = 0.0441
Feature 37 (E149): Coefficient = -0.0149
Feature 38 (E15): Coefficient = -0.0382
Feature 39 (E150): Coefficient = 0.0737
Feature 40 (E156): Coefficient = -0.0144
Feature 41 (E159): Coefficient = 0.0000
Feature 42 (E16): Coefficient = 0.0000
Feature 43 (E160): Coefficient = 0.0000
Feature 44 (E161): Coefficient = 0.0000
Feature 45 (E162): Coefficient = 0.0000
Feature 46 (E163): Coefficient = 0.0000
Feature 47 (E164): Coefficient = 0.0000
Feature 48 (E165): Coefficient = 0.0000
Feature 49 (E167): Coefficient = 0.7764
Feature 50 (E17): Coefficient = -0.7723
Feature 51 (E172): Coefficient = 0.6819
Feature 52 (E174): Coefficient = 0.0756
Feature 53 (E175): Coefficient = 0.0470
Feature 54 (E176): Coefficient = 0.0441
Feature 55 (E177): Coefficient = 0.0441
Feature 56 (E178): Coefficient = 0.0200
Feature 57 (E18): Coefficient = -0.0136
Feature 58 (E180): Coefficient = 0.1100
Feature 59 (E183): Coefficient = -0.0492
Feature 60 (E184): Coefficient = -0.9668
Feature 61 (E186): Coefficient = -0.0272
Feature 62 (E188): Coefficient = -0.0272
Feature 63 (E19): Coefficient = 0.0000
Feature 64 (E190): Coefficient = -0.0019
Feature 65 (E191): Coefficient = 0.0000
Feature 66 (E192): Coefficient = 0.0000
Feature 67 (E193): Coefficient = 0.0000
Feature 68 (E194): Coefficient = 0.0000
Feature 69 (E195): Coefficient = 0.0000
Feature 70 (E198): Coefficient = 0.7250
Feature 71 (E20): Coefficient = 0.0000
Feature 72 (E200): Coefficient = -0.7043
Feature 73 (E201): Coefficient = 0.0470
Feature 74 (E202): Coefficient = 0.0470
Feature 75 (E203): Coefficient = 0.0441
Feature 76 (E204): Coefficient = 0.0441
Feature 77 (E205): Coefficient = 0.0441
Feature 78 (E207): Coefficient = 0.0819
Feature 79 (E208): Coefficient = 0.0737
Feature 80 (E21): Coefficient = 0.0000
Feature 81 (E211): Coefficient = -0.0404
Feature 82 (E213): Coefficient = -0.1476
Feature 83 (E216): Coefficient = -0.1726
Feature 84 (E217): Coefficient = -0.1260
Feature 85 (E218): Coefficient = -0.0144
Feature 86 (E22): Coefficient = 0.0000
Feature 87 (E221): Coefficient = -0.4252
Feature 88 (E222): Coefficient = 0.0000
Feature 89 (E223): Coefficient = 0.0000
Feature 90 (E224): Coefficient = 0.0000
Feature 91 (E225): Coefficient = 0.0000
Feature 92 (E226): Coefficient = 0.0000
Feature 93 (E229): Coefficient = 0.7422
Feature 94 (E23): Coefficient = 0.0000
Feature 95 (E234): Coefficient = 0.0470
Feature 96 (E235): Coefficient = 0.0441
Feature 97 (E236): Coefficient = 0.0441
Feature 98 (E237): Coefficient = 0.0441
Feature 99 (E238): Coefficient = 0.0441
Feature 100 (E239): Coefficient = 0.0441
Feature 101 (E24): Coefficient = 0.0000
Feature 102 (E241): Coefficient = -0.0134
Feature 103 (E242): Coefficient = -1.0711
Feature 104 (E244): Coefficient = -0.0122
Feature 105 (E245): Coefficient = -0.0454
Feature 106 (E247): Coefficient = 0.0000
Feature 107 (E248): Coefficient = 0.0000
Feature 108 (E249): Coefficient = 0.0000
Feature 109 (E25): Coefficient = 0.0000
Feature 110 (E250): Coefficient = 0.0000
Feature 111 (E251): Coefficient = 0.0000
Feature 112 (E252): Coefficient = 0.0000
Feature 113 (E26): Coefficient = 0.0000
Feature 114 (E260): Coefficient = 0.3884
Feature 115 (E261): Coefficient = 0.0030
Feature 116 (E262): Coefficient = 0.0029
Feature 117 (E263): Coefficient = 0.0030
Feature 118 (E264): Coefficient = 0.0029
Feature 119 (E265): Coefficient = 0.0029
Feature 120 (E266): Coefficient = 0.0029
Feature 121 (E267): Coefficient = 0.0030
Feature 122 (E268): Coefficient = 0.1341
Feature 123 (E269): Coefficient = 0.0025
Feature 124 (E27): Coefficient = 0.0000
Feature 125 (E270): Coefficient = 0.0029
Feature 126 (E271): Coefficient = 0.0060
Feature 127 (E272): Coefficient = 0.0029
Feature 128 (E273): Coefficient = 0.0003
Feature 129 (E274): Coefficient = 0.0013
Feature 130 (E275): Coefficient = 0.0033
Feature 131 (E276): Coefficient = 0.0050
Feature 132 (E277): Coefficient = 0.0026
Feature 133 (E278): Coefficient = 0.0011
Feature 134 (E279): Coefficient = 0.0000
Feature 135 (E28): Coefficient = 0.0000
Feature 136 (E280): Coefficient = 0.0528
Feature 137 (E281): Coefficient = 0.0029
Feature 138 (E282): Coefficient = 0.0056
Feature 139 (E283): Coefficient = 0.0441
Feature 140 (E284): Coefficient = 0.0441
Feature 141 (E285): Coefficient = 0.0030
Feature 142 (E286): Coefficient = 0.0029
Feature 143 (E287): Coefficient = 0.0050
Feature 144 (E288): Coefficient = -0.0136
Feature 145 (E29): Coefficient = 0.0000
Feature 146 (E290): Coefficient = 0.0914
Feature 147 (E291): Coefficient = 0.0029
Feature 148 (E292): Coefficient = 0.0029
Feature 149 (E294): Coefficient = -0.0139
Feature 150 (E295): Coefficient = 0.0000
Feature 151 (E296): Coefficient = -0.2670
Feature 152 (E297): Coefficient = 0.0058
Feature 153 (E298): Coefficient = 0.0060
Feature 154 (E30): Coefficient = 0.0000
Feature 155 (E300): Coefficient = 0.0050
Feature 156 (E301): Coefficient = 0.0000
Feature 157 (E302): Coefficient = 0.0000
Feature 158 (E306): Coefficient = 0.6889
Feature 159 (E307): Coefficient = 0.1544
Feature 160 (E308): Coefficient = 0.0470
Feature 161 (E309): Coefficient = 0.0470
Feature 162 (E31): Coefficient = 0.0000
Feature 163 (E310): Coefficient = 0.0470
Feature 164 (E311): Coefficient = 0.0441
Feature 165 (E313): Coefficient = 0.0761
Feature 166 (E314): Coefficient = 0.0737
Feature 167 (E318): Coefficient = -0.1560
Feature 168 (E32): Coefficient = 0.0000
Feature 169 (E321): Coefficient = -0.0674
Feature 170 (E322): Coefficient = 0.0000
Feature 171 (E323): Coefficient = 0.0000
Feature 172 (E324): Coefficient = 0.0000
Feature 173 (E325): Coefficient = 0.0000
Feature 174 (E327): Coefficient = 0.0000
Feature 175 (E328): Coefficient = 0.0000
Feature 176 (E33): Coefficient = 0.0000
Feature 177 (E330): Coefficient = 0.7332
Feature 178 (E332): Coefficient = 0.6888
Feature 179 (E334): Coefficient = 0.0470
Feature 180 (E335): Coefficient = 0.0470
Feature 181 (E336): Coefficient = 0.0441
Feature 182 (E337): Coefficient = 0.0441
Feature 183 (E338): Coefficient = 0.1101
Feature 184 (E339): Coefficient = -0.8426
Feature 185 (E34): Coefficient = 0.0000
Feature 186 (E340): Coefficient = -0.1876
Feature 187 (E342): Coefficient = 0.0000
Feature 188 (E343): Coefficient = 0.0000
Feature 189 (E346): Coefficient = 0.4961
Feature 190 (E35): Coefficient = 0.0000
Feature 191 (E350): Coefficient = 0.0882
Feature 192 (E351): Coefficient = 0.0441
Feature 193 (E352): Coefficient = -0.1411
Feature 194 (E353): Coefficient = -0.0784
Feature 195 (E354): Coefficient = 0.0786
Feature 196 (E356): Coefficient = 0.0000
Feature 197 (E357): Coefficient = 0.0000
Feature 198 (E358): Coefficient = 0.0000
Feature 199 (E36): Coefficient = 0.0000
Feature 200 (E361): Coefficient = 0.0441
Feature 201 (E362): Coefficient = 0.0441
Feature 202 (E363): Coefficient = 0.0441
Feature 203 (E364): Coefficient = 0.0525
Feature 204 (E37): Coefficient = 0.0000
Feature 205 (E370): Coefficient = -0.6227
Feature 206 (E371): Coefficient = -0.0080
Feature 207 (E372): Coefficient = -0.9324
Feature 208 (E373): Coefficient = 0.0000
Feature 209 (E374): Coefficient = 0.7580
Feature 210 (E376): Coefficient = 0.0470
Feature 211 (E377): Coefficient = 0.0470
Feature 212 (E378): Coefficient = 0.0441
Feature 213 (E379): Coefficient = 0.1322
Feature 214 (E38): Coefficient = 0.0000
Feature 215 (E380): Coefficient = 0.0737
Feature 216 (E382): Coefficient = -0.4407
Feature 217 (E383): Coefficient = -0.0382
Feature 218 (E384): Coefficient = -0.1989
Feature 219 (E385): Coefficient = -0.3119
Feature 220 (E386): Coefficient = -0.0454
Feature 221 (E388): Coefficient = -0.0136
Feature 222 (E39): Coefficient = 0.0000
Feature 223 (E391): Coefficient = 0.0000
Feature 224 (E392): Coefficient = 0.0000
Feature 225 (E393): Coefficient = 0.0000
Feature 226 (E394): Coefficient = 0.0000
Feature 227 (E395): Coefficient = 0.0000
Feature 228 (E396): Coefficient = 0.0470
Feature 229 (E397): Coefficient = 0.0441
Feature 230 (E398): Coefficient = 0.0882
Feature 231 (E399): Coefficient = 0.0441
Feature 232 (E40): Coefficient = 0.0000
Feature 233 (E400): Coefficient = -0.1957
Feature 234 (E403): Coefficient = -0.0144
Feature 235 (E405): Coefficient = 0.0000
Feature 236 (E406): Coefficient = 0.0000
Feature 237 (E408): Coefficient = 0.0000
Feature 238 (E409): Coefficient = 0.0000
Feature 239 (E41): Coefficient = 0.0000
Feature 240 (E410): Coefficient = 0.0470
Feature 241 (E411): Coefficient = 0.0441
Feature 242 (E412): Coefficient = 0.0761
Feature 243 (E413): Coefficient = -0.0091
Feature 244 (E416): Coefficient = 0.0176
Feature 245 (E417): Coefficient = 0.0176
Feature 246 (E419): Coefficient = 0.0009
Feature 247 (E42): Coefficient = 0.0000
Feature 248 (E421): Coefficient = 0.1764
Feature 249 (E425): Coefficient = 0.0000
Feature 250 (E426): Coefficient = 0.0000
Feature 251 (E427): Coefficient = 0.0000
Feature 252 (E429): Coefficient = 0.0441
Feature 253 (E43): Coefficient = 0.0000
Feature 254 (E430): Coefficient = 0.0441
Feature 255 (E432): Coefficient = 0.0176
Feature 256 (E433): Coefficient = -0.1733
Feature 257 (E437): Coefficient = 0.0000
Feature 258 (E438): Coefficient = 0.0000
Feature 259 (E439): Coefficient = 0.0000
Feature 260 (E44): Coefficient = 0.0000
Feature 261 (E441): Coefficient = 0.0441
Feature 262 (E442): Coefficient = -0.4991
Feature 263 (E445): Coefficient = -0.1185
Feature 264 (E446): Coefficient = -0.0219
Feature 265 (E45): Coefficient = 0.0000
Feature 266 (E451): Coefficient = -0.4748
Feature 267 (E452): Coefficient = 0.2092
Feature 268 (E456): Coefficient = 0.0084
Feature 269 (E46): Coefficient = 0.0000
Feature 270 (E462): Coefficient = -0.0139
Feature 271 (E464): Coefficient = -0.0395
Feature 272 (E468): Coefficient = 0.0198
Feature 273 (E47): Coefficient = 0.0000
Feature 274 (E470): Coefficient = -0.4918
Feature 275 (E471): Coefficient = -0.0176
Feature 276 (E472): Coefficient = 0.0000
Feature 277 (E475): Coefficient = -0.1010
Feature 278 (E48): Coefficient = 0.0000
Feature 279 (E482): Coefficient = 0.1156
Feature 280 (E484): Coefficient = -0.1800
Feature 281 (E485): Coefficient = -0.0473
Feature 282 (E486): Coefficient = 0.0000
Feature 283 (E487): Coefficient = 0.0097
Feature 284 (E488): Coefficient = -0.0136
Feature 285 (E489): Coefficient = -0.0219
Feature 286 (E49): Coefficient = 0.0000
Feature 287 (E490): Coefficient = -0.1059
Feature 288 (E491): Coefficient = -0.0136
Feature 289 (E496): Coefficient = 0.0000
Feature 290 (E497): Coefficient = -0.0044
Feature 291 (E499): Coefficient = 0.0000
Feature 292 (E5): Coefficient = 0.0019
Feature 293 (E50): Coefficient = 0.0000
Feature 294 (E500): Coefficient = 0.0000
Feature 295 (E501): Coefficient = 0.0000
Feature 296 (E503): Coefficient = 0.0000
Feature 297 (E505): Coefficient = 0.0000
Feature 298 (E507): Coefficient = -0.1882
Feature 299 (E508): Coefficient = 0.0000
Feature 300 (E51): Coefficient = 0.0000
Feature 301 (E511): Coefficient = 0.0000
Feature 302 (E512): Coefficient = 0.0000
Feature 303 (E513): Coefficient = 0.0000
Feature 304 (E515): Coefficient = 0.0000
Feature 305 (E517): Coefficient = 0.0000
Feature 306 (E518): Coefficient = 0.0000
Feature 307 (E52): Coefficient = 0.0000
Feature 308 (E53): Coefficient = 0.0000
Feature 309 (E54): Coefficient = 0.0000
Feature 310 (E55): Coefficient = 0.0000
Feature 311 (E56): Coefficient = 0.0000
Feature 312 (E57): Coefficient = 0.0000
Feature 313 (E58): Coefficient = 0.0000
Feature 314 (E59): Coefficient = 0.0000
Feature 315 (E6): Coefficient = 0.0470
Feature 316 (E60): Coefficient = 0.0000
Feature 317 (E61): Coefficient = 0.0000
Feature 318 (E62): Coefficient = 0.0000
Feature 319 (E63): Coefficient = 0.0000
Feature 320 (E64): Coefficient = 0.0000
Feature 321 (E65): Coefficient = 0.0000
Feature 322 (E66): Coefficient = 0.0000
Feature 323 (E67): Coefficient = 0.0000
Feature 324 (E68): Coefficient = 0.0000
Feature 325 (E69): Coefficient = 0.0000
Feature 326 (E7): Coefficient = 0.0911
Feature 327 (E70): Coefficient = 0.0000
Feature 328 (E71): Coefficient = 0.0000
Feature 329 (E72): Coefficient = 0.0000
Feature 330 (E73): Coefficient = 0.0000
Feature 331 (E74): Coefficient = 0.0000
Feature 332 (E75): Coefficient = 0.0000
Feature 333 (E76): Coefficient = 0.0000
Feature 334 (E77): Coefficient = 0.0000
Feature 335 (E78): Coefficient = 0.0000
Feature 336 (E79): Coefficient = 0.0000
Feature 337 (E8): Coefficient = 0.0441
Feature 338 (E80): Coefficient = 0.0000
Feature 339 (E81): Coefficient = 0.0000
Feature 340 (E82): Coefficient = 0.0000
Feature 341 (E83): Coefficient = 0.0000
Feature 342 (E84): Coefficient = 0.0000
Feature 343 (E85): Coefficient = 0.0000
Feature 344 (E86): Coefficient = 0.0000
Feature 345 (E87): Coefficient = 0.0000
Feature 346 (E88): Coefficient = 0.0000
Feature 347 (E89): Coefficient = 0.0000
Feature 348 (E9): Coefficient = 0.0761
Feature 349 (E90): Coefficient = 0.0000
Feature 350 (E91): Coefficient = 0.0000
Feature 351 (E92): Coefficient = 0.0000
Feature 352 (E93): Coefficient = 0.0000
Feature 353 (E94): Coefficient = 0.0000
Feature 354 (E95): Coefficient = 0.0000
Feature 355 (E96): Coefficient = 0.0000
Feature 356 (E97): Coefficient = 0.0000
Feature 357 (E99): Coefficient = 0.0000
------------------------------------

