Train data size: 80, Validation size: 0, Test size: 20

./BGL_Brain_results/BGL_10min_1_alarm_occurences_matrix_preprocessed_corr.csv

Data sample 0 - Start index: 0, End index: 1251, Chunk size: 1251

------------------------------------
--- Random Forest Classifier - TEST DATA - 0 ---

Size of test set: 250
Size of predicted set: 250

Number of estimators: 10
Randomize value: 55

Unique classes in TESTS\VALIDATION set: [0 1]
Unique classes in PREDICTED set: [0 1]

Accuracy: 0.7040
Recall: 0.93
AUC: 0.74
Mean Absolute Error (MAE): 0.30
R-squared: -0.24
              precision    recall  f1-score   support

           0       0.92      0.56      0.69       151
           1       0.58      0.93      0.71        99

    accuracy                           0.70       250
   macro avg       0.75      0.74      0.70       250
weighted avg       0.79      0.70      0.70       250

Caracteristiques les plus importantes:
Feature   Importance
     E1 1.429873e-01
   E120 8.435763e-02
   E374 6.645569e-02
   E371 5.548520e-02
   E172 4.585067e-02
     E5 4.052172e-02
   E118 3.529692e-02
   E419 3.394350e-02
   E190 2.996062e-02
   E184 2.247727e-02
   E370 2.172786e-02
   E340 2.156726e-02
   E183 2.024369e-02
   E260 1.814057e-02
   E137 1.746870e-02
   E213 1.643843e-02
   E242 1.630940e-02
   E216 1.539306e-02
   E413 1.485694e-02
   E442 1.439739e-02
   E339 1.430688e-02
   E353 1.400249e-02
   E384 1.384073e-02
   E200 1.350738e-02
   E174 1.199949e-02
   E352 1.199480e-02
    E12 1.189463e-02
   E114 1.137624e-02
    E17 1.084012e-02
   E140 1.024043e-02
   E307 1.000995e-02
   E456 9.825614e-03
   E452 9.228177e-03
   E221 8.475929e-03
   E245 8.378936e-03
   E133 7.232068e-03
    E15 7.125612e-03
   E115 6.890936e-03
   E290 5.882849e-03
   E136 5.730725e-03
   E116 5.279854e-03
   E354 4.934875e-03
   E186 4.601515e-03
   E149 3.638750e-03
   E386 3.067575e-03
    E18 3.025621e-03
   E318 2.664380e-03
   E122 2.636440e-03
   E211 2.590002e-03
   E382 2.478915e-03
   E288 2.465239e-03
   E400 2.464100e-03
   E488 2.389429e-03
   E321 2.319764e-03
     E8 2.134211e-03
   E388 2.120990e-03
   E421 2.044262e-03
   E180 1.547046e-03
    E10 1.348152e-03
   E468 1.261099e-03
   E507 1.163833e-03
   E112 1.073257e-03
   E268 7.877034e-04
   E433 7.837125e-04
   E105 5.381870e-04
   E445 4.835112e-04
   E178 4.387322e-04
   E244 4.191603e-04
   E271 4.083558e-04
   E134 3.460941e-04
   E217 3.202931e-04
   E131 3.019591e-04
   E156 2.983698e-04
   E403 2.828645e-04
   E241 2.662479e-04
   E218 2.649143e-04
   E135 5.575539e-05
   E285 2.317694e-05
   E276 2.294294e-05
   E286 1.152592e-05
   E265 1.138186e-05
   E266 8.188539e-06
   E275 5.300941e-06
   E274 3.197244e-06
   E277 1.854886e-06
   E272 9.271909e-07
   E262 8.877284e-07
   E287 7.812417e-07
   E273 7.299081e-07
    E14 3.941574e-08
   E298 3.090135e-08
   E270 1.126769e-08
   E267 9.481318e-09
   E261 5.761064e-09
   E263 3.414839e-09
   E123 0.000000e+00
   E226 0.000000e+00
   E297 0.000000e+00
   E295 0.000000e+00
   E281 0.000000e+00
   E279 0.000000e+00
   E278 0.000000e+00
   E250 0.000000e+00
   E264 0.000000e+00
   E269 0.000000e+00
   E251 0.000000e+00
   E252 0.000000e+00
   E162 0.000000e+00
   E163 0.000000e+00
   E165 0.000000e+00
   E164 0.000000e+00
   E195 0.000000e+00
    E31 0.000000e+00
   E395 0.000000e+00
    E39 0.000000e+00
    E40 0.000000e+00
    E38 0.000000e+00
   E328 0.000000e+00
    E34 0.000000e+00
    E35 0.000000e+00
    E36 0.000000e+00
   E302 0.000000e+00
   E327 0.000000e+00
    E46 0.000000e+00
    E45 0.000000e+00
    E49 0.000000e+00
   E486 0.000000e+00
    E50 0.000000e+00
    E47 0.000000e+00
   E508 0.000000e+00
    E52 0.000000e+00
    E57 0.000000e+00
    E55 0.000000e+00
    E70 0.000000e+00
    E77 0.000000e+00
    E78 0.000000e+00
    E63 0.000000e+00
    E79 0.000000e+00
    E81 0.000000e+00
    E82 0.000000e+00
    E83 0.000000e+00
    E87 0.000000e+00
    E88 0.000000e+00
    E93 0.000000e+00
    E97 0.000000e+00
------------------------------------

